[0;32m[INFO] Starting database security test runner[0m
[0;31m[ERROR] pg_prove is not installed. Install with: cpan TAP::Parser::SourceHandler::pgTAP[0m
[0;31m[ERROR] Missing dependencies. Please install them and try again.[0m
