TN:
SF:src/debug-unclaimed-shows.ts
FN:4,testUnclaimedShowsDataHandling
FNF:1
FNH:0
FNDA:0,testUnclaimedShowsDataHandling
DA:5,0
DA:7,0
DA:9,0
DA:10,0
DA:13,0
DA:14,0
DA:15,0
DA:18,0
DA:19,0
DA:22,0
DA:23,0
DA:24,0
DA:25,0
DA:26,0
DA:29,0
DA:30,0
DA:33,0
DA:35,0
DA:39,0
DA:41,0
DA:43,0
LF:21
LH:0
BRDA:14,0,0,0
BRDA:14,0,1,0
BRDA:15,1,0,0
BRDA:15,1,1,0
BRDA:18,2,0,0
BRDA:18,2,1,0
BRDA:25,3,0,0
BRDA:25,3,1,0
BRDA:26,4,0,0
BRDA:26,4,1,0
BRDA:29,5,0,0
BRDA:29,5,1,0
BRF:12
BRH:0
end_of_record
TN:
SF:src/supabase.ts
FN:65,(anonymous_0)
FN:78,(anonymous_1)
FN:91,(anonymous_2)
FNF:3
FNH:0
FNDA:0,(anonymous_0)
FNDA:0,(anonymous_1)
FNDA:0,(anonymous_2)
DA:6,0
DA:7,0
DA:15,0
DA:26,0
DA:28,0
DA:43,0
DA:56,0
DA:65,0
DA:66,0
DA:67,0
DA:69,0
DA:70,0
DA:78,0
DA:79,0
DA:80,0
DA:84,0
DA:91,0
DA:92,0
DA:100,0
LF:19
LH:0
BRDA:6,0,0,0
BRDA:6,0,1,0
BRDA:6,0,2,0
BRDA:7,1,0,0
BRDA:7,1,1,0
BRDA:7,1,2,0
BRDA:17,2,0,0
BRDA:17,2,1,0
BRDA:18,3,0,0
BRDA:18,3,1,0
BRDA:26,4,0,0
BRDA:26,4,1,0
BRDA:26,5,0,0
BRDA:26,5,1,0
BRDA:67,6,0,0
BRDA:67,6,1,0
BRDA:79,7,0,0
BRDA:79,7,1,0
BRF:18
BRH:0
end_of_record
TN:
SF:src/components/AddEditShowModal.tsx
FN:29,(anonymous_0)
FN:65,(anonymous_1)
FN:82,(anonymous_2)
FN:89,(anonymous_3)
FN:109,(anonymous_4)
FN:125,(anonymous_5)
FN:160,(anonymous_6)
FN:236,(anonymous_7)
FN:272,(anonymous_8)
FN:282,(anonymous_9)
FN:392,(anonymous_10)
FN:400,(anonymous_11)
FN:412,(anonymous_12)
FN:421,(anonymous_13)
FN:432,(anonymous_14)
FN:440,(anonymous_15)
FN:452,(anonymous_16)
FN:461,(anonymous_17)
FN:513,(anonymous_18)
FN:520,(anonymous_19)
FNF:20
FNH:0
FNDA:0,(anonymous_0)
FNDA:0,(anonymous_1)
FNDA:0,(anonymous_2)
FNDA:0,(anonymous_3)
FNDA:0,(anonymous_4)
FNDA:0,(anonymous_5)
FNDA:0,(anonymous_6)
FNDA:0,(anonymous_7)
FNDA:0,(anonymous_8)
FNDA:0,(anonymous_9)
FNDA:0,(anonymous_10)
FNDA:0,(anonymous_11)
FNDA:0,(anonymous_12)
FNDA:0,(anonymous_13)
FNDA:0,(anonymous_14)
FNDA:0,(anonymous_15)
FNDA:0,(anonymous_16)
FNDA:0,(anonymous_17)
FNDA:0,(anonymous_18)
FNDA:0,(anonymous_19)
DA:29,0
DA:37,0
DA:40,0
DA:41,0
DA:42,0
DA:43,0
DA:44,0
DA:45,0
DA:46,0
DA:47,0
DA:48,0
DA:49,0
DA:50,0
DA:53,0
DA:54,0
DA:55,0
DA:56,0
DA:57,0
DA:58,0
DA:61,0
DA:62,0
DA:65,0
DA:66,0
DA:67,0
DA:68,0
DA:69,0
DA:70,0
DA:71,0
DA:72,0
DA:73,0
DA:74,0
DA:77,0
DA:82,0
DA:83,0
DA:84,0
DA:89,0
DA:90,0
DA:91,0
DA:92,0
DA:93,0
DA:96,0
DA:97,0
DA:102,0
DA:104,0
DA:109,0
DA:110,0
DA:111,0
DA:112,0
DA:113,0
DA:114,0
DA:115,0
DA:116,0
DA:117,0
DA:118,0
DA:119,0
DA:120,0
DA:121,0
DA:125,0
DA:126,0
DA:128,0
DA:129,0
DA:132,0
DA:133,0
DA:136,0
DA:137,0
DA:140,0
DA:141,0
DA:144,0
DA:145,0
DA:148,0
DA:149,0
DA:150,0
DA:151,0
DA:155,0
DA:156,0
DA:160,0
DA:161,0
DA:162,0
DA:165,0
DA:166,0
DA:169,0
DA:180,0
DA:181,0
DA:185,0
DA:186,0
DA:187,0
DA:190,0
DA:193,0
DA:194,0
DA:195,0
DA:197,0
DA:198,0
DA:199,0
DA:200,0
DA:201,0
DA:202,0
DA:203,0
DA:204,0
DA:205,0
DA:206,0
DA:207,0
DA:208,0
DA:211,0
DA:219,0
DA:225,0
DA:228,0
DA:229,0
DA:231,0
DA:236,0
DA:237,0
DA:238,0
DA:239,0
DA:240,0
DA:241,0
DA:244,0
DA:245,0
DA:246,0
DA:247,0
DA:248,0
DA:249,0
DA:250,0
DA:251,0
DA:252,0
DA:253,0
DA:254,0
DA:255,0
DA:256,0
DA:257,0
DA:258,0
DA:259,0
DA:260,0
DA:261,0
DA:262,0
DA:263,0
DA:264,0
DA:265,0
DA:266,0
DA:272,0
DA:273,0
DA:282,0
DA:283,0
DA:290,0
DA:392,0
DA:400,0
DA:412,0
DA:421,0
DA:432,0
DA:440,0
DA:452,0
DA:461,0
DA:514,0
DA:520,0
DA:585,0
LF:153
LH:0
BRDA:66,0,0,0
BRDA:66,0,1,0
BRDA:66,1,0,0
BRDA:66,1,1,0
BRDA:68,2,0,0
BRDA:68,2,1,0
BRDA:74,3,0,0
BRDA:74,3,1,0
BRDA:83,4,0,0
BRDA:83,4,1,0
BRDA:83,5,0,0
BRDA:83,5,1,0
BRDA:96,6,0,0
BRDA:96,6,1,0
BRDA:96,7,0,0
BRDA:96,7,1,0
BRDA:128,8,0,0
BRDA:128,8,1,0
BRDA:132,9,0,0
BRDA:132,9,1,0
BRDA:136,10,0,0
BRDA:136,10,1,0
BRDA:140,11,0,0
BRDA:140,11,1,0
BRDA:140,12,0,0
BRDA:140,12,1,0
BRDA:144,13,0,0
BRDA:144,13,1,0
BRDA:148,14,0,0
BRDA:148,14,1,0
BRDA:150,15,0,0
BRDA:150,15,1,0
BRDA:150,16,0,0
BRDA:150,16,1,0
BRDA:150,16,2,0
BRDA:161,17,0,0
BRDA:161,17,1,0
BRDA:177,18,0,0
BRDA:177,18,1,0
BRDA:180,19,0,0
BRDA:180,19,1,0
BRDA:185,20,0,0
BRDA:185,20,1,0
BRDA:185,21,0,0
BRDA:185,21,1,0
BRDA:197,22,0,0
BRDA:197,22,1,0
BRDA:200,23,0,0
BRDA:200,23,1,0
BRDA:203,24,0,0
BRDA:203,24,1,0
BRDA:206,25,0,0
BRDA:206,25,1,0
BRDA:237,26,0,0
BRDA:237,26,1,0
BRDA:244,27,0,0
BRDA:244,27,1,0
BRDA:245,28,0,0
BRDA:245,28,1,0
BRDA:251,29,0,0
BRDA:251,29,1,0
BRDA:256,30,0,0
BRDA:256,30,1,0
BRDA:262,31,0,0
BRDA:262,31,1,0
BRDA:299,32,0,0
BRDA:299,32,1,0
BRDA:305,33,0,0
BRDA:305,33,1,0
BRDA:313,34,0,0
BRDA:313,34,1,0
BRDA:313,34,2,0
BRDA:315,35,0,0
BRDA:315,35,1,0
BRDA:317,36,0,0
BRDA:317,36,1,0
BRDA:334,37,0,0
BRDA:334,37,1,0
BRDA:339,38,0,0
BRDA:339,38,1,0
BRDA:362,39,0,0
BRDA:362,39,1,0
BRDA:367,40,0,0
BRDA:367,40,1,0
BRDA:376,41,0,0
BRDA:376,41,1,0
BRDA:381,42,0,0
BRDA:381,42,1,0
BRDA:407,43,0,0
BRDA:407,43,1,0
BRDA:416,44,0,0
BRDA:416,44,1,0
BRDA:447,45,0,0
BRDA:447,45,1,0
BRDA:456,46,0,0
BRDA:456,46,1,0
BRDA:465,47,0,0
BRDA:465,47,1,0
BRDA:474,48,0,0
BRDA:474,48,1,0
BRDA:480,49,0,0
BRDA:480,49,1,0
BRDA:497,50,0,0
BRDA:497,50,1,0
BRDA:497,50,2,0
BRDA:505,51,0,0
BRDA:505,51,1,0
BRDA:509,52,0,0
BRDA:509,52,1,0
BRDA:518,53,0,0
BRDA:518,53,1,0
BRDA:524,54,0,0
BRDA:524,54,1,0
BRDA:537,55,0,0
BRDA:537,55,1,0
BRDA:546,56,0,0
BRDA:546,56,1,0
BRDA:570,57,0,0
BRDA:570,57,1,0
BRDA:574,58,0,0
BRDA:574,58,1,0
BRF:121
BRH:0
end_of_record
TN:
SF:src/components/AttendeeWantLists.tsx
FN:34,(anonymous_0)
FN:55,(anonymous_1)
FN:111,(anonymous_2)
FN:128,(anonymous_3)
FN:133,(anonymous_4)
FN:139,(anonymous_5)
FN:145,(anonymous_6)
FN:150,(anonymous_7)
FN:157,(anonymous_8)
FN:190,(anonymous_9)
FN:209,(anonymous_10)
FN:239,(anonymous_11)
FN:258,(anonymous_12)
FN:261,(anonymous_13)
FN:281,(anonymous_14)
FN:300,(anonymous_15)
FN:328,(anonymous_16)
FNF:17
FNH:0
FNDA:0,(anonymous_0)
FNDA:0,(anonymous_1)
FNDA:0,(anonymous_2)
FNDA:0,(anonymous_3)
FNDA:0,(anonymous_4)
FNDA:0,(anonymous_5)
FNDA:0,(anonymous_6)
FNDA:0,(anonymous_7)
FNDA:0,(anonymous_8)
FNDA:0,(anonymous_9)
FNDA:0,(anonymous_10)
FNDA:0,(anonymous_11)
FNDA:0,(anonymous_12)
FNDA:0,(anonymous_13)
FNDA:0,(anonymous_14)
FNDA:0,(anonymous_15)
FNDA:0,(anonymous_16)
DA:34,0
DA:41,0
DA:42,0
DA:43,0
DA:44,0
DA:45,0
DA:48,0
DA:49,0
DA:50,0
DA:51,0
DA:52,0
DA:55,0
DA:61,0
DA:62,0
DA:63,0
DA:64,0
DA:65,0
DA:68,0
DA:73,0
DA:74,0
DA:81,0
DA:83,0
DA:89,0
DA:91,0
DA:98,0
DA:101,0
DA:102,0
DA:105,0
DA:106,0
DA:108,0
DA:111,0
DA:114,0
DA:115,0
DA:116,0
DA:119,0
DA:120,0
DA:122,0
DA:123,0
DA:128,0
DA:129,0
DA:133,0
DA:134,0
DA:135,0
DA:139,0
DA:140,0
DA:141,0
DA:145,0
DA:146,0
DA:150,0
DA:151,0
DA:152,0
DA:157,0
DA:158,0
DA:190,0
DA:191,0
DA:193,0
DA:209,0
DA:210,0
DA:240,0
DA:241,0
DA:258,0
DA:262,0
DA:281,0
DA:300,0
DA:301,0
DA:323,0
DA:328,0
DA:348,0
DA:350,0
LF:69
LH:0
BRDA:37,0,0,0
BRDA:56,1,0,0
BRDA:57,2,0,0
BRDA:58,3,0,0
BRDA:59,4,0,0
BRDA:62,5,0,0
BRDA:62,5,1,0
BRDA:64,6,0,0
BRDA:64,6,1,0
BRDA:64,7,0,0
BRDA:64,7,1,0
BRDA:73,8,0,0
BRDA:73,8,1,0
BRDA:81,9,0,0
BRDA:81,9,1,0
BRDA:89,10,0,0
BRDA:89,10,1,0
BRDA:101,11,0,0
BRDA:101,11,1,0
BRDA:105,12,0,0
BRDA:105,12,1,0
BRDA:106,13,0,0
BRDA:106,13,1,0
BRDA:106,14,0,0
BRDA:106,14,1,0
BRDA:120,15,0,0
BRDA:120,15,1,0
BRDA:140,16,0,0
BRDA:140,16,1,0
BRDA:141,17,0,0
BRDA:141,17,1,0
BRDA:151,18,0,0
BRDA:151,18,1,0
BRDA:151,19,0,0
BRDA:151,19,1,0
BRDA:164,20,0,0
BRDA:164,20,1,0
BRDA:165,21,0,0
BRDA:165,21,1,0
BRDA:191,22,0,0
BRDA:191,22,1,0
BRDA:198,23,0,0
BRDA:198,23,1,0
BRDA:200,24,0,0
BRDA:200,24,1,0
BRDA:215,25,0,0
BRDA:215,25,1,0
BRDA:220,26,0,0
BRDA:220,26,1,0
BRDA:237,27,0,0
BRDA:237,27,1,0
BRDA:251,28,0,0
BRDA:251,28,1,0
BRDA:256,29,0,0
BRDA:256,29,1,0
BRDA:275,30,0,0
BRDA:275,30,1,0
BRDA:289,31,0,0
BRDA:289,31,1,0
BRDA:289,32,0,0
BRDA:289,32,1,0
BRDA:304,33,0,0
BRDA:304,33,1,0
BRDA:312,34,0,0
BRDA:312,34,1,0
BRF:65
BRH:0
end_of_record
TN:
SF:src/components/CardDetailModal.tsx
FN:29,(anonymous_0)
FN:45,(anonymous_1)
FN:61,(anonymous_2)
FN:62,(anonymous_3)
FN:79,(anonymous_4)
FN:106,(anonymous_5)
FN:133,(anonymous_6)
FN:160,(anonymous_7)
FN:165,(anonymous_8)
FN:170,(anonymous_9)
FN:189,(anonymous_10)
FN:244,(anonymous_11)
FN:288,(anonymous_12)
FN:292,(anonymous_13)
FNF:14
FNH:0
FNDA:0,(anonymous_0)
FNDA:0,(anonymous_1)
FNDA:0,(anonymous_2)
FNDA:0,(anonymous_3)
FNDA:0,(anonymous_4)
FNDA:0,(anonymous_5)
FNDA:0,(anonymous_6)
FNDA:0,(anonymous_7)
FNDA:0,(anonymous_8)
FNDA:0,(anonymous_9)
FNDA:0,(anonymous_10)
FNDA:0,(anonymous_11)
FNDA:0,(anonymous_12)
FNDA:0,(anonymous_13)
DA:29,0
DA:37,0
DA:38,0
DA:39,0
DA:40,0
DA:41,0
DA:42,0
DA:45,0
DA:46,0
DA:47,0
DA:48,0
DA:49,0
DA:50,0
DA:53,0
DA:54,0
DA:55,0
DA:56,0
DA:61,0
DA:62,0
DA:63,0
DA:64,0
DA:65,0
DA:67,0
DA:68,0
DA:79,0
DA:80,0
DA:81,0
DA:82,0
DA:90,0
DA:91,0
DA:93,0
DA:94,0
DA:95,0
DA:96,0
DA:100,0
DA:101,0
DA:106,0
DA:107,0
DA:108,0
DA:109,0
DA:117,0
DA:118,0
DA:120,0
DA:121,0
DA:122,0
DA:123,0
DA:127,0
DA:128,0
DA:133,0
DA:134,0
DA:135,0
DA:136,0
DA:139,0
DA:140,0
DA:142,0
DA:149,0
DA:150,0
DA:151,0
DA:153,0
DA:154,0
DA:155,0
DA:160,0
DA:161,0
DA:165,0
DA:170,0
DA:189,0
DA:198,0
DA:244,0
DA:288,0
DA:293,0
DA:308,0
LF:71
LH:0
BRDA:34,0,0,0
BRDA:46,1,0,0
BRDA:46,1,1,0
BRDA:47,2,0,0
BRDA:47,2,1,0
BRDA:48,3,0,0
BRDA:48,3,1,0
BRDA:49,4,0,0
BRDA:49,4,1,0
BRDA:50,5,0,0
BRDA:50,5,1,0
BRDA:63,6,0,0
BRDA:63,6,1,0
BRDA:67,7,0,0
BRDA:67,7,1,0
BRDA:67,8,0,0
BRDA:67,8,1,0
BRDA:90,9,0,0
BRDA:90,9,1,0
BRDA:90,10,0,0
BRDA:90,10,1,0
BRDA:90,10,2,0
BRDA:93,11,0,0
BRDA:93,11,1,0
BRDA:95,12,0,0
BRDA:95,12,1,0
BRDA:117,13,0,0
BRDA:117,13,1,0
BRDA:117,14,0,0
BRDA:117,14,1,0
BRDA:117,14,2,0
BRDA:120,15,0,0
BRDA:120,15,1,0
BRDA:122,16,0,0
BRDA:122,16,1,0
BRDA:134,17,0,0
BRDA:134,17,1,0
BRDA:207,18,0,0
BRDA:207,18,1,0
BRDA:208,19,0,0
BRDA:208,19,1,0
BRDA:216,20,0,0
BRDA:216,20,1,0
BRDA:223,21,0,0
BRDA:223,21,1,0
BRDA:234,22,0,0
BRDA:234,22,1,0
BRDA:247,23,0,0
BRDA:247,23,1,0
BRF:49
BRH:0
end_of_record
TN:
SF:src/components/CardGrid.tsx
FN:23,(anonymous_0)
FN:43,(anonymous_1)
FN:49,(anonymous_2)
FN:50,(anonymous_3)
FN:56,(anonymous_4)
FN:97,(anonymous_5)
FNF:6
FNH:0
FNDA:0,(anonymous_0)
FNDA:0,(anonymous_1)
FNDA:0,(anonymous_2)
FNDA:0,(anonymous_3)
FNDA:0,(anonymous_4)
FNDA:0,(anonymous_5)
DA:23,0
DA:31,0
DA:32,0
DA:35,0
DA:36,0
DA:39,0
DA:40,0
DA:43,0
DA:45,0
DA:46,0
DA:49,0
DA:51,0
DA:56,0
DA:79,0
DA:93,0
DA:97,0
DA:125,0
LF:17
LH:0
BRDA:28,0,0,0
BRDA:45,1,0,0
BRDA:45,1,1,0
BRDA:67,2,0,0
BRDA:67,2,1,0
BRDA:97,3,0,0
BRDA:97,3,1,0
BRDA:103,4,0,0
BRDA:103,4,1,0
BRF:9
BRH:0
end_of_record
TN:
SF:src/components/ChatList.tsx
FN:23,(anonymous_0)
FN:32,(anonymous_1)
FN:60,(anonymous_2)
FN:66,(anonymous_3)
FN:68,(anonymous_4)
FN:90,(anonymous_5)
FN:145,(anonymous_6)
FN:159,(anonymous_7)
FN:170,(anonymous_8)
FN:190,(anonymous_9)
FNF:10
FNH:0
FNDA:0,(anonymous_0)
FNDA:0,(anonymous_1)
FNDA:0,(anonymous_2)
FNDA:0,(anonymous_3)
FNDA:0,(anonymous_4)
FNDA:0,(anonymous_5)
FNDA:0,(anonymous_6)
FNDA:0,(anonymous_7)
FNDA:0,(anonymous_8)
FNDA:0,(anonymous_9)
DA:23,0
DA:32,0
DA:33,0
DA:34,0
DA:37,0
DA:38,0
DA:42,0
DA:43,0
DA:44,0
DA:45,0
DA:49,0
DA:50,0
DA:51,0
DA:52,0
DA:56,0
DA:60,0
DA:61,0
DA:62,0
DA:66,0
DA:68,0
DA:69,0
DA:72,0
DA:73,0
DA:76,0
DA:79,0
DA:80,0
DA:84,0
DA:90,0
DA:145,0
DA:146,0
DA:159,0
DA:160,0
DA:170,0
DA:171,0
DA:178,0
DA:179,0
DA:182,0
DA:183,0
DA:186,0
DA:190,0
DA:201,0
LF:41
LH:0
BRDA:29,0,0,0
BRDA:37,1,0,0
BRDA:37,1,1,0
BRDA:44,2,0,0
BRDA:44,2,1,0
BRDA:51,3,0,0
BRDA:51,3,1,0
BRDA:61,4,0,0
BRDA:61,4,1,0
BRDA:62,5,0,0
BRDA:62,5,1,0
BRDA:72,6,0,0
BRDA:72,6,1,0
BRDA:76,7,0,0
BRDA:76,7,1,0
BRDA:79,8,0,0
BRDA:79,8,1,0
BRDA:80,9,0,0
BRDA:80,9,1,0
BRDA:88,10,0,0
BRDA:88,10,1,0
BRDA:93,11,0,0
BRDA:93,11,1,0
BRDA:102,12,0,0
BRDA:102,12,1,0
BRDA:111,13,0,0
BRDA:111,13,1,0
BRDA:124,14,0,0
BRDA:124,14,1,0
BRDA:131,15,0,0
BRDA:131,15,1,0
BRDA:134,16,0,0
BRDA:134,16,1,0
BRDA:178,17,0,0
BRDA:178,17,1,0
BRDA:178,18,0,0
BRDA:178,18,1,0
BRDA:178,18,2,0
BRDA:182,19,0,0
BRDA:182,19,1,0
BRDA:182,20,0,0
BRDA:182,20,1,0
BRDA:182,20,2,0
BRDA:195,21,0,0
BRDA:195,21,1,0
BRF:45
BRH:0
end_of_record
TN:
SF:src/components/ChatWindow.tsx
FN:47,(anonymous_0)
FN:74,(anonymous_1)
FN:78,(anonymous_2)
FN:94,(anonymous_3)
FN:100,(anonymous_4)
FN:101,(anonymous_5)
FN:103,(anonymous_6)
FN:122,(anonymous_7)
FN:125,(anonymous_8)
FN:150,(anonymous_9)
FN:157,(anonymous_10)
FN:175,(anonymous_11)
FN:186,(anonymous_12)
FN:223,(anonymous_13)
FN:237,(anonymous_14)
FN:241,(anonymous_15)
FN:241,(anonymous_16)
FN:269,(anonymous_17)
FN:280,(anonymous_18)
FN:289,(anonymous_19)
FN:302,(anonymous_20)
FN:308,(anonymous_21)
FN:311,(anonymous_22)
FN:319,(anonymous_23)
FN:323,(anonymous_24)
FN:350,(anonymous_25)
FN:352,(anonymous_26)
FN:414,(anonymous_27)
FN:420,(anonymous_28)
FN:429,(anonymous_29)
FN:441,(anonymous_30)
FN:449,(anonymous_31)
FN:460,(anonymous_32)
FN:490,(anonymous_33)
FN:492,(anonymous_34)
FN:495,(anonymous_35)
FNF:36
FNH:0
FNDA:0,(anonymous_0)
FNDA:0,(anonymous_1)
FNDA:0,(anonymous_2)
FNDA:0,(anonymous_3)
FNDA:0,(anonymous_4)
FNDA:0,(anonymous_5)
FNDA:0,(anonymous_6)
FNDA:0,(anonymous_7)
FNDA:0,(anonymous_8)
FNDA:0,(anonymous_9)
FNDA:0,(anonymous_10)
FNDA:0,(anonymous_11)
FNDA:0,(anonymous_12)
FNDA:0,(anonymous_13)
FNDA:0,(anonymous_14)
FNDA:0,(anonymous_15)
FNDA:0,(anonymous_16)
FNDA:0,(anonymous_17)
FNDA:0,(anonymous_18)
FNDA:0,(anonymous_19)
FNDA:0,(anonymous_20)
FNDA:0,(anonymous_21)
FNDA:0,(anonymous_22)
FNDA:0,(anonymous_23)
FNDA:0,(anonymous_24)
FNDA:0,(anonymous_25)
FNDA:0,(anonymous_26)
FNDA:0,(anonymous_27)
FNDA:0,(anonymous_28)
FNDA:0,(anonymous_29)
FNDA:0,(anonymous_30)
FNDA:0,(anonymous_31)
FNDA:0,(anonymous_32)
FNDA:0,(anonymous_33)
FNDA:0,(anonymous_34)
FNDA:0,(anonymous_35)
DA:47,0
DA:56,0
DA:57,0
DA:58,0
DA:59,0
DA:60,0
DA:61,0
DA:62,0
DA:63,0
DA:64,0
DA:67,0
DA:70,0
DA:71,0
DA:74,0
DA:75,0
DA:78,0
DA:79,0
DA:80,0
DA:82,0
DA:86,0
DA:89,0
DA:94,0
DA:95,0
DA:100,0
DA:101,0
DA:103,0
DA:104,0
DA:106,0
DA:109,0
DA:111,0
DA:114,0
DA:115,0
DA:120,0
DA:122,0
DA:125,0
DA:126,0
DA:145,0
DA:150,0
DA:153,0
DA:157,0
DA:158,0
DA:159,0
DA:160,0
DA:162,0
DA:164,0
DA:166,0
DA:167,0
DA:170,0
DA:171,0
DA:175,0
DA:177,0
DA:178,0
DA:180,0
DA:181,0
DA:186,0
DA:187,0
DA:190,0
DA:191,0
DA:194,0
DA:197,0
DA:199,0
DA:200,0
DA:202,0
DA:204,0
DA:207,0
DA:211,0
DA:212,0
DA:218,0
DA:220,0
DA:223,0
DA:226,0
DA:232,0
DA:237,0
DA:238,0
DA:241,0
DA:243,0
DA:244,0
DA:246,0
DA:249,0
DA:253,0
DA:254,0
DA:257,0
DA:260,0
DA:262,0
DA:263,0
DA:269,0
DA:270,0
DA:280,0
DA:281,0
DA:282,0
DA:283,0
DA:284,0
DA:289,0
DA:290,0
DA:291,0
DA:292,0
DA:294,0
DA:296,0
DA:297,0
DA:302,0
DA:303,0
DA:304,0
DA:308,0
DA:309,0
DA:311,0
DA:312,0
DA:313,0
DA:314,0
DA:316,0
DA:319,0
DA:323,0
DA:324,0
DA:325,0
DA:326,0
DA:327,0
DA:330,0
DA:331,0
DA:332,0
DA:333,0
DA:335,0
DA:342,0
DA:350,0
DA:351,0
DA:352,0
DA:354,0
DA:414,0
DA:415,0
DA:417,0
DA:421,0
DA:429,0
DA:441,0
DA:442,0
DA:449,0
DA:450,0
DA:460,0
DA:461,0
DA:468,0
DA:490,0
DA:493,0
DA:496,0
DA:568,0
LF:141
LH:0
BRDA:52,0,0,0
BRDA:53,1,0,0
BRDA:104,2,0,0
BRDA:104,2,1,0
BRDA:109,3,0,0
BRDA:109,3,1,0
BRDA:114,4,0,0
BRDA:114,4,1,0
BRDA:120,5,0,0
BRDA:120,5,1,0
BRDA:157,6,0,0
BRDA:159,7,0,0
BRDA:159,7,1,0
BRDA:170,8,0,0
BRDA:170,8,1,0
BRDA:178,9,0,0
BRDA:178,9,1,0
BRDA:187,10,0,0
BRDA:187,10,1,0
BRDA:187,11,0,0
BRDA:187,11,1,0
BRDA:202,12,0,0
BRDA:202,12,1,0
BRDA:202,13,0,0
BRDA:202,13,1,0
BRDA:211,14,0,0
BRDA:211,14,1,0
BRDA:244,15,0,0
BRDA:244,15,1,0
BRDA:244,16,0,0
BRDA:244,16,1,0
BRDA:253,17,0,0
BRDA:253,17,1,0
BRDA:262,18,0,0
BRDA:262,18,1,0
BRDA:281,19,0,0
BRDA:281,19,1,0
BRDA:281,20,0,0
BRDA:281,20,1,0
BRDA:296,21,0,0
BRDA:296,21,1,0
BRDA:313,22,0,0
BRDA:313,22,1,0
BRDA:330,23,0,0
BRDA:330,23,1,0
BRDA:332,24,0,0
BRDA:332,24,1,0
BRDA:338,25,0,0
BRDA:338,25,1,0
BRDA:352,26,0,0
BRDA:352,26,1,0
BRDA:357,27,0,0
BRDA:357,27,1,0
BRDA:359,28,0,0
BRDA:359,28,1,0
BRDA:359,28,2,0
BRDA:366,29,0,0
BRDA:366,29,1,0
BRDA:366,29,2,0
BRDA:369,30,0,0
BRDA:369,30,1,0
BRDA:369,30,2,0
BRDA:378,31,0,0
BRDA:378,31,1,0
BRDA:380,32,0,0
BRDA:380,32,1,0
BRDA:380,32,2,0
BRDA:382,33,0,0
BRDA:382,33,1,0
BRDA:382,33,2,0
BRDA:389,34,0,0
BRDA:389,34,1,0
BRDA:396,35,0,0
BRDA:396,35,1,0
BRDA:400,36,0,0
BRDA:400,36,1,0
BRDA:401,37,0,0
BRDA:401,37,1,0
BRDA:415,38,0,0
BRDA:415,38,1,0
BRDA:424,39,0,0
BRDA:424,39,1,0
BRDA:471,40,0,0
BRDA:471,40,1,0
BRDA:472,41,0,0
BRDA:472,41,1,0
BRDA:475,42,0,0
BRDA:475,42,1,0
BRDA:484,43,0,0
BRDA:484,43,1,0
BRDA:485,44,0,0
BRDA:485,44,1,0
BRDA:486,45,0,0
BRDA:486,45,1,0
BRDA:512,46,0,0
BRDA:512,46,1,0
BRDA:524,47,0,0
BRDA:524,47,1,0
BRDA:527,48,0,0
BRDA:527,48,1,0
BRDA:552,49,0,0
BRDA:552,49,1,0
BRDA:552,49,2,0
BRDA:555,50,0,0
BRDA:555,50,1,0
BRDA:557,51,0,0
BRDA:557,51,1,0
BRF:107
BRH:0
end_of_record
TN:
SF:src/components/DealerDetailModal.tsx
FN:23,(anonymous_0)
FN:34,(anonymous_1)
FN:39,(anonymous_2)
FNF:3
FNH:0
FNDA:0,(anonymous_0)
FNDA:0,(anonymous_1)
FNDA:0,(anonymous_2)
DA:23,0
DA:30,0
DA:31,0
DA:32,0
DA:34,0
DA:35,0
DA:36,0
DA:39,0
DA:40,0
DA:41,0
DA:42,0
DA:45,0
DA:52,0
DA:53,0
DA:54,0
DA:55,0
DA:56,0
DA:59,0
DA:61,0
DA:62,0
DA:63,0
DA:65,0
DA:69,0
DA:72,0
DA:183,0
LF:25
LH:0
BRDA:35,0,0,0
BRDA:35,0,1,0
BRDA:35,1,0,0
BRDA:35,1,1,0
BRDA:35,1,2,0
BRDA:52,2,0,0
BRDA:52,2,1,0
BRDA:62,3,0,0
BRDA:62,3,1,0
BRDA:87,4,0,0
BRDA:87,4,1,0
BRDA:89,5,0,0
BRDA:89,5,1,0
BRDA:91,6,0,0
BRDA:91,6,1,0
BRDA:97,7,0,0
BRDA:97,7,1,0
BRDA:105,8,0,0
BRDA:105,8,1,0
BRDA:113,9,0,0
BRDA:113,9,1,0
BRDA:121,10,0,0
BRDA:121,10,1,0
BRDA:125,11,0,0
BRDA:125,11,1,0
BRDA:125,11,2,0
BRDA:130,12,0,0
BRDA:130,12,1,0
BRDA:132,13,0,0
BRDA:132,13,1,0
BRDA:137,14,0,0
BRDA:137,14,1,0
BRDA:137,14,2,0
BRDA:142,15,0,0
BRDA:142,15,1,0
BRDA:144,16,0,0
BRDA:144,16,1,0
BRDA:151,17,0,0
BRDA:151,17,1,0
BRDA:153,18,0,0
BRDA:153,18,1,0
BRDA:157,19,0,0
BRDA:157,19,1,0
BRDA:163,20,0,0
BRDA:163,20,1,0
BRDA:165,21,0,0
BRDA:165,21,1,0
BRDA:169,22,0,0
BRDA:169,22,1,0
BRF:49
BRH:0
end_of_record
TN:
SF:src/components/FilterChips.tsx
FN:22,(anonymous_0)
FN:35,(anonymous_1)
FN:45,(anonymous_2)
FN:83,(anonymous_3)
FN:94,(anonymous_4)
FN:120,(anonymous_5)
FN:124,(anonymous_6)
FNF:7
FNH:0
FNDA:0,(anonymous_0)
FNDA:0,(anonymous_1)
FNDA:0,(anonymous_2)
FNDA:0,(anonymous_3)
FNDA:0,(anonymous_4)
FNDA:0,(anonymous_5)
FNDA:0,(anonymous_6)
DA:13,0
DA:14,0
DA:22,0
DA:28,0
DA:35,0
DA:36,0
DA:37,0
DA:38,0
DA:45,0
DA:46,0
DA:49,0
DA:50,0
DA:57,0
DA:65,0
DA:66,0
DA:67,0
DA:74,0
DA:75,0
DA:82,0
DA:83,0
DA:84,0
DA:93,0
DA:94,0
DA:95,0
DA:103,0
DA:106,0
DA:109,0
DA:110,0
DA:113,0
DA:121,0
DA:124,0
DA:138,0
LF:32
LH:0
BRDA:36,0,0,0
BRDA:36,0,1,0
BRDA:49,1,0,0
BRDA:49,1,1,0
BRDA:49,2,0,0
BRDA:49,2,1,0
BRDA:57,3,0,0
BRDA:57,3,1,0
BRDA:58,4,0,0
BRDA:58,4,1,0
BRDA:58,4,2,0
BRDA:58,4,3,0
BRDA:65,5,0,0
BRDA:65,5,1,0
BRDA:66,6,0,0
BRDA:66,6,1,0
BRDA:74,7,0,0
BRDA:74,7,1,0
BRDA:82,8,0,0
BRDA:82,8,1,0
BRDA:82,9,0,0
BRDA:82,9,1,0
BRDA:93,10,0,0
BRDA:93,10,1,0
BRDA:93,11,0,0
BRDA:93,11,1,0
BRDA:109,12,0,0
BRDA:109,12,1,0
BRDA:122,13,0,0
BRDA:122,13,1,0
BRF:30
BRH:0
end_of_record
TN:
SF:src/components/FilterPresetModal.tsx
FN:38,(anonymous_0)
FN:53,(anonymous_1)
FN:68,(anonymous_2)
FN:84,(anonymous_3)
FN:101,(anonymous_4)
FN:116,(anonymous_5)
FN:158,(anonymous_6)
FN:171,(anonymous_7)
FN:189,(anonymous_8)
FN:205,(anonymous_9)
FN:211,(anonymous_10)
FN:215,(anonymous_11)
FN:229,(anonymous_12)
FN:237,(anonymous_13)
FN:311,(anonymous_14)
FNF:15
FNH:0
FNDA:0,(anonymous_0)
FNDA:0,(anonymous_1)
FNDA:0,(anonymous_2)
FNDA:0,(anonymous_3)
FNDA:0,(anonymous_4)
FNDA:0,(anonymous_5)
FNDA:0,(anonymous_6)
FNDA:0,(anonymous_7)
FNDA:0,(anonymous_8)
FNDA:0,(anonymous_9)
FNDA:0,(anonymous_10)
FNDA:0,(anonymous_11)
FNDA:0,(anonymous_12)
FNDA:0,(anonymous_13)
FNDA:0,(anonymous_14)
DA:27,0
DA:28,0
DA:38,0
DA:46,0
DA:47,0
DA:48,0
DA:49,0
DA:50,0
DA:53,0
DA:54,0
DA:57,0
DA:58,0
DA:59,0
DA:60,0
DA:64,0
DA:68,0
DA:69,0
DA:70,0
DA:71,0
DA:72,0
DA:73,0
DA:74,0
DA:76,0
DA:77,0
DA:79,0
DA:84,0
DA:85,0
DA:86,0
DA:87,0
DA:90,0
DA:91,0
DA:92,0
DA:95,0
DA:96,0
DA:97,0
DA:100,0
DA:101,0
DA:104,0
DA:106,0
DA:118,0
DA:123,0
DA:124,0
DA:125,0
DA:126,0
DA:132,0
DA:133,0
DA:137,0
DA:144,0
DA:145,0
DA:146,0
DA:147,0
DA:150,0
DA:151,0
DA:153,0
DA:158,0
DA:159,0
DA:160,0
DA:172,0
DA:173,0
DA:174,0
DA:175,0
DA:177,0
DA:178,0
DA:180,0
DA:189,0
DA:190,0
DA:191,0
DA:192,0
DA:193,0
DA:194,0
DA:195,0
DA:197,0
DA:198,0
DA:200,0
DA:205,0
DA:206,0
DA:207,0
DA:211,0
DA:212,0
DA:215,0
DA:229,0
DA:237,0
DA:245,0
DA:311,0
DA:322,0
LF:85
LH:0
BRDA:54,0,0,0
BRDA:54,0,1,0
BRDA:57,1,0,0
BRDA:57,1,1,0
BRDA:70,2,0,0
BRDA:70,2,1,0
BRDA:85,3,0,0
BRDA:85,3,1,0
BRDA:90,4,0,0
BRDA:90,4,1,0
BRDA:104,5,0,0
BRDA:104,5,1,0
BRDA:123,6,0,0
BRDA:123,6,1,0
BRDA:144,7,0,0
BRDA:144,7,1,0
BRDA:159,8,0,0
BRDA:159,8,1,0
BRDA:190,9,0,0
BRDA:190,9,1,0
BRDA:218,10,0,0
BRDA:218,10,1,0
BRDA:226,11,0,0
BRDA:226,11,1,0
BRDA:253,12,0,0
BRDA:253,12,1,0
BRDA:277,13,0,0
BRDA:277,13,1,0
BRDA:277,13,2,0
BRDA:280,14,0,0
BRDA:280,14,1,0
BRDA:282,15,0,0
BRDA:282,15,1,0
BRDA:291,16,0,0
BRDA:291,16,1,0
BRDA:294,17,0,0
BRDA:294,17,1,0
BRDA:299,18,0,0
BRDA:299,18,1,0
BRDA:311,19,0,0
BRDA:311,19,1,0
BRDA:332,20,0,0
BRDA:332,20,1,0
BRF:43
BRH:0
end_of_record
TN:
SF:src/components/FilterSheet.tsx
FN:32,(anonymous_0)
FN:56,(anonymous_1)
FN:82,(anonymous_2)
FN:115,(anonymous_3)
FN:116,(anonymous_4)
FN:119,(anonymous_5)
FN:124,(anonymous_6)
FN:138,(anonymous_7)
FN:139,(anonymous_8)
FN:146,(anonymous_9)
FN:152,(anonymous_10)
FN:158,(anonymous_11)
FN:168,(anonymous_12)
FN:174,(anonymous_13)
FN:180,(anonymous_14)
FN:191,(anonymous_15)
FN:194,(anonymous_16)
FN:201,(anonymous_17)
FN:202,(anonymous_18)
FN:207,(anonymous_19)
FN:219,(anonymous_20)
FN:220,(anonymous_21)
FN:225,(anonymous_22)
FN:237,(anonymous_23)
FN:242,(anonymous_24)
FN:261,(anonymous_25)
FN:266,(anonymous_26)
FN:271,(anonymous_27)
FN:322,(anonymous_28)
FN:329,(anonymous_29)
FN:394,(anonymous_30)
FN:399,(anonymous_31)
FN:413,(anonymous_32)
FN:418,(anonymous_33)
FNF:34
FNH:0
FNDA:0,(anonymous_0)
FNDA:0,(anonymous_1)
FNDA:0,(anonymous_2)
FNDA:0,(anonymous_3)
FNDA:0,(anonymous_4)
FNDA:0,(anonymous_5)
FNDA:0,(anonymous_6)
FNDA:0,(anonymous_7)
FNDA:0,(anonymous_8)
FNDA:0,(anonymous_9)
FNDA:0,(anonymous_10)
FNDA:0,(anonymous_11)
FNDA:0,(anonymous_12)
FNDA:0,(anonymous_13)
FNDA:0,(anonymous_14)
FNDA:0,(anonymous_15)
FNDA:0,(anonymous_16)
FNDA:0,(anonymous_17)
FNDA:0,(anonymous_18)
FNDA:0,(anonymous_19)
FNDA:0,(anonymous_20)
FNDA:0,(anonymous_21)
FNDA:0,(anonymous_22)
FNDA:0,(anonymous_23)
FNDA:0,(anonymous_24)
FNDA:0,(anonymous_25)
FNDA:0,(anonymous_26)
FNDA:0,(anonymous_27)
FNDA:0,(anonymous_28)
FNDA:0,(anonymous_29)
FNDA:0,(anonymous_30)
FNDA:0,(anonymous_31)
FNDA:0,(anonymous_32)
FNDA:0,(anonymous_33)
DA:28,0
DA:30,0
DA:32,0
DA:39,0
DA:40,0
DA:43,0
DA:46,0
DA:47,0
DA:48,0
DA:51,0
DA:52,0
DA:53,0
DA:56,0
DA:57,0
DA:60,0
DA:61,0
DA:62,0
DA:64,0
DA:67,0
DA:68,0
DA:69,0
DA:71,0
DA:74,0
DA:75,0
DA:77,0
DA:82,0
DA:83,0
DA:84,0
DA:97,0
DA:113,0
DA:115,0
DA:117,0
DA:120,0
DA:121,0
DA:125,0
DA:126,0
DA:128,0
DA:138,0
DA:139,0
DA:146,0
DA:147,0
DA:148,0
DA:149,0
DA:150,0
DA:151,0
DA:152,0
DA:157,0
DA:158,0
DA:164,0
DA:168,0
DA:169,0
DA:170,0
DA:171,0
DA:172,0
DA:173,0
DA:174,0
DA:179,0
DA:180,0
DA:186,0
DA:191,0
DA:192,0
DA:193,0
DA:194,0
DA:201,0
DA:202,0
DA:203,0
DA:204,0
DA:205,0
DA:207,0
DA:210,0
DA:219,0
DA:220,0
DA:221,0
DA:222,0
DA:223,0
DA:225,0
DA:228,0
DA:237,0
DA:238,0
DA:242,0
DA:243,0
DA:252,0
DA:255,0
DA:256,0
DA:257,0
DA:261,0
DA:262,0
DA:266,0
DA:267,0
DA:271,0
DA:272,0
DA:274,0
DA:277,0
DA:323,0
DA:329,0
DA:395,0
DA:399,0
DA:414,0
DA:418,0
DA:452,0
LF:100
LH:0
BRDA:60,0,0,0
BRDA:60,0,1,0
BRDA:67,1,0,0
BRDA:67,1,1,0
BRDA:74,2,0,0
BRDA:74,2,1,0
BRDA:83,3,0,0
BRDA:83,3,1,0
BRDA:120,4,0,0
BRDA:120,4,1,0
BRDA:125,5,0,0
BRDA:125,5,1,0
BRDA:149,6,0,0
BRDA:149,6,1,0
BRDA:151,7,0,0
BRDA:151,7,1,0
BRDA:157,8,0,0
BRDA:157,8,1,0
BRDA:171,9,0,0
BRDA:171,9,1,0
BRDA:173,10,0,0
BRDA:173,10,1,0
BRDA:179,11,0,0
BRDA:179,11,1,0
BRDA:196,12,0,0
BRDA:196,12,1,0
BRDA:203,13,0,0
BRDA:203,13,1,0
BRDA:204,14,0,0
BRDA:204,14,1,0
BRDA:221,15,0,0
BRDA:221,15,1,0
BRDA:222,16,0,0
BRDA:222,16,1,0
BRDA:262,17,0,0
BRDA:262,17,1,0
BRDA:267,18,0,0
BRDA:267,18,1,0
BRDA:274,19,0,0
BRDA:274,19,1,0
BRDA:327,20,0,0
BRDA:327,20,1,0
BRDA:334,21,0,0
BRDA:334,21,1,0
BRDA:401,22,0,0
BRDA:401,22,1,0
BRDA:420,23,0,0
BRDA:420,23,1,0
BRF:48
BRH:0
end_of_record
TN:
SF:src/components/FixedClusteredMapView.js
FN:26,(anonymous_0)
FN:42,(anonymous_1)
FN:47,(anonymous_2)
FN:53,(anonymous_3)
FN:58,(anonymous_4)
FN:62,(anonymous_5)
FN:66,(anonymous_6)
FN:70,(anonymous_7)
FN:79,(anonymous_8)
FN:88,(anonymous_9)
FN:92,(anonymous_10)
FN:94,(anonymous_11)
FN:99,(anonymous_12)
FN:106,(anonymous_13)
FN:119,(anonymous_14)
FN:121,(anonymous_15)
FN:129,(anonymous_16)
FN:139,(anonymous_17)
FN:153,(anonymous_18)
FNF:19
FNH:0
FNDA:0,(anonymous_0)
FNDA:0,(anonymous_1)
FNDA:0,(anonymous_2)
FNDA:0,(anonymous_3)
FNDA:0,(anonymous_4)
FNDA:0,(anonymous_5)
FNDA:0,(anonymous_6)
FNDA:0,(anonymous_7)
FNDA:0,(anonymous_8)
FNDA:0,(anonymous_9)
FNDA:0,(anonymous_10)
FNDA:0,(anonymous_11)
FNDA:0,(anonymous_12)
FNDA:0,(anonymous_13)
FNDA:0,(anonymous_14)
FNDA:0,(anonymous_15)
FNDA:0,(anonymous_16)
FNDA:0,(anonymous_17)
FNDA:0,(anonymous_18)
DA:27,0
DA:29,0
DA:34,0
DA:35,0
DA:37,0
DA:38,0
DA:39,0
DA:43,0
DA:48,0
DA:49,0
DA:54,0
DA:55,0
DA:59,0
DA:63,0
DA:67,0
DA:71,0
DA:79,0
DA:82,0
DA:84,0
DA:85,0
DA:89,0
DA:93,0
DA:94,0
DA:95,0
DA:100,0
DA:101,0
DA:103,0
DA:109,0
DA:110,0
DA:111,0
DA:118,0
DA:119,0
DA:121,0
DA:124,0
DA:126,0
DA:130,0
DA:132,0
DA:140,0
DA:141,0
DA:143,0
DA:153,0
DA:161,0
DA:176,0
LF:43
LH:0
BRDA:31,0,0,0
BRDA:31,0,1,0
BRDA:48,1,0,0
BRDA:48,1,1,0
BRDA:54,2,0,0
BRDA:54,2,1,0
BRDA:54,3,0,0
BRDA:54,3,1,0
BRDA:54,3,2,0
BRDA:75,4,0,0
BRDA:75,4,1,0
BRDA:95,5,0,0
BRDA:95,5,1,0
BRDA:101,6,0,0
BRDA:101,6,1,0
BRDA:109,7,0,0
BRDA:109,7,1,0
BRDA:110,8,0,0
BRDA:110,8,1,0
BRDA:126,9,0,0
BRDA:126,9,1,0
BRDA:139,10,0,0
BRDA:139,10,1,0
BRDA:140,11,0,0
BRDA:140,11,1,0
BRDA:153,12,0,0
BRDA:153,12,1,0
BRF:27
BRH:0
end_of_record
TN:
SF:src/components/GroupMessageComposer.tsx
FN:28,(anonymous_0)
FN:50,(anonymous_1)
FN:66,(anonymous_2)
FN:78,(anonymous_3)
FN:125,(anonymous_4)
FN:133,(anonymous_5)
FN:143,(anonymous_6)
FN:153,(anonymous_7)
FNF:8
FNH:0
FNDA:0,(anonymous_0)
FNDA:0,(anonymous_1)
FNDA:0,(anonymous_2)
FNDA:0,(anonymous_3)
FNDA:0,(anonymous_4)
FNDA:0,(anonymous_5)
FNDA:0,(anonymous_6)
FNDA:0,(anonymous_7)
DA:28,0
DA:35,0
DA:38,0
DA:39,0
DA:40,0
DA:47,0
DA:50,0
DA:51,0
DA:52,0
DA:53,0
DA:57,0
DA:58,0
DA:62,0
DA:66,0
DA:67,0
DA:68,0
DA:69,0
DA:78,0
DA:79,0
DA:82,0
DA:83,0
DA:84,0
DA:87,0
DA:88,0
DA:91,0
DA:92,0
DA:93,0
DA:94,0
DA:97,0
DA:105,0
DA:112,0
DA:113,0
DA:117,0
DA:118,0
DA:120,0
DA:125,0
DA:126,0
DA:133,0
DA:143,0
DA:153,0
DA:161,0
DA:238,0
LF:42
LH:0
BRDA:32,0,0,0
BRDA:51,1,0,0
BRDA:51,1,1,0
BRDA:51,2,0,0
BRDA:51,2,1,0
BRDA:58,3,0,0
BRDA:58,3,1,0
BRDA:58,3,2,0
BRDA:67,4,0,0
BRDA:67,4,1,0
BRDA:79,5,0,0
BRDA:79,5,1,0
BRDA:79,6,0,0
BRDA:79,6,1,0
BRDA:79,6,2,0
BRDA:82,7,0,0
BRDA:82,7,1,0
BRDA:82,8,0,0
BRDA:82,8,1,0
BRDA:82,8,2,0
BRDA:92,9,0,0
BRDA:92,9,1,0
BRDA:93,10,0,0
BRDA:93,10,1,0
BRDA:94,11,0,0
BRDA:94,11,1,0
BRDA:112,12,0,0
BRDA:112,12,1,0
BRDA:172,13,0,0
BRDA:172,13,1,0
BRDA:180,14,0,0
BRDA:180,14,1,0
BRDA:200,15,0,0
BRDA:200,15,1,0
BRDA:205,16,0,0
BRDA:205,16,1,0
BRDA:206,17,0,0
BRDA:206,17,1,0
BRDA:206,18,0,0
BRDA:206,18,1,0
BRDA:207,19,0,0
BRDA:207,19,1,0
BRDA:208,20,0,0
BRDA:208,20,1,0
BRDA:208,21,0,0
BRDA:208,21,1,0
BRDA:216,22,0,0
BRDA:216,22,1,0
BRDA:216,22,2,0
BRDA:216,22,3,0
BRDA:219,23,0,0
BRDA:219,23,1,0
BRDA:219,23,2,0
BRDA:221,24,0,0
BRDA:221,24,1,0
BRF:55
BRH:0
end_of_record
TN:
SF:src/components/HomeCarousel.tsx
FN:99,(anonymous_0)
FN:118,(anonymous_1)
FN:140,(anonymous_2)
FN:147,(anonymous_3)
FN:154,(anonymous_4)
FN:155,(anonymous_5)
FN:165,(anonymous_6)
FN:169,(anonymous_7)
FN:176,(anonymous_8)
FN:179,(anonymous_9)
FN:184,(anonymous_10)
FN:186,(anonymous_11)
FN:198,(anonymous_12)
FNF:13
FNH:0
FNDA:0,(anonymous_0)
FNDA:0,(anonymous_1)
FNDA:0,(anonymous_2)
FNDA:0,(anonymous_3)
FNDA:0,(anonymous_4)
FNDA:0,(anonymous_5)
FNDA:0,(anonymous_6)
FNDA:0,(anonymous_7)
FNDA:0,(anonymous_8)
FNDA:0,(anonymous_9)
FNDA:0,(anonymous_10)
FNDA:0,(anonymous_11)
FNDA:0,(anonymous_12)
DA:17,0
DA:18,0
DA:19,0
DA:20,0
DA:21,0
DA:22,0
DA:25,0
DA:99,0
DA:100,0
DA:118,0
DA:119,0
DA:121,0
DA:140,0
DA:141,0
DA:142,0
DA:143,0
DA:144,0
DA:147,0
DA:148,0
DA:149,0
DA:154,0
DA:155,0
DA:156,0
DA:157,0
DA:158,0
DA:165,0
DA:169,0
DA:170,0
DA:171,0
DA:176,0
DA:177,0
DA:179,0
DA:184,0
DA:185,0
DA:187,0
DA:192,0
DA:198,0
DA:218,0
LF:38
LH:0
BRDA:126,0,0,0
BRDA:126,0,1,0
BRDA:127,1,0,0
BRDA:127,1,1,0
BRDA:128,2,0,0
BRDA:128,2,1,0
BRDA:129,3,0,0
BRDA:129,3,1,0
BRDA:148,4,0,0
BRDA:148,4,1,0
BRDA:156,5,0,0
BRDA:156,5,1,0
BRDA:170,6,0,0
BRDA:170,6,1,0
BRF:14
BRH:0
end_of_record
TN:
SF:src/components/MFASetup.tsx
FN:41,(anonymous_0)
FN:52,(anonymous_1)
FN:59,(anonymous_2)
FN:74,(anonymous_3)
FN:100,(anonymous_4)
FN:106,(anonymous_5)
FN:112,(anonymous_6)
FN:121,(anonymous_7)
FN:135,(anonymous_8)
FN:157,(anonymous_9)
FN:172,(anonymous_10)
FN:202,(anonymous_11)
FN:213,(anonymous_12)
FN:222,(anonymous_13)
FN:231,(anonymous_14)
FN:242,(anonymous_15)
FN:268,(anonymous_16)
FN:277,(anonymous_17)
FN:288,(anonymous_18)
FN:318,(anonymous_19)
FN:337,(anonymous_20)
FNF:21
FNH:0
FNDA:0,(anonymous_0)
FNDA:0,(anonymous_1)
FNDA:0,(anonymous_2)
FNDA:0,(anonymous_3)
FNDA:0,(anonymous_4)
FNDA:0,(anonymous_5)
FNDA:0,(anonymous_6)
FNDA:0,(anonymous_7)
FNDA:0,(anonymous_8)
FNDA:0,(anonymous_9)
FNDA:0,(anonymous_10)
FNDA:0,(anonymous_11)
FNDA:0,(anonymous_12)
FNDA:0,(anonymous_13)
FNDA:0,(anonymous_14)
FNDA:0,(anonymous_15)
FNDA:0,(anonymous_16)
FNDA:0,(anonymous_17)
FNDA:0,(anonymous_18)
FNDA:0,(anonymous_19)
FNDA:0,(anonymous_20)
DA:41,0
DA:43,0
DA:44,0
DA:45,0
DA:46,0
DA:47,0
DA:48,0
DA:49,0
DA:52,0
DA:53,0
DA:54,0
DA:59,0
DA:60,0
DA:61,0
DA:63,0
DA:64,0
DA:65,0
DA:67,0
DA:69,0
DA:74,0
DA:75,0
DA:76,0
DA:77,0
DA:80,0
DA:81,0
DA:83,0
DA:84,0
DA:86,0
DA:87,0
DA:88,0
DA:90,0
DA:93,0
DA:95,0
DA:100,0
DA:101,0
DA:102,0
DA:103,0
DA:106,0
DA:107,0
DA:112,0
DA:113,0
DA:114,0
DA:122,0
DA:123,0
DA:129,0
DA:130,0
DA:135,0
DA:136,0
DA:157,0
DA:172,0
DA:173,0
DA:203,0
DA:204,0
DA:213,0
DA:222,0
DA:231,0
DA:232,0
DA:242,0
DA:268,0
DA:277,0
DA:278,0
DA:289,0
DA:318,0
DA:319,0
DA:321,0
DA:323,0
DA:325,0
DA:327,0
DA:329,0
DA:333,0
DA:338,0
DA:353,0
LF:72
LH:0
BRDA:53,0,0,0
BRDA:53,0,1,0
BRDA:67,1,0,0
BRDA:67,1,1,0
BRDA:75,2,0,0
BRDA:75,2,1,0
BRDA:75,3,0,0
BRDA:75,3,1,0
BRDA:86,4,0,0
BRDA:86,4,1,0
BRDA:93,5,0,0
BRDA:93,5,1,0
BRDA:113,6,0,0
BRDA:113,6,1,0
BRDA:123,7,0,0
BRDA:123,7,1,0
BRDA:130,8,0,0
BRDA:130,8,1,0
BRDA:180,9,0,0
BRDA:180,9,1,0
BRDA:182,10,0,0
BRDA:182,10,1,0
BRDA:189,11,0,0
BRDA:189,11,1,0
BRDA:249,12,0,0
BRDA:249,12,1,0
BRDA:254,13,0,0
BRDA:254,13,1,0
BRDA:254,14,0,0
BRDA:254,14,1,0
BRDA:257,15,0,0
BRDA:257,15,1,0
BRDA:259,16,0,0
BRDA:259,16,1,0
BRDA:297,17,0,0
BRDA:297,17,1,0
BRDA:299,18,0,0
BRDA:299,18,1,0
BRDA:319,19,0,0
BRDA:319,19,1,0
BRDA:319,19,2,0
BRDA:319,19,3,0
BRDA:319,19,4,0
BRDA:342,20,0,0
BRDA:342,20,1,0
BRDA:465,21,0,0
BRDA:465,21,1,0
BRDA:537,22,0,0
BRDA:537,22,1,0
BRF:49
BRH:0
end_of_record
TN:
SF:src/components/MapFallback.tsx
FN:73,(anonymous_0)
FN:86,(anonymous_1)
FN:184,(anonymous_2)
FN:197,(anonymous_3)
FN:198,(anonymous_4)
FN:202,(anonymous_5)
FN:244,(anonymous_6)
FN:264,(anonymous_7)
FN:306,(anonymous_8)
FN:321,(anonymous_9)
FN:322,(anonymous_10)
FN:326,(anonymous_11)
FN:327,(anonymous_12)
FNF:13
FNH:0
FNDA:0,(anonymous_0)
FNDA:0,(anonymous_1)
FNDA:0,(anonymous_2)
FNDA:0,(anonymous_3)
FNDA:0,(anonymous_4)
FNDA:0,(anonymous_5)
FNDA:0,(anonymous_6)
FNDA:0,(anonymous_7)
FNDA:0,(anonymous_8)
FNDA:0,(anonymous_9)
FNDA:0,(anonymous_10)
FNDA:0,(anonymous_11)
FNDA:0,(anonymous_12)
DA:64,0
DA:73,0
DA:74,0
DA:75,0
DA:78,0
DA:80,0
DA:84,0
DA:87,0
DA:88,0
DA:89,0
DA:91,0
DA:95,0
DA:98,0
DA:105,0
DA:180,0
DA:191,0
DA:194,0
DA:197,0
DA:199,0
DA:202,0
DA:206,0
DA:207,0
DA:209,0
DA:210,0
DA:212,0
DA:214,0
DA:220,0
DA:244,0
DA:245,0
DA:246,0
DA:247,0
DA:248,0
DA:250,0
DA:258,0
DA:264,0
DA:265,0
DA:266,0
DA:267,0
DA:268,0
DA:270,0
DA:277,0
DA:291,0
DA:315,0
DA:318,0
DA:321,0
DA:323,0
DA:326,0
DA:328,0
DA:335,0
DA:336,0
DA:338,0
DA:340,0
DA:341,0
DA:352,0
DA:358,0
LF:55
LH:0
BRDA:74,0,0,0
BRDA:74,0,1,0
BRDA:84,1,0,0
BRDA:84,1,1,0
BRDA:84,1,2,0
BRDA:198,2,0,0
BRDA:206,3,0,0
BRDA:206,3,1,0
BRDA:210,4,0,0
BRDA:210,4,1,0
BRDA:223,5,0,0
BRDA:223,5,1,0
BRDA:245,6,0,0
BRDA:245,6,1,0
BRDA:258,7,0,0
BRDA:258,7,1,0
BRDA:265,8,0,0
BRDA:265,8,1,0
BRDA:279,9,0,0
BRDA:279,9,1,0
BRDA:322,10,0,0
BRDA:327,11,0,0
BRDA:335,12,0,0
BRDA:335,12,1,0
BRDA:340,13,0,0
BRDA:340,13,1,0
BRDA:361,14,0,0
BRDA:361,14,1,0
BRDA:373,15,0,0
BRDA:373,15,1,0
BRDA:373,16,0,0
BRDA:373,16,1,0
BRF:32
BRH:0
end_of_record
TN:
SF:src/components/MessageButton.tsx
FN:28,(anonymous_0)
FN:52,(anonymous_1)
FN:62,(anonymous_2)
FN:83,(anonymous_3)
FN:115,(anonymous_4)
FN:175,(anonymous_5)
FN:183,(anonymous_6)
FNF:7
FNH:0
FNDA:0,(anonymous_0)
FNDA:0,(anonymous_1)
FNDA:0,(anonymous_2)
FNDA:0,(anonymous_3)
FNDA:0,(anonymous_4)
FNDA:0,(anonymous_5)
FNDA:0,(anonymous_6)
DA:28,0
DA:36,0
DA:37,0
DA:39,0
DA:40,0
DA:41,0
DA:44,0
DA:47,0
DA:52,0
DA:53,0
DA:56,0
DA:57,0
DA:62,0
DA:65,0
DA:69,0
DA:70,0
DA:75,0
DA:79,0
DA:83,0
DA:84,0
DA:86,0
DA:87,0
DA:90,0
DA:97,0
DA:98,0
DA:101,0
DA:107,0
DA:108,0
DA:110,0
DA:115,0
DA:116,0
DA:118,0
DA:134,0
DA:149,0
DA:166,0
DA:175,0
DA:183,0
DA:227,0
LF:38
LH:0
BRDA:30,0,0,0
BRDA:31,1,0,0
BRDA:32,2,0,0
BRDA:33,3,0,0
BRDA:34,4,0,0
BRDA:44,5,0,0
BRDA:44,5,1,0
BRDA:44,5,2,0
BRDA:47,6,0,0
BRDA:47,6,1,0
BRDA:47,6,2,0
BRDA:53,7,0,0
BRDA:53,7,1,0
BRDA:56,8,0,0
BRDA:56,8,1,0
BRDA:69,9,0,0
BRDA:69,9,1,0
BRDA:84,10,0,0
BRDA:84,10,1,0
BRDA:84,11,0,0
BRDA:84,11,1,0
BRDA:116,12,0,0
BRDA:116,12,1,0
BRDA:116,12,2,0
BRDA:123,13,0,0
BRDA:123,13,1,0
BRDA:139,14,0,0
BRDA:139,14,1,0
BRDA:154,15,0,0
BRDA:154,15,1,0
BRDA:204,16,0,0
BRDA:204,16,1,0
BRDA:204,16,2,0
BRDA:207,17,0,0
BRDA:207,17,1,0
BRDA:209,18,0,0
BRDA:209,18,1,0
BRF:37
BRH:0
end_of_record
TN:
SF:src/components/MessageDetail.tsx
FN:28,(anonymous_0)
FN:34,(anonymous_1)
FN:37,(anonymous_2)
FN:45,(anonymous_3)
FN:51,(anonymous_4)
FN:69,(anonymous_5)
FN:73,(anonymous_6)
FN:76,(anonymous_7)
FN:79,(anonymous_8)
FN:91,(anonymous_9)
FN:99,(anonymous_10)
FN:100,(anonymous_11)
FN:105,(anonymous_12)
FN:112,(anonymous_13)
FN:125,(anonymous_14)
FN:137,(anonymous_15)
FN:165,(anonymous_16)
FN:172,(anonymous_17)
FN:199,(anonymous_18)
FN:250,(anonymous_19)
FN:288,(anonymous_20)
FN:290,(anonymous_21)
FN:293,(anonymous_22)
FNF:23
FNH:0
FNDA:0,(anonymous_0)
FNDA:0,(anonymous_1)
FNDA:0,(anonymous_2)
FNDA:0,(anonymous_3)
FNDA:0,(anonymous_4)
FNDA:0,(anonymous_5)
FNDA:0,(anonymous_6)
FNDA:0,(anonymous_7)
FNDA:0,(anonymous_8)
FNDA:0,(anonymous_9)
FNDA:0,(anonymous_10)
FNDA:0,(anonymous_11)
FNDA:0,(anonymous_12)
FNDA:0,(anonymous_13)
FNDA:0,(anonymous_14)
FNDA:0,(anonymous_15)
FNDA:0,(anonymous_16)
FNDA:0,(anonymous_17)
FNDA:0,(anonymous_18)
FNDA:0,(anonymous_19)
FNDA:0,(anonymous_20)
FNDA:0,(anonymous_21)
FNDA:0,(anonymous_22)
DA:28,0
DA:29,0
DA:30,0
DA:34,0
DA:35,0
DA:37,0
DA:38,0
DA:39,0
DA:40,0
DA:42,0
DA:45,0
DA:51,0
DA:59,0
DA:60,0
DA:61,0
DA:62,0
DA:63,0
DA:65,0
DA:66,0
DA:69,0
DA:70,0
DA:73,0
DA:74,0
DA:77,0
DA:79,0
DA:81,0
DA:82,0
DA:85,0
DA:91,0
DA:92,0
DA:96,0
DA:99,0
DA:100,0
DA:105,0
DA:106,0
DA:107,0
DA:112,0
DA:113,0
DA:114,0
DA:115,0
DA:116,0
DA:117,0
DA:120,0
DA:121,0
DA:125,0
DA:126,0
DA:129,0
DA:130,0
DA:132,0
DA:137,0
DA:138,0
DA:140,0
DA:141,0
DA:142,0
DA:143,0
DA:145,0
DA:148,0
DA:149,0
DA:153,0
DA:155,0
DA:156,0
DA:158,0
DA:160,0
DA:165,0
DA:166,0
DA:167,0
DA:172,0
DA:173,0
DA:174,0
DA:175,0
DA:176,0
DA:179,0
DA:180,0
DA:181,0
DA:182,0
DA:184,0
DA:191,0
DA:199,0
DA:200,0
DA:202,0
DA:250,0
DA:251,0
DA:252,0
DA:260,0
DA:261,0
DA:271,0
DA:272,0
DA:282,0
DA:284,0
DA:288,0
DA:291,0
DA:294,0
DA:307,0
DA:350,0
LF:94
LH:0
BRDA:39,0,0,0
BRDA:39,0,1,0
BRDA:55,1,0,0
BRDA:77,2,0,0
BRDA:77,2,1,0
BRDA:81,3,0,0
BRDA:81,3,1,0
BRDA:106,4,0,0
BRDA:106,4,1,0
BRDA:120,5,0,0
BRDA:120,5,1,0
BRDA:138,6,0,0
BRDA:138,6,1,0
BRDA:148,7,0,0
BRDA:148,7,1,0
BRDA:166,8,0,0
BRDA:166,8,1,0
BRDA:166,9,0,0
BRDA:166,9,1,0
BRDA:179,10,0,0
BRDA:179,10,1,0
BRDA:181,11,0,0
BRDA:181,11,1,0
BRDA:205,12,0,0
BRDA:205,12,1,0
BRDA:207,13,0,0
BRDA:207,13,1,0
BRDA:209,14,0,0
BRDA:209,14,1,0
BRDA:221,15,0,0
BRDA:221,15,1,0
BRDA:225,16,0,0
BRDA:225,16,1,0
BRDA:231,17,0,0
BRDA:231,17,1,0
BRDA:234,18,0,0
BRDA:234,18,1,0
BRDA:234,18,2,0
BRDA:240,19,0,0
BRDA:240,19,1,0
BRDA:251,20,0,0
BRDA:251,20,1,0
BRDA:260,21,0,0
BRDA:260,21,1,0
BRDA:271,22,0,0
BRDA:271,22,1,0
BRDA:311,23,0,0
BRDA:311,23,1,0
BRDA:312,24,0,0
BRDA:312,24,1,0
BRDA:333,25,0,0
BRDA:333,25,1,0
BRDA:333,25,2,0
BRDA:336,26,0,0
BRDA:336,26,1,0
BRDA:338,27,0,0
BRDA:338,27,1,0
BRF:57
BRH:0
end_of_record
TN:
SF:src/components/MessageList.tsx
FN:14,(anonymous_0)
FN:38,(anonymous_1)
FN:44,(anonymous_2)
FN:54,(anonymous_3)
FN:106,(anonymous_4)
FN:130,(anonymous_5)
FNF:6
FNH:0
FNDA:0,(anonymous_0)
FNDA:0,(anonymous_1)
FNDA:0,(anonymous_2)
FNDA:0,(anonymous_3)
FNDA:0,(anonymous_4)
FNDA:0,(anonymous_5)
DA:14,0
DA:15,0
DA:16,0
DA:19,0
DA:20,0
DA:24,0
DA:25,0
DA:29,0
DA:38,0
DA:44,0
DA:45,0
DA:46,0
DA:47,0
DA:48,0
DA:49,0
DA:51,0
DA:54,0
DA:106,0
DA:107,0
DA:108,0
DA:116,0
DA:126,0
DA:130,0
DA:139,0
LF:24
LH:0
BRDA:19,0,0,0
BRDA:19,0,1,0
BRDA:24,1,0,0
BRDA:24,1,1,0
BRDA:46,2,0,0
BRDA:46,2,1,0
BRDA:46,2,2,0
BRDA:48,3,0,0
BRDA:48,3,1,0
BRDA:49,4,0,0
BRDA:49,4,1,0
BRDA:57,5,0,0
BRDA:57,5,1,0
BRDA:85,6,0,0
BRDA:85,6,1,0
BRDA:92,7,0,0
BRDA:92,7,1,0
BRDA:95,8,0,0
BRDA:95,8,1,0
BRDA:107,9,0,0
BRDA:107,9,1,0
BRDA:133,10,0,0
BRDA:133,10,1,0
BRF:23
BRH:0
end_of_record
TN:
SF:src/components/NotificationItem.tsx
FNF:0
FNH:0
LF:0
LH:0
BRF:0
BRH:0
end_of_record
TN:
SF:src/components/OrganizerShowsList.tsx
FN:37,(anonymous_0)
FN:52,(anonymous_1)
FN:72,(anonymous_2)
FN:95,(anonymous_3)
FN:100,(anonymous_4)
FN:127,(anonymous_5)
FN:141,(anonymous_6)
FN:179,(anonymous_7)
FN:230,(anonymous_8)
FN:256,(anonymous_9)
FN:261,(anonymous_10)
FN:266,(anonymous_11)
FN:272,(anonymous_12)
FN:279,(anonymous_13)
FN:296,(anonymous_14)
FN:305,(anonymous_15)
FN:317,(anonymous_16)
FN:327,(anonymous_17)
FN:336,(anonymous_18)
FN:364,(anonymous_19)
FN:372,(anonymous_20)
FN:381,(anonymous_21)
FN:393,(anonymous_22)
FN:414,(anonymous_23)
FN:448,(anonymous_24)
FN:477,(anonymous_25)
FN:485,(anonymous_26)
FN:498,(anonymous_27)
FN:510,(anonymous_28)
FN:563,(anonymous_29)
FN:577,(anonymous_30)
FN:579,(anonymous_31)
FN:593,(anonymous_32)
FNF:33
FNH:0
FNDA:0,(anonymous_0)
FNDA:0,(anonymous_1)
FNDA:0,(anonymous_2)
FNDA:0,(anonymous_3)
FNDA:0,(anonymous_4)
FNDA:0,(anonymous_5)
FNDA:0,(anonymous_6)
FNDA:0,(anonymous_7)
FNDA:0,(anonymous_8)
FNDA:0,(anonymous_9)
FNDA:0,(anonymous_10)
FNDA:0,(anonymous_11)
FNDA:0,(anonymous_12)
FNDA:0,(anonymous_13)
FNDA:0,(anonymous_14)
FNDA:0,(anonymous_15)
FNDA:0,(anonymous_16)
FNDA:0,(anonymous_17)
FNDA:0,(anonymous_18)
FNDA:0,(anonymous_19)
FNDA:0,(anonymous_20)
FNDA:0,(anonymous_21)
FNDA:0,(anonymous_22)
FNDA:0,(anonymous_23)
FNDA:0,(anonymous_24)
FNDA:0,(anonymous_25)
FNDA:0,(anonymous_26)
FNDA:0,(anonymous_27)
FNDA:0,(anonymous_28)
FNDA:0,(anonymous_29)
FNDA:0,(anonymous_30)
FNDA:0,(anonymous_31)
FNDA:0,(anonymous_32)
DA:18,0
DA:37,0
DA:42,0
DA:45,0
DA:46,0
DA:47,0
DA:48,0
DA:49,0
DA:52,0
DA:53,0
DA:55,0
DA:56,0
DA:57,0
DA:58,0
DA:61,0
DA:65,0
DA:66,0
DA:72,0
DA:73,0
DA:74,0
DA:75,0
DA:76,0
DA:79,0
DA:83,0
DA:84,0
DA:85,0
DA:94,0
DA:95,0
DA:96,0
DA:100,0
DA:101,0
DA:102,0
DA:103,0
DA:106,0
DA:113,0
DA:119,0
DA:124,0
DA:125,0
DA:127,0
DA:128,0
DA:129,0
DA:130,0
DA:131,0
DA:140,0
DA:141,0
DA:143,0
DA:146,0
DA:147,0
DA:148,0
DA:151,0
DA:152,0
DA:155,0
DA:158,0
DA:162,0
DA:166,0
DA:173,0
DA:174,0
DA:175,0
DA:179,0
DA:182,0
DA:183,0
DA:187,0
DA:193,0
DA:194,0
DA:195,0
DA:199,0
DA:200,0
DA:203,0
DA:225,0
DA:226,0
DA:229,0
DA:230,0
DA:236,0
DA:237,0
DA:239,0
DA:245,0
DA:248,0
DA:249,0
DA:251,0
DA:256,0
DA:261,0
DA:262,0
DA:266,0
DA:267,0
DA:268,0
DA:269,0
DA:272,0
DA:279,0
DA:280,0
DA:282,0
DA:283,0
DA:284,0
DA:290,0
DA:291,0
DA:296,0
DA:297,0
DA:298,0
DA:299,0
DA:301,0
DA:305,0
DA:306,0
DA:307,0
DA:308,0
DA:310,0
DA:317,0
DA:318,0
DA:319,0
DA:320,0
DA:323,0
DA:327,0
DA:328,0
DA:329,0
DA:330,0
DA:332,0
DA:336,0
DA:337,0
DA:338,0
DA:339,0
DA:342,0
DA:344,0
DA:364,0
DA:372,0
DA:381,0
DA:393,0
DA:395,0
DA:396,0
DA:397,0
DA:401,0
DA:402,0
DA:403,0
DA:404,0
DA:407,0
DA:409,0
DA:414,0
DA:448,0
DA:477,0
DA:485,0
DA:498,0
DA:510,0
DA:523,0
DA:524,0
DA:533,0
DA:534,0
DA:549,0
DA:550,0
DA:563,0
DA:572,0
DA:577,0
DA:580,0
DA:593,0
DA:607,0
LF:151
LH:0
BRDA:40,0,0,0
BRDA:53,1,0,0
BRDA:53,1,1,0
BRDA:65,2,0,0
BRDA:65,2,1,0
BRDA:65,3,0,0
BRDA:65,3,1,0
BRDA:74,4,0,0
BRDA:74,4,1,0
BRDA:83,5,0,0
BRDA:83,5,1,0
BRDA:96,6,0,0
BRDA:96,6,1,0
BRDA:101,7,0,0
BRDA:101,7,1,0
BRDA:102,8,0,0
BRDA:102,8,1,0
BRDA:110,9,0,0
BRDA:110,9,1,0
BRDA:128,10,0,0
BRDA:128,10,1,0
BRDA:128,11,0,0
BRDA:128,11,1,0
BRDA:130,12,0,0
BRDA:130,12,1,0
BRDA:143,13,0,0
BRDA:143,13,1,0
BRDA:143,14,0,0
BRDA:143,14,1,0
BRDA:146,15,0,0
BRDA:146,15,1,0
BRDA:146,16,0,0
BRDA:146,16,1,0
BRDA:147,17,0,0
BRDA:147,17,1,0
BRDA:148,18,0,0
BRDA:148,18,1,0
BRDA:151,19,0,0
BRDA:151,19,1,0
BRDA:152,20,0,0
BRDA:152,20,1,0
BRDA:173,21,0,0
BRDA:173,21,1,0
BRDA:179,22,0,0
BRDA:179,22,1,0
BRDA:183,23,0,0
BRDA:183,23,1,0
BRDA:183,24,0,0
BRDA:183,24,1,0
BRDA:183,24,2,0
BRDA:183,24,3,0
BRDA:193,25,0,0
BRDA:193,25,1,0
BRDA:193,26,0,0
BRDA:193,26,1,0
BRDA:206,27,0,0
BRDA:206,27,1,0
BRDA:207,28,0,0
BRDA:207,28,1,0
BRDA:208,29,0,0
BRDA:208,29,1,0
BRDA:209,30,0,0
BRDA:209,30,1,0
BRDA:218,31,0,0
BRDA:218,31,1,0
BRDA:219,32,0,0
BRDA:219,32,1,0
BRDA:236,33,0,0
BRDA:236,33,1,0
BRDA:267,34,0,0
BRDA:267,34,1,0
BRDA:280,35,0,0
BRDA:280,35,1,0
BRDA:297,36,0,0
BRDA:297,36,1,0
BRDA:306,37,0,0
BRDA:306,37,1,0
BRDA:318,38,0,0
BRDA:318,38,1,0
BRDA:328,39,0,0
BRDA:328,39,1,0
BRDA:337,40,0,0
BRDA:337,40,1,0
BRDA:342,41,0,0
BRDA:342,41,1,0
BRDA:347,42,0,0
BRDA:347,42,1,0
BRDA:351,43,0,0
BRDA:351,43,1,0
BRDA:358,44,0,0
BRDA:358,44,1,0
BRDA:359,45,0,0
BRDA:359,45,1,0
BRDA:378,46,0,0
BRDA:378,46,1,0
BRDA:395,47,0,0
BRDA:395,47,1,0
BRDA:395,48,0,0
BRDA:395,48,1,0
BRDA:402,49,0,0
BRDA:402,49,1,0
BRDA:403,50,0,0
BRDA:403,50,1,0
BRDA:407,51,0,0
BRDA:407,51,1,0
BRDA:407,52,0,0
BRDA:407,52,1,0
BRDA:414,53,0,0
BRDA:414,53,1,0
BRDA:418,54,0,0
BRDA:418,54,1,0
BRDA:423,55,0,0
BRDA:423,55,1,0
BRDA:434,56,0,0
BRDA:434,56,1,0
BRDA:455,57,0,0
BRDA:455,57,1,0
BRDA:463,58,0,0
BRDA:463,58,1,0
BRDA:463,58,2,0
BRDA:471,59,0,0
BRDA:471,59,1,0
BRDA:472,60,0,0
BRDA:472,60,1,0
BRDA:495,61,0,0
BRDA:495,61,1,0
BRDA:497,62,0,0
BRDA:497,62,1,0
BRDA:498,63,0,0
BRDA:498,63,1,0
BRDA:507,64,0,0
BRDA:507,64,1,0
BRDA:523,65,0,0
BRDA:523,65,1,0
BRDA:533,66,0,0
BRDA:533,66,1,0
BRDA:549,67,0,0
BRDA:549,67,1,0
BRDA:549,68,0,0
BRDA:549,68,1,0
BRDA:580,69,0,0
BRDA:580,69,1,0
BRDA:584,70,0,0
BRDA:584,70,1,0
BRDA:591,71,0,0
BRDA:591,71,1,0
BRDA:593,72,0,0
BRDA:593,72,1,0
BRDA:602,73,0,0
BRDA:602,73,1,0
BRF:150
BRH:0
end_of_record
TN:
SF:src/components/ReviewForm.tsx
FN:20,(anonymous_0)
FN:24,(anonymous_1)
FN:45,(anonymous_2)
FN:46,(anonymous_3)
FNF:4
FNH:0
FNDA:0,(anonymous_0)
FNDA:0,(anonymous_1)
FNDA:0,(anonymous_2)
FNDA:0,(anonymous_3)
DA:20,0
DA:21,0
DA:22,0
DA:24,0
DA:25,0
DA:26,0
DA:27,0
DA:29,0
DA:32,0
DA:46,0
DA:83,0
LF:11
LH:0
BRDA:25,0,0,0
BRDA:25,0,1,0
BRDA:48,1,0,0
BRDA:48,1,1,0
BRDA:50,2,0,0
BRDA:50,2,1,0
BRF:6
BRH:0
end_of_record
TN:
SF:src/components/ReviewsList.tsx
FN:11,(anonymous_0)
FN:12,(anonymous_1)
FN:28,(anonymous_2)
FN:53,(anonymous_3)
FN:64,(anonymous_4)
FNF:5
FNH:0
FNDA:0,(anonymous_0)
FNDA:0,(anonymous_1)
FNDA:0,(anonymous_2)
FNDA:0,(anonymous_3)
FNDA:0,(anonymous_4)
DA:11,0
DA:12,0
DA:13,0
DA:14,0
DA:15,0
DA:25,0
DA:28,0
DA:33,0
DA:34,0
DA:35,0
DA:41,0
DA:53,0
DA:54,0
DA:61,0
DA:64,0
DA:72,0
LF:16
LH:0
BRDA:18,0,0,0
BRDA:18,0,1,0
BRDA:67,1,0,0
BRDA:67,1,1,0
BRF:4
BRH:0
end_of_record
TN:
SF:src/components/SentryErrorBoundary.tsx
FN:19,(anonymous_0)
FN:28,(anonymous_1)
FN:131,(anonymous_2)
FN:136,(anonymous_3)
FNF:4
FNH:0
FNDA:0,(anonymous_0)
FNDA:0,(anonymous_1)
FNDA:0,(anonymous_2)
FNDA:0,(anonymous_3)
DA:7,0
DA:19,0
DA:25,0
DA:26,0
DA:28,0
DA:29,0
DA:31,0
DA:34,0
DA:35,0
DA:41,0
DA:43,0
DA:45,0
DA:49,0
DA:131,0
DA:136,0
DA:138,0
DA:139,0
DA:140,0
DA:141,0
DA:145,0
DA:146,0
DA:151,0
DA:153,0
DA:163,0
LF:24
LH:0
BRDA:34,0,0,0
BRDA:34,0,1,0
BRDA:64,1,0,0
BRDA:64,1,1,0
BRDA:64,1,2,0
BRDA:78,2,0,0
BRDA:78,2,1,0
BRDA:80,3,0,0
BRDA:80,3,1,0
BRDA:85,4,0,0
BRDA:85,4,1,0
BRDA:95,5,0,0
BRDA:95,5,1,0
BRDA:138,6,0,0
BRDA:138,6,1,0
BRDA:145,7,0,0
BRDA:145,7,1,0
BRDA:151,8,0,0
BRDA:151,8,1,0
BRDA:223,9,0,0
BRDA:223,9,1,0
BRF:21
BRH:0
end_of_record
TN:
SF:src/components/SentryTester.tsx
FN:24,(anonymous_0)
FN:28,(anonymous_1)
FN:42,(anonymous_2)
FN:45,(anonymous_3)
FN:46,(anonymous_4)
FN:53,(anonymous_5)
FN:65,(anonymous_6)
FN:77,(anonymous_7)
FN:91,(anonymous_8)
FN:99,(anonymous_9)
FN:107,(anonymous_10)
FN:133,(anonymous_11)
FN:145,(anonymous_12)
FN:157,(anonymous_13)
FN:169,(anonymous_14)
FN:195,(anonymous_15)
FN:206,(anonymous_16)
FN:259,(anonymous_17)
FN:266,(anonymous_18)
FN:273,(anonymous_19)
FNF:20
FNH:0
FNDA:0,(anonymous_0)
FNDA:0,(anonymous_1)
FNDA:0,(anonymous_2)
FNDA:0,(anonymous_3)
FNDA:0,(anonymous_4)
FNDA:0,(anonymous_5)
FNDA:0,(anonymous_6)
FNDA:0,(anonymous_7)
FNDA:0,(anonymous_8)
FNDA:0,(anonymous_9)
FNDA:0,(anonymous_10)
FNDA:0,(anonymous_11)
FNDA:0,(anonymous_12)
FNDA:0,(anonymous_13)
FNDA:0,(anonymous_14)
FNDA:0,(anonymous_15)
FNDA:0,(anonymous_16)
FNDA:0,(anonymous_17)
FNDA:0,(anonymous_18)
FNDA:0,(anonymous_19)
DA:24,0
DA:25,0
DA:28,0
DA:29,0
DA:31,0
DA:32,0
DA:34,0
DA:35,0
DA:36,0
DA:42,0
DA:43,0
DA:45,0
DA:46,0
DA:47,0
DA:53,0
DA:54,0
DA:55,0
DA:67,0
DA:69,0
DA:77,0
DA:78,0
DA:87,0
DA:91,0
DA:93,0
DA:99,0
DA:100,0
DA:107,0
DA:108,0
DA:119,0
DA:120,0
DA:122,0
DA:123,0
DA:124,0
DA:129,0
DA:133,0
DA:134,0
DA:136,0
DA:139,0
DA:145,0
DA:148,0
DA:151,0
DA:157,0
DA:160,0
DA:163,0
DA:165,0
DA:169,0
DA:170,0
DA:171,0
DA:173,0
DA:175,0
DA:178,0
DA:189,0
DA:195,0
DA:196,0
DA:203,0
DA:206,0
DA:207,0
DA:208,0
DA:210,0
DA:211,0
DA:212,0
DA:218,0
DA:259,0
DA:266,0
DA:273,0
DA:322,0
LF:66
LH:0
BRDA:34,0,0,0
BRDA:34,0,1,0
BRDA:122,1,0,0
BRDA:122,1,1,0
BRDA:173,2,0,0
BRDA:173,2,1,0
BRDA:210,3,0,0
BRDA:210,3,1,0
BRDA:311,4,0,0
BRDA:311,4,1,0
BRF:10
BRH:0
end_of_record
TN:
SF:src/components/SharedWantLists.tsx
FN:41,(anonymous_0)
FN:48,(anonymous_1)
FN:73,(anonymous_2)
FN:77,(anonymous_3)
FN:79,(anonymous_4)
FN:82,(anonymous_5)
FN:90,(anonymous_6)
FN:98,(anonymous_7)
FN:104,(anonymous_8)
FN:166,(anonymous_9)
FNF:10
FNH:0
FNDA:0,(anonymous_0)
FNDA:0,(anonymous_1)
FNDA:0,(anonymous_2)
FNDA:0,(anonymous_3)
FNDA:0,(anonymous_4)
FNDA:0,(anonymous_5)
FNDA:0,(anonymous_6)
FNDA:0,(anonymous_7)
FNDA:0,(anonymous_8)
FNDA:0,(anonymous_9)
DA:18,0
DA:19,0
DA:41,0
DA:42,0
DA:43,0
DA:44,0
DA:45,0
DA:46,0
DA:48,0
DA:49,0
DA:50,0
DA:51,0
DA:52,0
DA:55,0
DA:56,0
DA:57,0
DA:58,0
DA:60,0
DA:61,0
DA:64,0
DA:66,0
DA:67,0
DA:69,0
DA:73,0
DA:74,0
DA:77,0
DA:78,0
DA:79,0
DA:82,0
DA:83,0
DA:90,0
DA:91,0
DA:98,0
DA:99,0
DA:100,0
DA:102,0
DA:104,0
DA:124,0
DA:125,0
DA:133,0
DA:134,0
DA:145,0
DA:166,0
DA:174,0
LF:44
LH:0
BRDA:18,0,0,0
BRDA:18,0,1,0
BRDA:18,1,0,0
BRDA:18,1,1,0
BRDA:49,2,0,0
BRDA:49,2,1,0
BRDA:60,3,0,0
BRDA:60,3,1,0
BRDA:64,4,0,0
BRDA:64,4,1,0
BRDA:79,5,0,0
BRDA:79,5,1,0
BRDA:100,6,0,0
BRDA:100,6,1,0
BRDA:111,7,0,0
BRDA:111,7,1,0
BRDA:115,8,0,0
BRDA:115,8,1,0
BRDA:117,9,0,0
BRDA:117,9,1,0
BRDA:124,10,0,0
BRDA:124,10,1,0
BRDA:133,11,0,0
BRDA:133,11,1,0
BRDA:157,12,0,0
BRDA:157,12,1,0
BRF:26
BRH:0
end_of_record
TN:
SF:src/components/UnclaimedShowsList.tsx
FN:34,(anonymous_0)
FN:54,(anonymous_1)
FN:58,(anonymous_2)
FN:61,(anonymous_3)
FN:77,(anonymous_4)
FN:120,(anonymous_5)
FN:126,(anonymous_6)
FN:136,(anonymous_7)
FN:191,(anonymous_8)
FN:208,(anonymous_9)
FN:241,(anonymous_10)
FN:258,(anonymous_11)
FN:315,(anonymous_12)
FN:328,(anonymous_13)
FNF:14
FNH:0
FNDA:0,(anonymous_0)
FNDA:0,(anonymous_1)
FNDA:0,(anonymous_2)
FNDA:0,(anonymous_3)
FNDA:0,(anonymous_4)
FNDA:0,(anonymous_5)
FNDA:0,(anonymous_6)
FNDA:0,(anonymous_7)
FNDA:0,(anonymous_8)
FNDA:0,(anonymous_9)
FNDA:0,(anonymous_10)
FNDA:0,(anonymous_11)
FNDA:0,(anonymous_12)
FNDA:0,(anonymous_13)
DA:20,0
DA:34,0
DA:35,0
DA:43,0
DA:46,0
DA:54,0
DA:55,0
DA:58,0
DA:61,0
DA:63,0
DA:64,0
DA:65,0
DA:68,0
DA:70,0
DA:71,0
DA:72,0
DA:75,0
DA:77,0
DA:80,0
DA:82,0
DA:85,0
DA:88,0
DA:90,0
DA:93,0
DA:100,0
DA:101,0
DA:105,0
DA:112,0
DA:113,0
DA:119,0
DA:120,0
DA:126,0
DA:127,0
DA:128,0
DA:136,0
DA:137,0
DA:138,0
DA:140,0
DA:191,0
DA:208,0
DA:209,0
DA:210,0
DA:212,0
DA:241,0
DA:258,0
DA:259,0
DA:261,0
DA:262,0
DA:265,0
DA:266,0
DA:269,0
DA:270,0
DA:274,0
DA:275,0
DA:284,0
DA:285,0
DA:300,0
DA:301,0
DA:315,0
DA:324,0
DA:329,0
DA:349,0
LF:62
LH:0
BRDA:35,0,0,0
BRDA:63,1,0,0
BRDA:63,1,1,0
BRDA:63,2,0,0
BRDA:63,2,1,0
BRDA:63,2,2,0
BRDA:70,3,0,0
BRDA:70,3,1,0
BRDA:80,4,0,0
BRDA:80,4,1,0
BRDA:88,5,0,0
BRDA:88,5,1,0
BRDA:88,6,0,0
BRDA:88,6,1,0
BRDA:95,7,0,0
BRDA:95,7,1,0
BRDA:100,8,0,0
BRDA:100,8,1,0
BRDA:107,9,0,0
BRDA:107,9,1,0
BRDA:107,10,0,0
BRDA:107,10,1,0
BRDA:115,11,0,0
BRDA:115,11,1,0
BRDA:119,12,0,0
BRDA:119,12,1,0
BRDA:137,13,0,0
BRDA:137,13,1,0
BRDA:138,14,0,0
BRDA:138,14,1,0
BRDA:150,15,0,0
BRDA:150,15,1,0
BRDA:161,16,0,0
BRDA:161,16,1,0
BRDA:175,17,0,0
BRDA:175,17,1,0
BRDA:175,18,0,0
BRDA:175,18,1,0
BRDA:175,19,0,0
BRDA:175,19,1,0
BRDA:179,20,0,0
BRDA:179,20,1,0
BRDA:190,21,0,0
BRDA:190,21,1,0
BRDA:194,22,0,0
BRDA:194,22,1,0
BRDA:209,23,0,0
BRDA:209,23,1,0
BRDA:210,24,0,0
BRDA:210,24,1,0
BRDA:229,25,0,0
BRDA:229,25,1,0
BRDA:240,26,0,0
BRDA:240,26,1,0
BRDA:244,27,0,0
BRDA:244,27,1,0
BRDA:259,28,0,0
BRDA:259,28,1,0
BRDA:259,29,0,0
BRDA:259,29,1,0
BRDA:261,30,0,0
BRDA:261,30,1,0
BRDA:265,31,0,0
BRDA:265,31,1,0
BRDA:274,32,0,0
BRDA:274,32,1,0
BRDA:274,33,0,0
BRDA:274,33,1,0
BRDA:284,34,0,0
BRDA:284,34,1,0
BRDA:288,35,0,0
BRDA:288,35,1,0
BRDA:300,36,0,0
BRDA:300,36,1,0
BRDA:329,37,0,0
BRDA:329,37,1,0
BRDA:330,38,0,0
BRDA:330,38,1,0
BRDA:331,39,0,0
BRDA:331,39,1,0
BRDA:337,40,0,0
BRDA:337,40,1,0
BRDA:342,41,0,0
BRDA:342,41,1,0
BRF:84
BRH:0
end_of_record
TN:
SF:src/components/WantListEditor.tsx
FN:25,(anonymous_0)
FN:38,(anonymous_1)
FN:45,(anonymous_2)
FN:81,(anonymous_3)
FN:95,(anonymous_4)
FN:106,(anonymous_5)
FN:132,(anonymous_6)
FN:210,(anonymous_7)
FNF:8
FNH:0
FNDA:0,(anonymous_0)
FNDA:0,(anonymous_1)
FNDA:0,(anonymous_2)
FNDA:0,(anonymous_3)
FNDA:0,(anonymous_4)
FNDA:0,(anonymous_5)
FNDA:0,(anonymous_6)
FNDA:0,(anonymous_7)
DA:25,0
DA:32,0
DA:33,0
DA:34,0
DA:35,0
DA:38,0
DA:39,0
DA:40,0
DA:45,0
DA:46,0
DA:47,0
DA:48,0
DA:51,0
DA:52,0
DA:55,0
DA:57,0
DA:60,0
DA:63,0
DA:65,0
DA:66,0
DA:69,0
DA:70,0
DA:71,0
DA:74,0
DA:75,0
DA:76,0
DA:81,0
DA:82,0
DA:83,0
DA:85,0
DA:87,0
DA:89,0
DA:90,0
DA:93,0
DA:95,0
DA:96,0
DA:99,0
DA:100,0
DA:101,0
DA:106,0
DA:107,0
DA:108,0
DA:111,0
DA:112,0
DA:113,0
DA:119,0
DA:132,0
DA:154,0
DA:210,0
DA:228,0
LF:50
LH:0
BRDA:30,0,0,0
BRDA:39,1,0,0
BRDA:39,1,1,0
BRDA:46,2,0,0
BRDA:46,2,1,0
BRDA:55,3,0,0
BRDA:55,3,1,0
BRDA:65,4,0,0
BRDA:65,4,1,0
BRDA:69,5,0,0
BRDA:69,5,1,0
BRDA:69,6,0,0
BRDA:69,6,1,0
BRDA:89,7,0,0
BRDA:89,7,1,0
BRDA:93,8,0,0
BRDA:93,8,1,0
BRDA:130,9,0,0
BRDA:130,9,1,0
BRDA:133,10,0,0
BRDA:133,10,1,0
BRDA:133,10,2,0
BRDA:135,11,0,0
BRDA:135,11,1,0
BRDA:140,12,0,0
BRDA:140,12,1,0
BRDA:145,13,0,0
BRDA:145,13,1,0
BRDA:179,14,0,0
BRDA:179,14,1,0
BRDA:186,15,0,0
BRDA:186,15,1,0
BRDA:188,16,0,0
BRDA:188,16,1,0
BRDA:200,17,0,0
BRDA:200,17,1,0
BRF:36
BRH:0
end_of_record
TN:
SF:src/components/Chat/ChatList.tsx
FN:30,(anonymous_0)
FN:56,(anonymous_1)
FN:63,(anonymous_2)
FN:86,(anonymous_3)
FN:101,(anonymous_4)
FN:106,(anonymous_5)
FN:117,(anonymous_6)
FN:135,(anonymous_7)
FN:142,(anonymous_8)
FN:169,(anonymous_9)
FN:200,(anonymous_10)
FN:207,(anonymous_11)
FNF:12
FNH:0
FNDA:0,(anonymous_0)
FNDA:0,(anonymous_1)
FNDA:0,(anonymous_2)
FNDA:0,(anonymous_3)
FNDA:0,(anonymous_4)
FNDA:0,(anonymous_5)
FNDA:0,(anonymous_6)
FNDA:0,(anonymous_7)
FNDA:0,(anonymous_8)
FNDA:0,(anonymous_9)
FNDA:0,(anonymous_10)
FNDA:0,(anonymous_11)
DA:30,0
DA:37,0
DA:38,0
DA:49,0
DA:54,0
DA:56,0
DA:57,0
DA:62,0
DA:63,0
DA:65,0
DA:66,0
DA:68,0
DA:80,0
DA:86,0
DA:87,0
DA:90,0
DA:91,0
DA:95,0
DA:96,0
DA:101,0
DA:102,0
DA:106,0
DA:107,0
DA:110,0
DA:113,0
DA:117,0
DA:118,0
DA:119,0
DA:122,0
DA:123,0
DA:131,0
DA:136,0
DA:142,0
DA:169,0
DA:170,0
DA:172,0
DA:201,0
DA:207,0
DA:251,0
DA:254,0
LF:40
LH:0
BRDA:57,0,0,0
BRDA:57,0,1,0
BRDA:58,1,0,0
BRDA:58,1,1,0
BRDA:58,1,2,0
BRDA:65,2,0,0
BRDA:65,2,1,0
BRDA:81,3,0,0
BRDA:81,3,1,0
BRDA:90,4,0,0
BRDA:90,4,1,0
BRDA:95,5,0,0
BRDA:95,5,1,0
BRDA:107,6,0,0
BRDA:107,6,1,0
BRDA:107,7,0,0
BRDA:107,7,1,0
BRDA:107,7,2,0
BRDA:118,8,0,0
BRDA:118,8,1,0
BRDA:118,9,0,0
BRDA:118,9,1,0
BRDA:122,10,0,0
BRDA:122,10,1,0
BRDA:126,11,0,0
BRDA:126,11,1,0
BRDA:143,12,0,0
BRDA:143,12,1,0
BRDA:152,13,0,0
BRDA:152,13,1,0
BRDA:156,14,0,0
BRDA:156,14,1,0
BRDA:170,15,0,0
BRDA:170,15,1,0
BRDA:175,16,0,0
BRDA:175,16,1,0
BRDA:176,17,0,0
BRDA:176,17,1,0
BRDA:183,18,0,0
BRDA:183,18,1,0
BRDA:183,19,0,0
BRDA:183,19,1,0
BRDA:185,20,0,0
BRDA:185,20,1,0
BRDA:191,21,0,0
BRDA:191,21,1,0
BRDA:231,22,0,0
BRDA:231,22,1,0
BRDA:231,22,2,0
BRDA:233,23,0,0
BRDA:233,23,1,0
BRDA:237,24,0,0
BRDA:237,24,1,0
BRDA:239,25,0,0
BRDA:239,25,1,0
BRDA:251,26,0,0
BRDA:251,26,1,0
BRF:57
BRH:0
end_of_record
TN:
SF:src/components/Chat/index.ts
FNF:0
FNH:0
LF:0
LH:0
BRF:0
BRH:0
end_of_record
TN:
SF:src/components/Chat/components/ChatItem.tsx
FN:17,(anonymous_0)
FN:46,(anonymous_1)
FN:76,(anonymous_2)
FN:88,(anonymous_3)
FNF:4
FNH:0
FNDA:0,(anonymous_0)
FNDA:0,(anonymous_1)
FNDA:0,(anonymous_2)
FNDA:0,(anonymous_3)
DA:17,0
DA:23,0
DA:28,0
DA:31,0
DA:32,0
DA:33,0
DA:34,0
DA:35,0
DA:37,0
DA:40,0
DA:43,0
DA:46,0
DA:47,0
DA:49,0
DA:50,0
DA:53,0
DA:54,0
DA:58,0
DA:59,0
DA:60,0
DA:61,0
DA:65,0
DA:66,0
DA:67,0
DA:68,0
DA:72,0
DA:76,0
DA:77,0
DA:78,0
DA:81,0
DA:88,0
DA:156,0
LF:32
LH:0
BRDA:20,0,0,0
BRDA:23,1,0,0
BRDA:23,1,1,0
BRDA:23,2,0,0
BRDA:23,2,1,0
BRDA:28,3,0,0
BRDA:28,3,1,0
BRDA:32,4,0,0
BRDA:32,4,1,0
BRDA:34,5,0,0
BRDA:34,5,1,0
BRDA:40,6,0,0
BRDA:40,6,1,0
BRDA:47,7,0,0
BRDA:47,7,1,0
BRDA:53,8,0,0
BRDA:53,8,1,0
BRDA:60,9,0,0
BRDA:60,9,1,0
BRDA:67,10,0,0
BRDA:67,10,1,0
BRDA:77,11,0,0
BRDA:77,11,1,0
BRDA:78,12,0,0
BRDA:78,12,1,0
BRDA:85,13,0,0
BRDA:85,13,1,0
BRDA:86,14,0,0
BRDA:86,14,1,0
BRDA:92,15,0,0
BRDA:92,15,1,0
BRDA:93,16,0,0
BRDA:93,16,1,0
BRDA:100,17,0,0
BRDA:100,17,1,0
BRDA:103,18,0,0
BRDA:103,18,1,0
BRDA:105,19,0,0
BRDA:105,19,1,0
BRDA:109,20,0,0
BRDA:109,20,1,0
BRDA:123,21,0,0
BRDA:123,21,1,0
BRDA:136,22,0,0
BRDA:136,22,1,0
BRDA:143,23,0,0
BRDA:143,23,1,0
BRDA:146,24,0,0
BRDA:146,24,1,0
BRF:49
BRH:0
end_of_record
TN:
SF:src/components/Chat/components/ConversationHeader.tsx
FN:18,(anonymous_0)
FNF:1
FNH:0
FNDA:0,(anonymous_0)
DA:18,0
DA:24,0
DA:29,0
DA:32,0
DA:33,0
DA:34,0
DA:35,0
DA:36,0
DA:37,0
DA:39,0
DA:43,0
DA:45,0
DA:91,0
LF:13
LH:0
BRDA:24,0,0,0
BRDA:24,0,1,0
BRDA:24,1,0,0
BRDA:24,1,1,0
BRDA:29,2,0,0
BRDA:29,2,1,0
BRDA:29,3,0,0
BRDA:29,3,1,0
BRDA:32,4,0,0
BRDA:32,4,1,0
BRDA:33,5,0,0
BRDA:33,5,1,0
BRDA:34,6,0,0
BRDA:34,6,1,0
BRDA:35,7,0,0
BRDA:35,7,1,0
BRDA:36,8,0,0
BRDA:36,8,1,0
BRDA:43,9,0,0
BRDA:43,9,1,0
BRDA:55,10,0,0
BRDA:55,10,1,0
BRDA:60,11,0,0
BRDA:60,11,1,0
BRDA:63,12,0,0
BRDA:63,12,1,0
BRDA:64,13,0,0
BRDA:64,13,1,0
BRDA:74,14,0,0
BRDA:74,14,1,0
BRDA:76,15,0,0
BRDA:76,15,1,0
BRDA:77,16,0,0
BRDA:77,16,1,0
BRF:34
BRH:0
end_of_record
TN:
SF:src/components/Chat/components/EmptyState.tsx
FN:13,(anonymous_0)
FNF:1
FNH:0
FNDA:0,(anonymous_0)
DA:13,0
DA:20,0
DA:31,0
LF:3
LH:0
BRDA:14,0,0,0
BRDA:15,1,0,0
BRDA:16,2,0,0
BRDA:17,3,0,0
BRDA:18,4,0,0
BRF:5
BRH:0
end_of_record
TN:
SF:src/components/Chat/components/ErrorState.tsx
FN:11,(anonymous_0)
FNF:1
FNH:0
FNDA:0,(anonymous_0)
DA:11,0
DA:16,0
DA:34,0
LF:3
LH:0
BRDA:14,0,0,0
BRDA:20,1,0,0
BRDA:20,1,1,0
BRDA:22,2,0,0
BRDA:22,2,1,0
BRF:5
BRH:0
end_of_record
TN:
SF:src/components/Chat/components/LoadingState.tsx
FN:10,(anonymous_0)
FNF:1
FNH:0
FNDA:0,(anonymous_0)
DA:10,0
DA:15,0
DA:23,0
LF:3
LH:0
BRDA:11,0,0,0
BRDA:12,1,0,0
BRDA:13,2,0,0
BRF:3
BRH:0
end_of_record
TN:
SF:src/components/Chat/components/MessageBubble.tsx
FN:12,(anonymous_0)
FN:19,(anonymous_1)
FN:49,(anonymous_2)
FN:53,(anonymous_3)
FNF:4
FNH:0
FNDA:0,(anonymous_0)
FNDA:0,(anonymous_1)
FNDA:0,(anonymous_2)
FNDA:0,(anonymous_3)
DA:12,0
DA:19,0
DA:20,0
DA:22,0
DA:23,0
DA:26,0
DA:27,0
DA:31,0
DA:32,0
DA:33,0
DA:34,0
DA:38,0
DA:48,0
DA:49,0
DA:53,0
DA:54,0
DA:55,0
DA:56,0
DA:60,0
DA:63,0
DA:122,0
LF:21
LH:0
BRDA:15,0,0,0
BRDA:16,1,0,0
BRDA:20,2,0,0
BRDA:20,2,1,0
BRDA:26,3,0,0
BRDA:26,3,1,0
BRDA:33,4,0,0
BRDA:33,4,1,0
BRDA:48,5,0,0
BRDA:48,5,1,0
BRDA:54,6,0,0
BRDA:54,6,1,0
BRDA:56,7,0,0
BRDA:56,7,1,0
BRDA:58,8,0,0
BRDA:58,8,1,0
BRDA:58,9,0,0
BRDA:58,9,1,0
BRDA:66,10,0,0
BRDA:66,10,1,0
BRDA:71,11,0,0
BRDA:71,11,1,0
BRDA:72,12,0,0
BRDA:72,12,1,0
BRDA:77,13,0,0
BRDA:77,13,1,0
BRDA:81,14,0,0
BRDA:81,14,1,0
BRDA:86,15,0,0
BRDA:86,15,1,0
BRDA:91,16,0,0
BRDA:91,16,1,0
BRDA:98,17,0,0
BRDA:98,17,1,0
BRDA:98,17,2,0
BRDA:107,18,0,0
BRDA:107,18,1,0
BRF:37
BRH:0
end_of_record
TN:
SF:src/components/Chat/components/index.ts
FNF:0
FNH:0
LF:0
LH:0
BRF:0
BRH:0
end_of_record
TN:
SF:src/components/MapShowCluster/MapShowCluster.tsx
FN:74,(anonymous_0)
FN:91,(anonymous_1)
FN:92,(anonymous_2)
FN:106,(anonymous_3)
FN:118,(anonymous_4)
FN:127,(anonymous_5)
FN:133,(anonymous_6)
FN:140,(anonymous_7)
FN:147,(anonymous_8)
FN:153,(anonymous_9)
FN:169,(anonymous_10)
FN:205,(anonymous_11)
FN:214,(anonymous_12)
FN:261,(anonymous_13)
FN:289,(anonymous_14)
FN:299,(anonymous_15)
FN:309,(anonymous_16)
FN:319,(anonymous_17)
FN:327,(anonymous_18)
FN:353,(anonymous_19)
FN:370,(anonymous_20)
FN:410,(anonymous_21)
FN:423,(anonymous_22)
FN:431,(anonymous_23)
FN:441,(anonymous_24)
FN:458,(anonymous_25)
FN:468,(anonymous_26)
FN:527,(anonymous_27)
FN:534,(anonymous_28)
FNF:29
FNH:0
FNDA:0,(anonymous_0)
FNDA:0,(anonymous_1)
FNDA:0,(anonymous_2)
FNDA:0,(anonymous_3)
FNDA:0,(anonymous_4)
FNDA:0,(anonymous_5)
FNDA:0,(anonymous_6)
FNDA:0,(anonymous_7)
FNDA:0,(anonymous_8)
FNDA:0,(anonymous_9)
FNDA:0,(anonymous_10)
FNDA:0,(anonymous_11)
FNDA:0,(anonymous_12)
FNDA:0,(anonymous_13)
FNDA:0,(anonymous_14)
FNDA:0,(anonymous_15)
FNDA:0,(anonymous_16)
FNDA:0,(anonymous_17)
FNDA:0,(anonymous_18)
FNDA:0,(anonymous_19)
FNDA:0,(anonymous_20)
FNDA:0,(anonymous_21)
FNDA:0,(anonymous_22)
FNDA:0,(anonymous_23)
FNDA:0,(anonymous_24)
FNDA:0,(anonymous_25)
FNDA:0,(anonymous_26)
FNDA:0,(anonymous_27)
FNDA:0,(anonymous_28)
DA:30,0
DA:74,0
DA:86,0
DA:87,0
DA:88,0
DA:91,0
DA:92,0
DA:93,0
DA:94,0
DA:101,0
DA:106,0
DA:107,0
DA:110,0
DA:114,0
DA:115,0
DA:117,0
DA:119,0
DA:120,0
DA:123,0
DA:124,0
DA:128,0
DA:133,0
DA:134,0
DA:137,0
DA:139,0
DA:141,0
DA:142,0
DA:144,0
DA:148,0
DA:153,0
DA:154,0
DA:155,0
DA:158,0
DA:159,0
DA:160,0
DA:163,0
DA:164,0
DA:165,0
DA:167,0
DA:168,0
DA:169,0
DA:171,0
DA:172,0
DA:173,0
DA:174,0
DA:177,0
DA:179,0
DA:180,0
DA:181,0
DA:182,0
DA:184,0
DA:185,0
DA:186,0
DA:188,0
DA:189,0
DA:190,0
DA:192,0
DA:193,0
DA:196,0
DA:197,0
DA:200,0
DA:201,0
DA:204,0
DA:205,0
DA:206,0
DA:207,0
DA:208,0
DA:214,0
DA:216,0
DA:217,0
DA:220,0
DA:223,0
DA:224,0
DA:225,0
DA:227,0
DA:228,0
DA:232,0
DA:233,0
DA:237,0
DA:240,0
DA:243,0
DA:244,0
DA:247,0
DA:262,0
DA:263,0
DA:289,0
DA:299,0
DA:309,0
DA:319,0
DA:327,0
DA:353,0
DA:354,0
DA:356,0
DA:370,0
DA:372,0
DA:373,0
DA:376,0
DA:379,0
DA:380,0
DA:381,0
DA:383,0
DA:384,0
DA:388,0
DA:389,0
DA:392,0
DA:407,0
DA:410,0
DA:411,0
DA:412,0
DA:422,0
DA:424,0
DA:431,0
DA:432,0
DA:433,0
DA:434,0
DA:436,0
DA:440,0
DA:442,0
DA:449,0
DA:450,0
DA:456,0
DA:457,0
DA:458,0
DA:459,0
DA:468,0
DA:469,0
DA:476,0
DA:477,0
DA:479,0
DA:482,0
DA:490,0
DA:495,0
DA:527,0
DA:534,0
DA:544,0
LF:135
LH:0
BRDA:79,0,0,0
BRDA:80,1,0,0
BRDA:81,2,0,0
BRDA:82,3,0,0
BRDA:83,4,0,0
BRDA:84,5,0,0
BRDA:93,6,0,0
BRDA:93,6,1,0
BRDA:107,7,0,0
BRDA:107,7,1,0
BRDA:119,8,0,0
BRDA:119,8,1,0
BRDA:134,9,0,0
BRDA:134,9,1,0
BRDA:137,10,0,0
BRDA:137,10,1,0
BRDA:141,11,0,0
BRDA:141,11,1,0
BRDA:158,12,0,0
BRDA:158,12,1,0
BRDA:171,13,0,0
BRDA:171,13,1,0
BRDA:179,14,0,0
BRDA:179,14,1,0
BRDA:182,15,0,0
BRDA:182,15,1,0
BRDA:216,16,0,0
BRDA:216,16,1,0
BRDA:223,17,0,0
BRDA:223,17,1,0
BRDA:224,18,0,0
BRDA:224,18,1,0
BRDA:232,19,0,0
BRDA:232,19,1,0
BRDA:237,20,0,0
BRDA:237,20,1,0
BRDA:243,21,0,0
BRDA:243,21,1,0
BRDA:271,22,0,0
BRDA:271,22,1,0
BRDA:284,23,0,0
BRDA:284,23,1,0
BRDA:286,24,0,0
BRDA:286,24,1,0
BRDA:296,25,0,0
BRDA:296,25,1,0
BRDA:306,26,0,0
BRDA:306,26,1,0
BRDA:316,27,0,0
BRDA:316,27,1,0
BRDA:324,28,0,0
BRDA:324,28,1,0
BRDA:338,29,0,0
BRDA:338,29,1,0
BRDA:343,30,0,0
BRDA:343,30,1,0
BRDA:372,31,0,0
BRDA:372,31,1,0
BRDA:379,32,0,0
BRDA:379,32,1,0
BRDA:380,33,0,0
BRDA:380,33,1,0
BRDA:388,34,0,0
BRDA:388,34,1,0
BRDA:407,35,0,0
BRDA:407,35,1,0
BRDA:411,36,0,0
BRDA:411,36,1,0
BRDA:416,37,0,0
BRDA:416,37,1,0
BRDA:416,37,2,0
BRDA:424,38,0,0
BRDA:424,38,1,0
BRDA:424,38,2,0
BRDA:424,38,3,0
BRDA:432,39,0,0
BRDA:432,39,1,0
BRDA:433,40,0,0
BRDA:433,40,1,0
BRDA:442,41,0,0
BRDA:442,41,1,0
BRDA:442,41,2,0
BRDA:442,41,3,0
BRDA:449,42,0,0
BRDA:449,42,1,0
BRDA:456,43,0,0
BRDA:456,43,1,0
BRDA:460,44,0,0
BRDA:460,44,1,0
BRDA:460,45,0,0
BRDA:460,45,1,0
BRDA:468,46,0,0
BRDA:469,47,0,0
BRDA:469,47,1,0
BRDA:470,48,0,0
BRDA:470,48,1,0
BRDA:470,48,2,0
BRDA:477,49,0,0
BRDA:477,49,1,0
BRDA:479,50,0,0
BRDA:479,50,1,0
BRF:101
BRH:0
end_of_record
TN:
SF:src/components/MapShowCluster/index.ts
FNF:0
FNH:0
LF:0
LH:0
BRF:0
BRH:0
end_of_record
TN:
SF:src/components/MapShowCluster/components/CalloutContent.tsx
FN:38,(anonymous_0)
FNF:1
FNH:0
FNDA:0,(anonymous_0)
DA:38,0
DA:39,0
DA:40,0
DA:41,0
DA:42,0
DA:44,0
DA:45,0
DA:47,0
LF:8
LH:0
BRDA:41,0,0,0
BRDA:41,0,1,0
BRF:2
BRH:0
end_of_record
TN:
SF:src/components/MapShowCluster/components/index.ts
FNF:0
FNH:0
LF:0
LH:0
BRF:0
BRH:0
end_of_record
TN:
SF:src/components/common/Avatar.tsx
FN:23,(anonymous_0)
FN:35,(anonymous_1)
FN:52,(anonymous_2)
FN:97,(anonymous_3)
FN:98,(anonymous_4)
FN:99,(anonymous_5)
FNF:6
FNH:0
FNDA:0,(anonymous_0)
FNDA:0,(anonymous_1)
FNDA:0,(anonymous_2)
FNDA:0,(anonymous_3)
FNDA:0,(anonymous_4)
FNDA:0,(anonymous_5)
DA:23,0
DA:31,0
DA:32,0
DA:35,0
DA:36,0
DA:38,0
DA:39,0
DA:41,0
DA:42,0
DA:45,0
DA:52,0
DA:53,0
DA:55,0
DA:63,0
DA:64,0
DA:65,0
DA:68,0
DA:69,0
DA:73,0
DA:85,0
DA:86,0
DA:97,0
DA:98,0
DA:100,0
DA:101,0
DA:116,0
DA:117,0
DA:136,0
LF:28
LH:0
BRDA:25,0,0,0
BRDA:36,1,0,0
BRDA:36,1,1,0
BRDA:39,2,0,0
BRDA:39,2,1,0
BRDA:41,3,0,0
BRDA:41,3,1,0
BRDA:53,4,0,0
BRDA:53,4,1,0
BRDA:85,5,0,0
BRDA:85,5,1,0
BRDA:85,6,0,0
BRDA:85,6,1,0
BRDA:104,7,0,0
BRDA:104,7,1,0
BRDA:116,8,0,0
BRDA:116,8,1,0
BRF:17
BRH:0
end_of_record
TN:
SF:src/components/messaging/ChatWindow.tsx
FN:33,(anonymous_0)
FN:56,(anonymous_1)
FN:59,(anonymous_2)
FN:79,(anonymous_3)
FN:97,(anonymous_4)
FN:98,(anonymous_5)
FN:100,(anonymous_6)
FN:114,(anonymous_7)
FN:123,(anonymous_8)
FN:124,(anonymous_9)
FN:148,(anonymous_10)
FN:154,(anonymous_11)
FN:163,(anonymous_12)
FN:185,(anonymous_13)
FN:190,(anonymous_14)
FN:217,(anonymous_15)
FN:230,(anonymous_16)
FN:255,(anonymous_17)
FN:301,(anonymous_18)
FN:311,(anonymous_19)
FN:322,(anonymous_20)
FN:339,(anonymous_21)
FN:344,(anonymous_22)
FN:366,(anonymous_23)
FN:425,(anonymous_24)
FN:427,(anonymous_25)
FNF:26
FNH:0
FNDA:0,(anonymous_0)
FNDA:0,(anonymous_1)
FNDA:0,(anonymous_2)
FNDA:0,(anonymous_3)
FNDA:0,(anonymous_4)
FNDA:0,(anonymous_5)
FNDA:0,(anonymous_6)
FNDA:0,(anonymous_7)
FNDA:0,(anonymous_8)
FNDA:0,(anonymous_9)
FNDA:0,(anonymous_10)
FNDA:0,(anonymous_11)
FNDA:0,(anonymous_12)
FNDA:0,(anonymous_13)
FNDA:0,(anonymous_14)
FNDA:0,(anonymous_15)
FNDA:0,(anonymous_16)
FNDA:0,(anonymous_17)
FNDA:0,(anonymous_18)
FNDA:0,(anonymous_19)
FNDA:0,(anonymous_20)
FNDA:0,(anonymous_21)
FNDA:0,(anonymous_22)
FNDA:0,(anonymous_23)
FNDA:0,(anonymous_24)
FNDA:0,(anonymous_25)
DA:33,0
DA:39,0
DA:40,0
DA:41,0
DA:42,0
DA:43,0
DA:44,0
DA:45,0
DA:46,0
DA:47,0
DA:48,0
DA:49,0
DA:50,0
DA:51,0
DA:52,0
DA:53,0
DA:56,0
DA:57,0
DA:59,0
DA:60,0
DA:61,0
DA:62,0
DA:63,0
DA:64,0
DA:67,0
DA:68,0
DA:72,0
DA:73,0
DA:74,0
DA:79,0
DA:80,0
DA:81,0
DA:82,0
DA:83,0
DA:86,0
DA:90,0
DA:91,0
DA:94,0
DA:95,0
DA:98,0
DA:100,0
DA:101,0
DA:103,0
DA:107,0
DA:108,0
DA:114,0
DA:115,0
DA:116,0
DA:117,0
DA:123,0
DA:124,0
DA:125,0
DA:126,0
DA:127,0
DA:129,0
DA:131,0
DA:132,0
DA:135,0
DA:139,0
DA:144,0
DA:148,0
DA:149,0
DA:150,0
DA:154,0
DA:155,0
DA:156,0
DA:159,0
DA:160,0
DA:163,0
DA:164,0
DA:166,0
DA:168,0
DA:169,0
DA:171,0
DA:173,0
DA:176,0
DA:178,0
DA:179,0
DA:181,0
DA:185,0
DA:186,0
DA:187,0
DA:190,0
DA:191,0
DA:192,0
DA:195,0
DA:196,0
DA:202,0
DA:203,0
DA:205,0
DA:208,0
DA:209,0
DA:211,0
DA:212,0
DA:213,0
DA:217,0
DA:218,0
DA:219,0
DA:222,0
DA:231,0
DA:232,0
DA:238,0
DA:240,0
DA:241,0
DA:243,0
DA:246,0
DA:247,0
DA:255,0
DA:256,0
DA:257,0
DA:258,0
DA:261,0
DA:262,0
DA:272,0
DA:301,0
DA:311,0
DA:322,0
DA:323,0
DA:325,0
DA:339,0
DA:340,0
DA:344,0
DA:367,0
DA:368,0
DA:391,0
DA:392,0
DA:400,0
DA:425,0
DA:427,0
DA:485,0
LF:130
LH:0
BRDA:36,0,0,0
BRDA:62,1,0,0
BRDA:62,1,1,0
BRDA:67,2,0,0
BRDA:67,2,1,0
BRDA:73,3,0,0
BRDA:73,3,1,0
BRDA:82,4,0,0
BRDA:82,4,1,0
BRDA:82,5,0,0
BRDA:82,5,1,0
BRDA:94,6,0,0
BRDA:94,6,1,0
BRDA:100,7,0,0
BRDA:100,7,1,0
BRDA:107,8,0,0
BRDA:107,8,1,0
BRDA:116,9,0,0
BRDA:116,9,1,0
BRDA:125,10,0,0
BRDA:125,10,1,0
BRDA:129,11,0,0
BRDA:129,11,1,0
BRDA:131,12,0,0
BRDA:131,12,1,0
BRDA:149,13,0,0
BRDA:149,13,1,0
BRDA:149,14,0,0
BRDA:149,14,1,0
BRDA:155,15,0,0
BRDA:155,15,1,0
BRDA:155,16,0,0
BRDA:155,16,1,0
BRDA:155,16,2,0
BRDA:166,17,0,0
BRDA:166,17,1,0
BRDA:169,18,0,0
BRDA:169,18,1,0
BRDA:179,19,0,0
BRDA:179,19,1,0
BRDA:191,20,0,0
BRDA:191,20,1,0
BRDA:191,21,0,0
BRDA:191,21,1,0
BRDA:191,21,2,0
BRDA:202,22,0,0
BRDA:202,22,1,0
BRDA:218,23,0,0
BRDA:218,23,1,0
BRDA:218,24,0,0
BRDA:218,24,1,0
BRDA:238,25,0,0
BRDA:238,25,1,0
BRDA:257,26,0,0
BRDA:257,26,1,0
BRDA:261,27,0,0
BRDA:261,27,1,0
BRDA:275,28,0,0
BRDA:275,28,1,0
BRDA:277,29,0,0
BRDA:277,29,1,0
BRDA:285,30,0,0
BRDA:285,30,1,0
BRDA:287,31,0,0
BRDA:287,31,1,0
BRDA:298,32,0,0
BRDA:298,32,1,0
BRDA:298,32,2,0
BRDA:308,33,0,0
BRDA:308,33,1,0
BRDA:308,33,2,0
BRDA:323,34,0,0
BRDA:323,34,1,0
BRDA:332,35,0,0
BRDA:332,35,1,0
BRDA:378,36,0,0
BRDA:378,36,1,0
BRDA:391,37,0,0
BRDA:391,37,1,0
BRDA:403,38,0,0
BRDA:403,38,1,0
BRDA:404,39,0,0
BRDA:404,39,1,0
BRDA:407,40,0,0
BRDA:407,40,1,0
BRDA:413,41,0,0
BRDA:413,41,1,0
BRDA:431,42,0,0
BRDA:431,42,1,0
BRDA:431,42,2,0
BRDA:445,43,0,0
BRDA:445,43,1,0
BRDA:445,43,2,0
BRDA:448,44,0,0
BRDA:448,44,1,0
BRDA:450,45,0,0
BRDA:450,45,1,0
BRDA:460,46,0,0
BRDA:460,46,1,0
BRDA:460,46,2,0
BRDA:460,46,3,0
BRDA:472,47,0,0
BRDA:472,47,1,0
BRF:103
BRH:0
end_of_record
TN:
SF:src/components/ui/Button.tsx
FN:62,(anonymous_0)
FNF:1
FNH:0
FNDA:0,(anonymous_0)
DA:62,0
DA:73,0
DA:76,0
DA:79,0
DA:82,0
DA:85,0
DA:91,0
DA:97,0
LF:8
LH:0
BRDA:63,0,0,0
BRDA:66,1,0,0
BRDA:67,2,0,0
BRDA:70,3,0,0
BRDA:82,4,0,0
BRDA:82,4,1,0
BRDA:87,5,0,0
BRDA:87,5,1,0
BRDA:93,6,0,0
BRDA:93,6,1,0
BRDA:102,7,0,0
BRDA:102,7,1,0
BRDA:104,8,0,0
BRDA:104,8,1,0
BRDA:109,9,0,0
BRDA:109,9,1,0
BRF:16
BRH:0
end_of_record
TN:
SF:src/components/ui/ErrorDisplay.tsx
FN:45,(anonymous_0)
FNF:1
FNH:0
FNDA:0,(anonymous_0)
DA:45,0
DA:54,0
DA:57,0
DA:62,0
DA:63,0
DA:76,0
LF:6
LH:0
BRDA:46,0,0,0
BRDA:47,1,0,0
BRDA:50,2,0,0
BRDA:57,3,0,0
BRDA:57,3,1,0
BRDA:62,4,0,0
BRDA:62,4,1,0
BRDA:86,5,0,0
BRDA:86,5,1,0
BRF:9
BRH:0
end_of_record
TN:
SF:src/components/ui/Loading.tsx
FN:34,(anonymous_0)
FNF:1
FNH:0
FNDA:0,(anonymous_0)
DA:34,0
DA:41,0
DA:44,0
DA:48,0
LF:4
LH:0
BRDA:35,0,0,0
BRDA:37,1,0,0
BRDA:44,2,0,0
BRDA:44,2,1,0
BRDA:54,3,0,0
BRDA:54,3,1,0
BRF:6
BRH:0
end_of_record
TN:
SF:src/components/ui/SocialIcon.tsx
FN:48,(anonymous_0)
FN:57,(anonymous_1)
FN:76,(anonymous_2)
FNF:3
FNH:0
FNDA:0,(anonymous_0)
FNDA:0,(anonymous_1)
FNDA:0,(anonymous_2)
DA:48,0
DA:57,0
DA:58,0
DA:60,0
DA:62,0
DA:65,0
DA:67,0
DA:69,0
DA:71,0
DA:76,0
DA:77,0
DA:79,0
DA:81,0
DA:83,0
DA:85,0
DA:87,0
DA:89,0
DA:93,0
DA:114,0
LF:19
LH:0
BRDA:53,0,0,0
BRDA:54,1,0,0
BRDA:58,2,0,0
BRDA:58,2,1,0
BRDA:58,2,2,0
BRDA:58,2,3,0
BRDA:58,2,4,0
BRDA:58,2,5,0
BRDA:77,3,0,0
BRDA:77,3,1,0
BRDA:77,3,2,0
BRDA:77,3,3,0
BRDA:77,3,4,0
BRDA:77,3,5,0
BRF:14
BRH:0
end_of_record
TN:
SF:src/components/ui/index.ts
FNF:0
FNH:0
LF:0
LH:0
BRF:0
BRH:0
end_of_record
TN:
SF:src/contexts/AuthContext.tsx
FN:70,(anonymous_0)
FN:71,(anonymous_1)
FN:72,(anonymous_2)
FN:73,(anonymous_3)
FN:74,(anonymous_4)
FN:75,(anonymous_5)
FN:76,(anonymous_6)
FN:77,(anonymous_7)
FN:78,(anonymous_8)
FN:82,(anonymous_9)
FN:87,(anonymous_10)
FN:117,(anonymous_11)
FN:118,(anonymous_12)
FN:191,(anonymous_13)
FN:237,(anonymous_14)
FN:259,(anonymous_15)
FN:265,(anonymous_16)
FN:268,(anonymous_17)
FN:430,(anonymous_18)
FN:439,(anonymous_19)
FN:467,(anonymous_20)
FN:478,(anonymous_21)
FN:480,(anonymous_22)
FN:499,(anonymous_23)
FN:509,(anonymous_24)
FN:511,(anonymous_25)
FN:515,(anonymous_26)
FN:522,(anonymous_27)
FN:532,(anonymous_28)
FN:534,(anonymous_29)
FN:549,(anonymous_30)
FN:557,(anonymous_31)
FN:567,(anonymous_32)
FN:585,(anonymous_33)
FN:594,(anonymous_34)
FN:612,(anonymous_35)
FN:621,(anonymous_36)
FN:622,(anonymous_37)
FN:638,(anonymous_38)
FN:643,(anonymous_39)
FN:700,(anonymous_40)
FN:710,(anonymous_41)
FN:754,(anonymous_42)
FNF:43
FNH:0
FNDA:0,(anonymous_0)
FNDA:0,(anonymous_1)
FNDA:0,(anonymous_2)
FNDA:0,(anonymous_3)
FNDA:0,(anonymous_4)
FNDA:0,(anonymous_5)
FNDA:0,(anonymous_6)
FNDA:0,(anonymous_7)
FNDA:0,(anonymous_8)
FNDA:0,(anonymous_9)
FNDA:0,(anonymous_10)
FNDA:0,(anonymous_11)
FNDA:0,(anonymous_12)
FNDA:0,(anonymous_13)
FNDA:0,(anonymous_14)
FNDA:0,(anonymous_15)
FNDA:0,(anonymous_16)
FNDA:0,(anonymous_17)
FNDA:0,(anonymous_18)
FNDA:0,(anonymous_19)
FNDA:0,(anonymous_20)
FNDA:0,(anonymous_21)
FNDA:0,(anonymous_22)
FNDA:0,(anonymous_23)
FNDA:0,(anonymous_24)
FNDA:0,(anonymous_25)
FNDA:0,(anonymous_26)
FNDA:0,(anonymous_27)
FNDA:0,(anonymous_28)
FNDA:0,(anonymous_29)
FNDA:0,(anonymous_30)
FNDA:0,(anonymous_31)
FNDA:0,(anonymous_32)
FNDA:0,(anonymous_33)
FNDA:0,(anonymous_34)
FNDA:0,(anonymous_35)
FNDA:0,(anonymous_36)
FNDA:0,(anonymous_37)
FNDA:0,(anonymous_38)
FNDA:0,(anonymous_39)
FNDA:0,(anonymous_40)
FNDA:0,(anonymous_41)
FNDA:0,(anonymous_42)
DA:25,0
DA:57,0
DA:65,0
DA:70,0
DA:71,0
DA:72,0
DA:73,0
DA:74,0
DA:75,0
DA:76,0
DA:78,0
DA:82,0
DA:83,0
DA:84,0
DA:87,0
DA:88,0
DA:89,0
DA:90,0
DA:93,0
DA:95,0
DA:101,0
DA:102,0
DA:103,0
DA:107,0
DA:108,0
DA:109,0
DA:111,0
DA:117,0
DA:118,0
DA:119,0
DA:121,0
DA:123,0
DA:124,0
DA:127,0
DA:129,0
DA:135,0
DA:136,0
DA:140,0
DA:160,0
DA:168,0
DA:171,0
DA:179,0
DA:180,0
DA:190,0
DA:192,0
DA:193,0
DA:195,0
DA:201,0
DA:202,0
DA:206,0
DA:226,0
DA:234,0
DA:236,0
DA:237,0
DA:243,0
DA:244,0
DA:250,0
DA:256,0
DA:259,0
DA:260,0
DA:265,0
DA:267,0
DA:268,0
DA:271,0
DA:274,0
DA:276,0
DA:279,0
DA:286,0
DA:287,0
DA:290,0
DA:291,0
DA:293,0
DA:296,0
DA:297,0
DA:300,0
DA:303,0
DA:324,0
DA:331,0
DA:332,0
DA:336,0
DA:338,0
DA:342,0
DA:343,0
DA:345,0
DA:346,0
DA:350,0
DA:357,0
DA:358,0
DA:362,0
DA:364,0
DA:366,0
DA:369,0
DA:371,0
DA:372,0
DA:376,0
DA:383,0
DA:384,0
DA:387,0
DA:388,0
DA:392,0
DA:394,0
DA:396,0
DA:403,0
DA:404,0
DA:407,0
DA:411,0
DA:412,0
DA:414,0
DA:421,0
DA:422,0
DA:425,0
DA:430,0
DA:438,0
DA:439,0
DA:441,0
DA:450,0
DA:457,0
DA:458,0
DA:462,0
DA:464,0
DA:466,0
DA:467,0
DA:473,0
DA:478,0
DA:479,0
DA:480,0
DA:482,0
DA:484,0
DA:491,0
DA:492,0
DA:496,0
DA:498,0
DA:499,0
DA:504,0
DA:509,0
DA:510,0
DA:511,0
DA:513,0
DA:515,0
DA:521,0
DA:522,0
DA:527,0
DA:532,0
DA:533,0
DA:534,0
DA:536,0
DA:537,0
DA:541,0
DA:547,0
DA:549,0
DA:556,0
DA:557,0
DA:562,0
DA:567,0
DA:568,0
DA:569,0
DA:570,0
DA:573,0
DA:577,0
DA:580,0
DA:582,0
DA:584,0
DA:585,0
DA:589,0
DA:594,0
DA:595,0
DA:596,0
DA:597,0
DA:600,0
DA:604,0
DA:607,0
DA:609,0
DA:611,0
DA:612,0
DA:616,0
DA:621,0
DA:622,0
DA:638,0
DA:639,0
DA:641,0
DA:642,0
DA:643,0
DA:644,0
DA:645,0
DA:647,0
DA:650,0
DA:654,0
DA:655,0
DA:656,0
DA:660,0
DA:666,0
DA:667,0
DA:668,0
DA:672,0
DA:691,0
DA:693,0
DA:695,0
DA:696,0
DA:700,0
DA:701,0
DA:702,0
DA:705,0
DA:706,0
DA:707,0
DA:710,0
DA:711,0
DA:712,0
DA:719,0
DA:721,0
DA:723,0
DA:724,0
DA:729,0
DA:746,0
DA:754,0
DA:755,0
DA:757,0
DA:758,0
DA:761,0
LF:218
LH:0
BRDA:88,0,0,0
BRDA:88,0,1,0
BRDA:101,1,0,0
BRDA:101,1,1,0
BRDA:107,2,0,0
BRDA:107,2,1,0
BRDA:123,3,0,0
BRDA:123,3,1,0
BRDA:127,4,0,0
BRDA:127,4,1,0
BRDA:135,5,0,0
BRDA:135,5,1,0
BRDA:142,6,0,0
BRDA:142,6,1,0
BRDA:144,7,0,0
BRDA:144,7,1,0
BRDA:153,8,0,0
BRDA:153,8,1,0
BRDA:154,9,0,0
BRDA:154,9,1,0
BRDA:157,10,0,0
BRDA:157,10,1,0
BRDA:168,11,0,0
BRDA:168,11,1,0
BRDA:183,12,0,0
BRDA:183,12,1,0
BRDA:192,13,0,0
BRDA:192,13,1,0
BRDA:192,14,0,0
BRDA:192,14,1,0
BRDA:201,15,0,0
BRDA:201,15,1,0
BRDA:208,16,0,0
BRDA:208,16,1,0
BRDA:210,17,0,0
BRDA:210,17,1,0
BRDA:219,18,0,0
BRDA:219,18,1,0
BRDA:220,19,0,0
BRDA:220,19,1,0
BRDA:223,20,0,0
BRDA:223,20,1,0
BRDA:234,21,0,0
BRDA:234,21,1,0
BRDA:240,22,0,0
BRDA:240,22,1,0
BRDA:243,23,0,0
BRDA:243,23,1,0
BRDA:274,24,0,0
BRDA:274,24,1,0
BRDA:291,25,0,0
BRDA:291,25,1,0
BRDA:296,26,0,0
BRDA:296,26,1,0
BRDA:305,27,0,0
BRDA:305,27,1,0
BRDA:345,28,0,0
BRDA:345,28,1,0
BRDA:371,29,0,0
BRDA:371,29,1,0
BRDA:470,30,0,0
BRDA:470,30,1,0
BRDA:502,31,0,0
BRDA:502,31,1,0
BRDA:525,32,0,0
BRDA:525,32,1,0
BRDA:536,33,0,0
BRDA:536,33,1,0
BRDA:560,34,0,0
BRDA:560,34,1,0
BRDA:569,35,0,0
BRDA:569,35,1,0
BRDA:587,36,0,0
BRDA:587,36,1,0
BRDA:596,37,0,0
BRDA:596,37,1,0
BRDA:614,38,0,0
BRDA:614,38,1,0
BRDA:644,39,0,0
BRDA:644,39,1,0
BRDA:655,40,0,0
BRDA:655,40,1,0
BRDA:666,41,0,0
BRDA:666,41,1,0
BRDA:666,42,0,0
BRDA:666,42,1,0
BRDA:674,43,0,0
BRDA:674,43,1,0
BRDA:676,44,0,0
BRDA:676,44,1,0
BRDA:678,45,0,0
BRDA:678,45,1,0
BRDA:682,46,0,0
BRDA:682,46,1,0
BRDA:683,47,0,0
BRDA:683,47,1,0
BRDA:685,48,0,0
BRDA:685,48,1,0
BRDA:686,49,0,0
BRDA:686,49,1,0
BRDA:687,50,0,0
BRDA:687,50,1,0
BRDA:688,51,0,0
BRDA:688,51,1,0
BRDA:689,52,0,0
BRDA:689,52,1,0
BRDA:702,53,0,0
BRDA:702,53,1,0
BRDA:706,54,0,0
BRDA:706,54,1,0
BRDA:711,55,0,0
BRDA:711,55,1,0
BRDA:732,56,0,0
BRDA:732,56,1,0
BRDA:733,57,0,0
BRDA:733,57,1,0
BRDA:734,58,0,0
BRDA:734,58,1,0
BRDA:757,59,0,0
BRDA:757,59,1,0
BRF:120
BRH:0
end_of_record
TN:
SF:src/contexts/ThemeContext/index.tsx
FN:28,(anonymous_0)
FN:49,(anonymous_1)
FNF:2
FNH:0
FNDA:0,(anonymous_0)
FNDA:0,(anonymous_1)
DA:12,0
DA:28,0
DA:30,0
DA:36,0
DA:49,0
LF:5
LH:0
BRDA:30,0,0,0
BRDA:30,0,1,0
BRF:2
BRH:0
end_of_record
TN:
SF:src/hooks/index.ts
FNF:0
FNH:0
LF:0
LH:0
BRF:0
BRH:0
end_of_record
TN:
SF:src/hooks/useConversationMessagesQuery.ts
FN:17,(anonymous_0)
FN:37,(anonymous_1)
FN:64,(anonymous_2)
FN:92,(anonymous_3)
FN:94,(anonymous_4)
FN:100,(anonymous_5)
FN:119,(anonymous_6)
FN:128,(anonymous_7)
FN:138,(anonymous_8)
FN:143,(anonymous_9)
FN:149,(anonymous_10)
FN:151,(anonymous_11)
FN:155,(anonymous_12)
FN:172,(anonymous_13)
FN:180,(anonymous_14)
FN:193,(anonymous_15)
FN:213,(anonymous_16)
FN:220,(anonymous_17)
FN:224,(anonymous_18)
FN:227,(anonymous_19)
FN:237,(anonymous_20)
FN:241,(anonymous_21)
FN:244,(anonymous_22)
FN:252,(anonymous_23)
FN:262,(anonymous_24)
FNF:25
FNH:0
FNDA:0,(anonymous_0)
FNDA:0,(anonymous_1)
FNDA:0,(anonymous_2)
FNDA:0,(anonymous_3)
FNDA:0,(anonymous_4)
FNDA:0,(anonymous_5)
FNDA:0,(anonymous_6)
FNDA:0,(anonymous_7)
FNDA:0,(anonymous_8)
FNDA:0,(anonymous_9)
FNDA:0,(anonymous_10)
FNDA:0,(anonymous_11)
FNDA:0,(anonymous_12)
FNDA:0,(anonymous_13)
FNDA:0,(anonymous_14)
FNDA:0,(anonymous_15)
FNDA:0,(anonymous_16)
FNDA:0,(anonymous_17)
FNDA:0,(anonymous_18)
FNDA:0,(anonymous_19)
FNDA:0,(anonymous_20)
FNDA:0,(anonymous_21)
FNDA:0,(anonymous_22)
FNDA:0,(anonymous_23)
FNDA:0,(anonymous_24)
DA:17,0
DA:21,0
DA:22,0
DA:27,0
DA:35,0
DA:38,0
DA:40,0
DA:44,0
DA:50,0
DA:51,0
DA:52,0
DA:56,0
DA:57,0
DA:58,0
DA:63,0
DA:64,0
DA:66,0
DA:67,0
DA:71,0
DA:82,0
DA:84,0
DA:92,0
DA:96,0
DA:102,0
DA:103,0
DA:107,0
DA:114,0
DA:117,0
DA:121,0
DA:124,0
DA:129,0
DA:135,0
DA:138,0
DA:143,0
DA:144,0
DA:147,0
DA:151,0
DA:152,0
DA:155,0
DA:156,0
DA:159,0
DA:163,0
DA:164,0
DA:169,0
DA:172,0
DA:173,0
DA:174,0
DA:179,0
DA:181,0
DA:184,0
DA:185,0
DA:187,0
DA:188,0
DA:190,0
DA:194,0
DA:197,0
DA:200,0
DA:213,0
DA:214,0
DA:215,0
DA:218,0
DA:221,0
DA:224,0
DA:225,0
DA:227,0
DA:228,0
DA:233,0
DA:238,0
DA:241,0
DA:242,0
DA:244,0
DA:245,0
DA:252,0
DA:253,0
DA:256,0
DA:262,0
LF:76
LH:0
BRDA:38,0,0,0
BRDA:38,0,1,0
BRDA:50,1,0,0
BRDA:50,1,1,0
BRDA:56,2,0,0
BRDA:56,2,1,0
BRDA:56,3,0,0
BRDA:56,3,1,0
BRDA:66,4,0,0
BRDA:66,4,1,0
BRDA:66,5,0,0
BRDA:66,5,1,0
BRDA:102,6,0,0
BRDA:102,6,1,0
BRDA:107,7,0,0
BRDA:107,7,1,0
BRDA:108,8,0,0
BRDA:108,8,1,0
BRDA:108,8,2,0
BRDA:108,8,3,0
BRDA:108,8,4,0
BRDA:135,9,0,0
BRDA:135,9,1,0
BRDA:144,10,0,0
BRDA:144,10,1,0
BRDA:144,11,0,0
BRDA:144,11,1,0
BRDA:152,12,0,0
BRDA:152,12,1,0
BRDA:155,13,0,0
BRDA:155,13,1,0
BRDA:163,14,0,0
BRDA:163,14,1,0
BRDA:163,15,0,0
BRDA:163,15,1,0
BRDA:181,16,0,0
BRDA:181,16,1,0
BRDA:181,17,0,0
BRDA:181,17,1,0
BRDA:185,18,0,0
BRDA:185,18,1,0
BRDA:187,19,0,0
BRDA:187,19,1,0
BRDA:187,20,0,0
BRDA:187,20,1,0
BRDA:194,21,0,0
BRDA:194,21,1,0
BRDA:194,22,0,0
BRDA:194,22,1,0
BRDA:214,23,0,0
BRDA:214,23,1,0
BRDA:221,24,0,0
BRDA:221,24,1,0
BRDA:225,25,0,0
BRDA:225,25,1,0
BRDA:228,26,0,0
BRDA:228,26,1,0
BRDA:238,27,0,0
BRDA:238,27,1,0
BRDA:242,28,0,0
BRDA:242,28,1,0
BRDA:252,29,0,0
BRDA:252,29,1,0
BRDA:253,30,0,0
BRDA:253,30,1,0
BRDA:257,31,0,0
BRDA:257,31,1,0
BRF:67
BRH:0
end_of_record
TN:
SF:src/hooks/useConversationsQuery.ts
FN:16,(anonymous_0)
FN:28,(anonymous_1)
FN:74,(anonymous_2)
FN:76,(anonymous_3)
FN:90,(anonymous_4)
FN:95,(anonymous_5)
FN:105,(anonymous_6)
FN:123,(anonymous_7)
FN:131,(anonymous_8)
FN:135,(anonymous_9)
FN:137,(anonymous_10)
FN:140,(anonymous_11)
FN:155,(anonymous_12)
FN:165,(anonymous_13)
FN:177,(anonymous_14)
FN:179,(anonymous_15)
FN:182,(anonymous_16)
FN:191,(anonymous_17)
FN:208,(anonymous_18)
FN:218,(anonymous_19)
FN:226,(anonymous_20)
FN:236,(anonymous_21)
FN:238,(anonymous_22)
FN:240,(anonymous_23)
FNF:24
FNH:0
FNDA:0,(anonymous_0)
FNDA:0,(anonymous_1)
FNDA:0,(anonymous_2)
FNDA:0,(anonymous_3)
FNDA:0,(anonymous_4)
FNDA:0,(anonymous_5)
FNDA:0,(anonymous_6)
FNDA:0,(anonymous_7)
FNDA:0,(anonymous_8)
FNDA:0,(anonymous_9)
FNDA:0,(anonymous_10)
FNDA:0,(anonymous_11)
FNDA:0,(anonymous_12)
FNDA:0,(anonymous_13)
FNDA:0,(anonymous_14)
FNDA:0,(anonymous_15)
FNDA:0,(anonymous_16)
FNDA:0,(anonymous_17)
FNDA:0,(anonymous_18)
FNDA:0,(anonymous_19)
FNDA:0,(anonymous_20)
FNDA:0,(anonymous_21)
FNDA:0,(anonymous_22)
FNDA:0,(anonymous_23)
DA:16,0
DA:17,0
DA:18,0
DA:26,0
DA:29,0
DA:30,0
DA:34,0
DA:40,0
DA:41,0
DA:42,0
DA:46,0
DA:48,0
DA:49,0
DA:50,0
DA:52,0
DA:56,0
DA:57,0
DA:61,0
DA:66,0
DA:74,0
DA:78,0
DA:87,0
DA:90,0
DA:95,0
DA:96,0
DA:99,0
DA:106,0
DA:109,0
DA:114,0
DA:120,0
DA:123,0
DA:124,0
DA:125,0
DA:130,0
DA:132,0
DA:133,0
DA:137,0
DA:138,0
DA:140,0
DA:141,0
DA:142,0
DA:147,0
DA:154,0
DA:162,0
DA:165,0
DA:166,0
DA:169,0
DA:171,0
DA:172,0
DA:174,0
DA:179,0
DA:180,0
DA:182,0
DA:183,0
DA:184,0
DA:190,0
DA:193,0
DA:194,0
DA:195,0
DA:200,0
DA:207,0
DA:215,0
DA:216,0
DA:220,0
DA:225,0
DA:226,0
DA:230,0
DA:237,0
DA:239,0
DA:241,0
LF:70
LH:0
BRDA:29,0,0,0
BRDA:29,0,1,0
BRDA:40,1,0,0
BRDA:40,1,1,0
BRDA:46,2,0,0
BRDA:46,2,1,0
BRDA:46,3,0,0
BRDA:46,3,1,0
BRDA:48,4,0,0
BRDA:48,4,1,0
BRDA:48,5,0,0
BRDA:48,5,1,0
BRDA:87,6,0,0
BRDA:87,6,1,0
BRDA:96,7,0,0
BRDA:96,7,1,0
BRDA:96,8,0,0
BRDA:96,8,1,0
BRDA:132,9,0,0
BRDA:132,9,1,0
BRDA:138,10,0,0
BRDA:138,10,1,0
BRDA:141,11,0,0
BRDA:141,11,1,0
BRDA:162,12,0,0
BRDA:162,12,1,0
BRDA:166,13,0,0
BRDA:166,13,1,0
BRDA:169,14,0,0
BRDA:169,14,1,0
BRDA:171,15,0,0
BRDA:171,15,1,0
BRDA:180,16,0,0
BRDA:180,16,1,0
BRDA:183,17,0,0
BRDA:183,17,1,0
BRDA:193,18,0,0
BRDA:193,18,1,0
BRDA:194,19,0,0
BRDA:194,19,1,0
BRDA:215,20,0,0
BRDA:215,20,1,0
BRDA:225,21,0,0
BRDA:225,21,1,0
BRDA:226,22,0,0
BRDA:226,22,1,0
BRDA:231,23,0,0
BRDA:231,23,1,0
BRF:48
BRH:0
end_of_record
TN:
SF:src/hooks/useFeatureFlag.ts
FN:7,useFeatureFlag
FNF:1
FNH:0
FNDA:0,useFeatureFlag
DA:10,0
DA:17,0
LF:2
LH:0
BRF:0
BRH:0
end_of_record
TN:
SF:src/hooks/useInfiniteShows.ts
FN:84,(anonymous_0)
FN:154,(anonymous_1)
FN:179,(anonymous_2)
FN:194,(anonymous_3)
FN:199,(anonymous_4)
FN:211,(anonymous_5)
FNF:6
FNH:0
FNDA:0,(anonymous_0)
FNDA:0,(anonymous_1)
FNDA:0,(anonymous_2)
FNDA:0,(anonymous_3)
FNDA:0,(anonymous_4)
FNDA:0,(anonymous_5)
DA:84,0
DA:95,0
DA:114,0
DA:120,0
DA:124,0
DA:126,0
DA:143,0
DA:156,0
DA:170,0
DA:173,0
DA:174,0
DA:177,0
DA:181,0
DA:182,0
DA:186,0
DA:194,0
DA:195,0
DA:199,0
DA:202,0
DA:205,0
DA:207,0
DA:212,0
DA:213,0
LF:23
LH:0
BRDA:87,0,0,0
BRDA:88,1,0,0
BRDA:89,2,0,0
BRDA:93,3,0,0
BRDA:94,4,0,0
BRDA:114,5,0,0
BRDA:114,5,1,0
BRDA:114,5,2,0
BRDA:114,5,3,0
BRDA:114,5,4,0
BRDA:120,6,0,0
BRDA:120,6,1,0
BRDA:124,7,0,0
BRDA:124,7,1,0
[...]
FN:445,(anonymous_15)
FNF:16
FNH:0
FNDA:0,(anonymous_0)
FNDA:0,(anonymous_1)
FNDA:0,(anonymous_2)
FNDA:0,(anonymous_3)
FNDA:0,(anonymous_4)
FNDA:0,(anonymous_5)
FNDA:0,(anonymous_6)
FNDA:0,(anonymous_7)
FNDA:0,(anonymous_8)
FNDA:0,(anonymous_9)
FNDA:0,(anonymous_10)
FNDA:0,(anonymous_11)
FNDA:0,(anonymous_12)
FNDA:0,(anonymous_13)
FNDA:0,(anonymous_14)
FNDA:0,(anonymous_15)
DA:29,0
DA:30,0
DA:33,0
DA:36,0
DA:39,0
DA:40,0
DA:41,0
DA:44,0
DA:52,0
DA:53,0
DA:56,0
DA:61,0
DA:62,0
DA:63,0
DA:64,0
DA:68,0
DA:76,0
DA:77,0
DA:78,0
DA:81,0
DA:82,0
DA:83,0
DA:86,0
DA:88,0
DA:89,0
DA:91,0
DA:99,0
DA:100,0
DA:102,0
DA:104,0
DA:105,0
DA:106,0
DA:109,0
DA:117,0
DA:127,0
DA:128,0
DA:132,0
DA:137,0
DA:138,0
DA:142,0
DA:145,0
DA:148,0
DA:169,0
DA:177,0
DA:179,0
DA:180,0
DA:181,0
DA:190,0
DA:192,0
DA:199,0
DA:200,0
DA:210,0
DA:217,0
DA:218,0
DA:221,0
DA:234,0
DA:237,0
DA:240,0
DA:251,0
DA:252,0
DA:253,0
DA:259,0
DA:265,0
DA:266,0
DA:279,0
DA:284,0
DA:292,0
DA:295,0
DA:297,0
DA:303,0
DA:304,0
DA:309,0
DA:320,0
DA:321,0
DA:324,0
DA:326,0
DA:327,0
DA:341,0
DA:344,0
DA:346,0
DA:352,0
DA:353,0
DA:357,0
DA:362,0
DA:366,0
DA:367,0
DA:368,0
DA:370,0
DA:372,0
DA:381,0
DA:382,0
DA:387,0
DA:389,0
DA:390,0
DA:399,0
DA:402,0
DA:406,0
DA:414,0
DA:415,0
DA:417,0
DA:419,0
DA:431,0
DA:432,0
DA:435,0
DA:437,0
DA:445,0
DA:446,0
DA:448,0
LF:108
LH:0
BRDA:30,0,0,0
BRDA:30,0,1,0
BRDA:33,1,0,0
BRDA:33,1,1,0
BRDA:36,2,0,0
BRDA:36,2,1,0
BRDA:39,3,0,0
BRDA:39,3,1,0
BRDA:53,4,0,0
BRDA:53,4,1,0
BRDA:53,5,0,0
BRDA:53,5,1,0
BRDA:56,6,0,0
BRDA:56,6,1,0
BRDA:61,7,0,0
BRDA:61,7,1,0
BRDA:61,8,0,0
BRDA:61,8,1,0
BRDA:63,9,0,0
BRDA:63,9,1,0
BRDA:63,10,0,0
BRDA:63,10,1,0
BRDA:77,11,0,0
BRDA:77,11,1,0
BRDA:77,12,0,0
BRDA:77,12,1,0
BRDA:86,13,0,0
BRDA:86,13,1,0
BRDA:100,14,0,0
BRDA:100,14,1,0
BRDA:100,15,0,0
BRDA:100,15,1,0
BRDA:102,16,0,0
BRDA:102,16,1,0
BRDA:104,17,0,0
BRDA:104,17,1,0
BRDA:127,18,0,0
BRDA:127,18,1,0
BRDA:127,19,0,0
BRDA:127,19,1,0
BRDA:132,20,0,0
BRDA:132,20,1,0
BRDA:137,21,0,0
BRDA:137,21,1,0
BRDA:138,22,0,0
BRDA:138,22,1,0
BRDA:145,23,0,0
BRDA:145,23,1,0
BRDA:145,23,2,0
BRDA:151,24,0,0
BRDA:151,24,1,0
BRDA:180,25,0,0
BRDA:180,25,1,0
BRDA:190,26,0,0
BRDA:190,26,1,0
BRDA:199,27,0,0
BRDA:199,27,1,0
BRDA:202,28,0,0
BRDA:202,28,1,0
BRDA:217,29,0,0
BRDA:217,29,1,0
BRDA:224,30,0,0
BRDA:224,30,1,0
BRDA:251,31,0,0
BRDA:251,31,1,0
BRDA:268,32,0,0
BRDA:268,32,1,0
BRDA:303,33,0,0
BRDA:303,33,1,0
BRDA:315,34,0,0
BRDA:315,34,1,0
BRDA:320,35,0,0
BRDA:320,35,1,0
BRDA:329,36,0,0
BRDA:329,36,1,0
BRDA:352,37,0,0
BRDA:352,37,1,0
BRDA:352,38,0,0
BRDA:352,38,1,0
BRDA:357,39,0,0
BRDA:357,39,1,0
BRDA:358,40,0,0
BRDA:358,40,1,0
BRDA:358,40,2,0
BRDA:366,41,0,0
BRDA:366,41,1,0
BRDA:370,42,0,0
BRDA:370,42,1,0
BRDA:370,43,0,0
BRDA:370,43,1,0
BRDA:381,44,0,0
BRDA:381,44,1,0
BRDA:402,45,0,0
BRDA:402,45,1,0
BRDA:415,46,0,0
BRDA:415,46,1,0
BRDA:417,47,0,0
BRDA:417,47,1,0
BRDA:432,48,0,0
BRDA:432,48,1,0
BRDA:435,49,0,0
BRDA:435,49,1,0
BRDA:437,50,0,0
BRDA:437,50,1,0
BRDA:446,51,0,0
BRDA:446,51,1,0
BRDA:448,52,0,0
BRDA:448,52,1,0
BRF:108
BRH:0
end_of_record
TN:
SF:src/services/subscriptionTypes.ts
FN:131,(anonymous_0)
FNF:1
FNH:0
FNDA:0,(anonymous_0)
DA:48,0
DA:131,0
DA:132,0
DA:136,0
DA:139,0
DA:141,0
DA:142,0
DA:145,0
DA:146,0
DA:149,0
LF:10
LH:0
BRDA:139,0,0,0
BRDA:139,0,1,0
BRDA:139,0,2,0
BRF:3
BRH:0
end_of_record
TN:
SF:src/services/supabaseAuthService.ts
FN:14,(anonymous_0)
FN:64,(anonymous_1)
FN:90,(anonymous_2)
FN:177,(anonymous_3)
FN:266,(anonymous_4)
FN:312,(anonymous_5)
FN:323,(anonymous_6)
FN:370,(anonymous_7)
FN:432,(anonymous_8)
FN:482,(anonymous_9)
FN:501,(anonymous_10)
FN:521,(anonymous_11)
FN:540,(anonymous_12)
FN:583,(anonymous_13)
FN:589,(anonymous_14)
FN:656,(anonymous_15)
FN:665,(anonymous_16)
FN:676,(anonymous_17)
FNF:18
FNH:0
FNDA:0,(anonymous_0)
FNDA:0,(anonymous_1)
FNDA:0,(anonymous_2)
FNDA:0,(anonymous_3)
FNDA:0,(anonymous_4)
FNDA:0,(anonymous_5)
FNDA:0,(anonymous_6)
FNDA:0,(anonymous_7)
FNDA:0,(anonymous_8)
FNDA:0,(anonymous_9)
FNDA:0,(anonymous_10)
FNDA:0,(anonymous_11)
FNDA:0,(anonymous_12)
FNDA:0,(anonymous_13)
FNDA:0,(anonymous_14)
FNDA:0,(anonymous_15)
FNDA:0,(anonymous_16)
FNDA:0,(anonymous_17)
DA:14,0
DA:18,0
DA:19,0
DA:23,0
DA:46,0
DA:47,0
DA:48,0
DA:49,0
DA:50,0
DA:53,0
DA:54,0
DA:55,0
DA:58,0
DA:64,0
DA:65,0
DA:90,0
DA:96,0
DA:98,0
DA:99,0
DA:102,0
DA:103,0
DA:106,0
DA:107,0
DA:111,0
DA:116,0
DA:117,0
DA:120,0
DA:121,0
DA:124,0
DA:127,0
DA:140,0
DA:143,0
DA:147,0
DA:162,0
DA:164,0
DA:165,0
DA:177,0
DA:185,0
DA:187,0
DA:188,0
DA:190,0
DA:191,0
DA:193,0
DA:194,0
DA:198,0
DA:199,0
DA:200,0
DA:202,0
DA:203,0
DA:206,0
DA:210,0
DA:217,0
DA:230,0
DA:232,0
DA:236,0
DA:237,0
DA:254,0
DA:256,0
DA:257,0
DA:266,0
DA:269,0
DA:270,0
DA:275,0
DA:276,0
DA:279,0
DA:280,0
DA:284,0
DA:290,0
DA:291,0
DA:296,0
DA:297,0
DA:301,0
DA:302,0
DA:304,0
DA:305,0
DA:312,0
DA:313,0
DA:314,0
DA:315,0
DA:323,0
DA:324,0
DA:325,0
DA:327,0
DA:328,0
DA:331,0
DA:332,0
DA:335,0
DA:338,0
DA:344,0
DA:346,0
DA:347,0
DA:350,0
DA:351,0
DA:352,0
DA:356,0
DA:358,0
DA:360,0
DA:361,0
DA:370,0
DA:371,0
DA:372,0
DA:373,0
DA:374,0
DA:377,0
DA:382,0
DA:388,0
DA:389,0
DA:390,0
DA:393,0
DA:394,0
DA:395,0
DA:402,0
DA:404,0
DA:406,0
DA:407,0
DA:411,0
DA:412,0
DA:421,0
DA:423,0
DA:424,0
DA:432,0
DA:433,0
DA:434,0
DA:436,0
DA:437,0
DA:440,0
DA:441,0
DA:444,0
DA:447,0
DA:449,0
DA:450,0
DA:454,0
DA:460,0
DA:461,0
DA:464,0
DA:465,0
DA:469,0
DA:471,0
DA:473,0
DA:474,0
DA:482,0
DA:483,0
DA:484,0
DA:488,0
DA:489,0
DA:492,0
DA:493,0
DA:501,0
DA:502,0
DA:503,0
DA:507,0
DA:508,0
DA:511,0
DA:512,0
DA:521,0
DA:522,0
DA:523,0
DA:524,0
DA:527,0
DA:533,0
DA:534,0
DA:537,0
DA:540,0
DA:541,0
DA:542,0
DA:547,0
DA:552,0
DA:553,0
DA:557,0
DA:558,0
DA:559,0
DA:566,0
DA:570,0
DA:573,0
DA:575,0
DA:576,0
DA:583,0
DA:586,0
DA:588,0
DA:590,0
DA:593,0
DA:594,0
DA:600,0
DA:604,0
DA:605,0
DA:606,0
DA:607,0
DA:610,0
DA:613,0
DA:619,0
DA:620,0
DA:623,0
DA:624,0
DA:628,0
DA:630,0
DA:637,0
DA:638,0
DA:646,0
DA:656,0
DA:657,0
DA:665,0
DA:666,0
DA:667,0
DA:676,0
DA:680,0
DA:681,0
DA:689,0
DA:691,0
DA:692,0
LF:209
LH:0
BRDA:18,0,0,0
BRDA:18,0,1,0
BRDA:18,1,0,0
BRDA:18,1,1,0
BRDA:24,2,0,0
BRDA:24,2,1,0
BRDA:26,3,0,0
BRDA:26,3,1,0
BRDA:27,4,0,0
BRDA:27,4,1,0
BRDA:28,5,0,0
BRDA:28,5,1,0
BRDA:29,6,0,0
BRDA:29,6,1,0
BRDA:30,7,0,0
BRDA:30,7,1,0
BRDA:31,8,0,0
BRDA:31,8,1,0
BRDA:32,9,0,0
BRDA:32,9,1,0
BRDA:33,10,0,0
BRDA:33,10,1,0
BRDA:35,11,0,0
BRDA:35,11,1,0
BRDA:36,12,0,0
BRDA:36,12,1,0
BRDA:46,13,0,0
BRDA:46,13,1,0
BRDA:47,14,0,0
BRDA:47,14,1,0
BRDA:48,15,0,0
BRDA:48,15,1,0
BRDA:49,16,0,0
BRDA:49,16,1,0
BRDA:50,17,0,0
BRDA:50,17,1,0
BRDA:53,18,0,0
BRDA:53,18,1,0
BRDA:54,19,0,0
BRDA:54,19,1,0
BRDA:55,20,0,0
BRDA:55,20,1,0
BRDA:98,21,0,0
BRDA:98,21,1,0
BRDA:98,22,0,0
BRDA:98,22,1,0
BRDA:102,23,0,0
BRDA:102,23,1,0
BRDA:106,24,0,0
BRDA:106,24,1,0
BRDA:116,25,0,0
BRDA:116,25,1,0
BRDA:120,26,0,0
BRDA:120,26,1,0
BRDA:132,27,0,0
BRDA:132,27,1,0
BRDA:140,28,0,0
BRDA:140,28,1,0
BRDA:187,29,0,0
BRDA:187,29,1,0
BRDA:187,30,0,0
BRDA:187,30,1,0
BRDA:190,31,0,0
BRDA:190,31,1,0
BRDA:193,32,0,0
BRDA:193,32,1,0
BRDA:199,33,0,0
BRDA:199,33,1,0
BRDA:202,34,0,0
BRDA:202,34,1,0
BRDA:210,35,0,0
BRDA:210,35,1,0
BRDA:212,36,0,0
BRDA:212,36,1,0
BRDA:212,37,0,0
BRDA:212,37,1,0
BRDA:222,38,0,0
BRDA:222,38,1,0
BRDA:230,39,0,0
BRDA:230,39,1,0
BRDA:241,40,0,0
BRDA:241,40,1,0
BRDA:275,41,0,0
BRDA:275,41,1,0
BRDA:279,42,0,0
BRDA:279,42,1,0
BRDA:290,43,0,0
BRDA:290,43,1,0
BRDA:296,44,0,0
BRDA:296,44,1,0
BRDA:314,45,0,0
BRDA:314,45,1,0
BRDA:327,46,0,0
BRDA:327,46,1,0
BRDA:331,47,0,0
BRDA:331,47,1,0
BRDA:344,48,0,0
BRDA:344,48,1,0
BRDA:344,49,0,0
BRDA:344,49,1,0
BRDA:350,50,0,0
BRDA:350,50,1,0
BRDA:372,51,0,0
BRDA:372,51,1,0
BRDA:388,52,0,0
BRDA:388,52,1,0
BRDA:393,53,0,0
BRDA:393,53,1,0
BRDA:406,54,0,0
BRDA:406,54,1,0
BRDA:411,55,0,0
BRDA:411,55,1,0
BRDA:411,56,0,0
BRDA:411,56,1,0
BRDA:414,57,0,0
BRDA:414,57,1,0
BRDA:436,58,0,0
BRDA:436,58,1,0
BRDA:440,59,0,0
BRDA:440,59,1,0
BRDA:449,60,0,0
BRDA:449,60,1,0
BRDA:460,61,0,0
BRDA:460,61,1,0
BRDA:464,62,0,0
BRDA:464,62,1,0
BRDA:488,63,0,0
BRDA:488,63,1,0
BRDA:507,64,0,0
BRDA:507,64,1,0
BRDA:523,65,0,0
BRDA:523,65,1,0
BRDA:523,66,0,0
BRDA:523,66,1,0
BRDA:534,67,0,0
BRDA:534,67,1,0
BRDA:541,68,0,0
BRDA:541,68,1,0
BRDA:552,69,0,0
BRDA:552,69,1,0
BRDA:558,70,0,0
BRDA:558,70,1,0
BRDA:566,71,0,0
BRDA:566,71,1,0
BRDA:567,72,0,0
BRDA:567,72,1,0
BRDA:593,73,0,0
BRDA:593,73,1,0
BRDA:604,74,0,0
BRDA:604,74,1,0
BRDA:606,75,0,0
BRDA:606,75,1,0
BRDA:606,76,0,0
BRDA:606,76,1,0
BRDA:619,77,0,0
BRDA:619,77,1,0
BRDA:623,78,0,0
BRDA:623,78,1,0
BRDA:641,79,0,0
BRDA:641,79,1,0
BRDA:689,80,0,0
BRDA:689,80,1,0
BRDA:692,81,0,0
BRDA:692,81,1,0
BRF:164
BRH:0
end_of_record
TN:
SF:src/services/userRoleService.ts
FN:33,(anonymous_0)
FN:97,(anonymous_1)
FN:111,(anonymous_2)
FN:136,(anonymous_3)
FN:144,(anonymous_4)
FN:155,(anonymous_5)
FN:165,(anonymous_6)
FN:190,(anonymous_7)
FN:216,(anonymous_8)
FN:226,(anonymous_9)
FN:236,(anonymous_10)
FN:249,(anonymous_11)
FN:262,(anonymous_12)
FN:272,(anonymous_13)
FN:282,(anonymous_14)
FN:292,(anonymous_15)
FN:303,(anonymous_16)
FN:324,(anonymous_17)
FNF:18
FNH:0
FNDA:0,(anonymous_0)
FNDA:0,(anonymous_1)
FNDA:0,(anonymous_2)
FNDA:0,(anonymous_3)
FNDA:0,(anonymous_4)
FNDA:0,(anonymous_5)
FNDA:0,(anonymous_6)
FNDA:0,(anonymous_7)
FNDA:0,(anonymous_8)
FNDA:0,(anonymous_9)
FNDA:0,(anonymous_10)
FNDA:0,(anonymous_11)
FNDA:0,(anonymous_12)
FNDA:0,(anonymous_13)
FNDA:0,(anonymous_14)
FNDA:0,(anonymous_15)
FNDA:0,(anonymous_16)
FNDA:0,(anonymous_17)
DA:21,0
DA:33,0
DA:34,0
DA:35,0
DA:36,0
DA:62,0
DA:97,0
DA:98,0
DA:99,0
DA:100,0
DA:111,0
DA:115,0
DA:117,0
DA:119,0
DA:121,0
DA:127,0
DA:129,0
DA:136,0
DA:137,0
DA:138,0
DA:144,0
DA:145,0
DA:146,0
DA:155,0
DA:156,0
DA:157,0
DA:165,0
DA:166,0
DA:167,0
DA:173,0
DA:174,0
DA:175,0
DA:178,0
DA:180,0
DA:181,0
DA:190,0
DA:191,0
DA:192,0
DA:198,0
DA:199,0
DA:200,0
DA:203,0
DA:205,0
DA:206,0
DA:216,0
DA:217,0
DA:226,0
DA:227,0
DA:236,0
DA:237,0
DA:238,0
DA:240,0
DA:249,0
DA:250,0
DA:251,0
DA:253,0
DA:262,0
DA:263,0
DA:272,0
DA:273,0
DA:282,0
DA:283,0
DA:292,0
DA:293,0
DA:303,0
DA:304,0
DA:305,0
DA:309,0
DA:324,0
DA:325,0
DA:326,0
LF:71
LH:0
BRDA:34,0,0,0
BRDA:34,0,1,0
BRDA:36,1,0,0
BRDA:36,1,1,0
BRDA:98,2,0,0
BRDA:98,2,1,0
BRDA:100,3,0,0
BRDA:100,3,1,0
BRDA:115,4,0,0
BRDA:115,4,1,0
BRDA:117,5,0,0
BRDA:117,5,1,0
BRDA:117,5,2,0
BRDA:117,5,3,0
BRDA:122,6,0,0
BRDA:122,6,1,0
BRDA:122,6,2,0
BRDA:137,7,0,0
BRDA:137,7,1,0
BRDA:145,8,0,0
BRDA:145,8,1,0
BRDA:147,9,0,0
BRDA:147,9,1,0
BRDA:156,10,0,0
BRDA:156,10,1,0
BRDA:173,11,0,0
BRDA:173,11,1,0
BRDA:198,12,0,0
BRDA:198,12,1,0
BRDA:237,13,0,0
BRDA:237,13,1,0
BRDA:250,14,0,0
BRDA:250,14,1,0
BRDA:304,15,0,0
BRDA:304,15,1,0
BRF:35
BRH:0
end_of_record
TN:
SF:src/utils/coordinateUtils.ts
FN:18,(anonymous_0)
FN:73,(anonymous_1)
FNF:2
FNH:0
FNDA:0,(anonymous_0)
FNDA:0,(anonymous_1)
DA:18,0
DA:20,0
DA:21,0
DA:22,0
DA:25,0
DA:28,0
DA:30,0
DA:31,0
DA:36,0
DA:37,0
DA:43,0
DA:50,0
DA:51,0
DA:52,0
DA:56,0
DA:57,0
DA:58,0
DA:62,0
DA:73,0
DA:80,0
DA:82,0
DA:83,0
DA:86,0
DA:90,0
DA:91,0
LF:25
LH:0
BRDA:20,0,0,0
BRDA:20,0,1,0
BRDA:28,1,0,0
BRDA:28,1,1,0
BRDA:28,2,0,0
BRDA:28,2,1,0
BRDA:28,2,2,0
BRDA:28,2,3,0
BRDA:36,3,0,0
BRDA:36,3,1,0
BRDA:36,4,0,0
BRDA:36,4,1,0
BRDA:50,5,0,0
BRDA:50,5,1,0
BRDA:50,6,0,0
BRDA:50,6,1,0
BRDA:56,7,0,0
BRDA:56,7,1,0
BRDA:56,8,0,0
BRDA:56,8,1,0
BRF:20
BRH:0
end_of_record
TN:
SF:src/utils/dateUtils.ts
FN:12,(anonymous_0)
FN:38,(anonymous_1)
FN:66,(anonymous_2)
FN:92,(anonymous_3)
FNF:4
FNH:0
FNDA:0,(anonymous_0)
FNDA:0,(anonymous_1)
FNDA:0,(anonymous_2)
FNDA:0,(anonymous_3)
DA:12,0
DA:21,0
DA:23,0
DA:24,0
DA:25,0
DA:27,0
DA:28,0
DA:38,0
DA:42,0
DA:44,0
DA:45,0
DA:46,0
DA:48,0
DA:54,0
DA:55,0
DA:66,0
DA:76,0
DA:79,0
DA:80,0
DA:84,0
DA:92,0
DA:95,0
DA:98,0
DA:102,0
DA:105,0
DA:107,0
DA:116,0
DA:117,0
DA:120,0
DA:121,0
DA:122,0
DA:123,0
DA:125,0
DA:126,0
DA:130,0
DA:131,0
DA:132,0
DA:136,0
DA:137,0
DA:138,0
DA:142,0
DA:143,0
LF:42
LH:0
BRDA:14,0,0,0
BRDA:21,1,0,0
BRDA:21,1,1,0
BRDA:24,2,0,0
BRDA:24,2,1,0
BRDA:28,3,0,0
BRDA:28,3,1,0
BRDA:42,4,0,0
BRDA:42,4,1,0
BRDA:42,5,0,0
BRDA:42,5,1,0
BRDA:45,6,0,0
BRDA:45,6,1,0
BRDA:46,7,0,0
BRDA:46,7,1,0
BRDA:49,8,0,0
BRDA:49,8,1,0
BRDA:49,8,2,0
BRDA:69,9,0,0
BRDA:76,10,0,0
BRDA:76,10,1,0
BRDA:79,11,0,0
BRDA:79,11,1,0
BRDA:79,12,0,0
BRDA:79,12,1,0
BRDA:95,13,0,0
BRDA:95,13,1,0
BRDA:98,14,0,0
BRDA:98,14,1,0
BRDA:98,15,0,0
BRDA:98,15,1,0
BRDA:105,16,0,0
BRDA:105,16,1,0
BRDA:121,17,0,0
BRDA:121,17,1,0
BRDA:130,18,0,0
BRDA:130,18,1,0
BRDA:130,19,0,0
BRDA:130,19,1,0
BRDA:136,20,0,0
BRDA:136,20,1,0
BRDA:136,21,0,0
BRDA:136,21,1,0
BRDA:142,22,0,0
BRDA:142,22,1,0
BRF:45
BRH:0
end_of_record
TN:
SF:src/utils/errorUtils.ts
FN:39,useErrorHandler
FN:42,(anonymous_1)
FN:46,(anonymous_2)
FN:78,useApiCall
FN:91,(anonymous_4)
FN:110,(anonymous_5)
FN:131,showErrorAlert
FN:179,createSafeApiCall
FN:187,(anonymous_8)
FN:233,handleFormSubmission
FN:290,validateFormData
FN:298,(anonymous_11)
FN:336,handleFileUpload
FN:397,retryOperation
FN:451,(anonymous_14)
FNF:15
FNH:0
FNDA:0,useErrorHandler
FNDA:0,(anonymous_1)
FNDA:0,(anonymous_2)
FNDA:0,useApiCall
FNDA:0,(anonymous_4)
FNDA:0,(anonymous_5)
FNDA:0,showErrorAlert
FNDA:0,createSafeApiCall
FNDA:0,(anonymous_8)
FNDA:0,handleFormSubmission
FNDA:0,validateFormData
FNDA:0,(anonymous_11)
FNDA:0,handleFileUpload
FNDA:0,retryOperation
FNDA:0,(anonymous_14)
DA:40,0
DA:42,0
DA:43,0
DA:46,0
DA:47,0
DA:48,0
DA:49,0
DA:50,0
DA:53,0
DA:87,0
DA:88,0
DA:89,0
DA:91,0
DA:92,0
DA:93,0
DA:94,0
DA:95,0
DA:96,0
DA:97,0
DA:98,0
DA:100,0
DA:101,0
DA:102,0
DA:103,0
DA:104,0
DA:106,0
DA:110,0
DA:111,0
DA:112,0
DA:116,0
DA:139,0
DA:148,0
DA:150,0
DA:156,0
DA:187,0
DA:188,0
DA:189,0
DA:190,0
DA:192,0
DA:198,0
DA:200,0
DA:201,0
DA:204,0
DA:205,0
DA:208,0
DA:242,0
DA:243,0
DA:245,0
DA:246,0
DA:249,0
DA:250,0
DA:253,0
DA:255,0
DA:260,0
DA:261,0
DA:263,0
DA:264,0
DA:267,0
DA:296,0
DA:298,0
DA:299,0
DA:300,0
DA:302,0
DA:303,0
DA:304,0
DA:305,0
DA:310,0
DA:345,0
DA:346,0
DA:348,0
DA:349,0
DA:352,0
DA:354,0
DA:360,0
DA:362,0
DA:366,0
DA:368,0
DA:369,0
DA:372,0
DA:408,0
DA:409,0
DA:410,0
DA:411,0
DA:413,0
DA:414,0
DA:416,0
DA:417,0
DA:418,0
DA:419,0
DA:421,0
DA:423,0
DA:424,0
DA:430,0
DA:431,0
DA:434,0
DA:441,0
DA:442,0
DA:443,0
DA:446,0
DA:447,0
DA:451,0
DA:454,0
DA:459,0
DA:467,0
DA:468,0
LF:105
LH:0
BRDA:80,0,0,0
BRDA:111,1,0,0
BRDA:111,1,1,0
BRDA:133,2,0,0
BRDA:139,3,0,0
BRDA:139,3,1,0
BRDA:139,4,0,0
BRDA:139,4,1,0
BRDA:139,4,2,0
BRDA:151,5,0,0
BRDA:151,5,1,0
BRDA:181,6,0,0
BRDA:200,7,0,0
BRDA:200,7,1,0
BRDA:204,8,0,0
BRDA:204,8,1,0
BRDA:235,9,0,0
BRDA:245,10,0,0
BRDA:245,10,1,0
BRDA:249,11,0,0
BRDA:249,11,1,0
BRDA:263,12,0,0
BRDA:263,12,1,0
BRDA:302,13,0,0
BRDA:302,13,1,0
BRDA:304,14,0,0
BRDA:304,14,1,0
BRDA:338,15,0,0
BRDA:348,16,0,0
BRDA:348,16,1,0
BRDA:357,17,0,0
BRDA:357,17,1,0
BRDA:362,18,0,0
BRDA:362,18,1,0
BRDA:368,19,0,0
BRDA:368,19,1,0
BRDA:399,20,0,0
BRDA:408,21,0,0
BRDA:408,21,1,0
BRDA:409,22,0,0
BRDA:409,22,1,0
BRDA:410,23,0,0
BRDA:410,23,1,0
BRDA:411,24,0,0
BRDA:411,24,1,0
BRDA:423,25,0,0
BRDA:423,25,1,0
BRDA:441,26,0,0
BRDA:441,26,1,0
BRDA:446,27,0,0
BRDA:446,27,1,0
BRF:51
BRH:0
end_of_record
TN:
SF:src/utils/formatters.ts
FN:11,(anonymous_0)
FN:40,(anonymous_1)
FN:68,(anonymous_2)
FN:111,(anonymous_3)
FNF:4
FNH:0
FNDA:0,(anonymous_0)
FNDA:0,(anonymous_1)
FNDA:0,(anonymous_2)
FNDA:0,(anonymous_3)
DA:11,0
DA:12,0
DA:13,0
DA:16,0
DA:17,0
DA:20,0
DA:21,0
DA:25,0
DA:30,0
DA:31,0
DA:40,0
DA:42,0
DA:48,0
DA:52,0
DA:55,0
DA:56,0
DA:60,0
DA:68,0
DA:69,0
DA:70,0
DA:73,0
DA:78,0
DA:80,0
DA:81,0
DA:82,0
DA:83,0
DA:86,0
DA:90,0
DA:91,0
DA:95,0
DA:101,0
DA:102,0
DA:111,0
DA:113,0
DA:119,0
DA:123,0
DA:126,0
DA:127,0
DA:131,0
LF:39
LH:0
BRDA:12,0,0,0
BRDA:12,0,1,0
BRDA:20,1,0,0
BRDA:20,1,1,0
BRDA:42,2,0,0
BRDA:42,2,1,0
BRDA:43,3,0,0
BRDA:43,3,1,0
BRDA:43,3,2,0
BRDA:43,3,3,0
BRDA:43,3,4,0
BRDA:52,4,0,0
BRDA:52,4,1,0
BRDA:55,5,0,0
BRDA:55,5,1,0
BRDA:55,6,0,0
BRDA:55,6,1,0
BRDA:60,7,0,0
BRDA:60,7,1,0
BRDA:69,8,0,0
BRDA:69,8,1,0
BRDA:78,9,0,0
BRDA:78,9,1,0
BRDA:78,10,0,0
BRDA:78,10,1,0
BRDA:90,11,0,0
BRDA:90,11,1,0
BRDA:113,12,0,0
BRDA:113,12,1,0
BRDA:114,13,0,0
BRDA:114,13,1,0
BRDA:114,13,2,0
BRDA:114,13,3,0
BRDA:114,13,4,0
BRDA:123,14,0,0
BRDA:123,14,1,0
BRDA:126,15,0,0
BRDA:126,15,1,0
BRDA:126,16,0,0
BRDA:126,16,1,0
BRDA:131,17,0,0
BRDA:131,17,1,0
BRF:42
BRH:0
end_of_record
TN:
SF:src/utils/helpers.ts
FN:13,(anonymous_0)
FN:19,(anonymous_1)
FN:24,(anonymous_2)
FNF:3
FNH:0
FNDA:0,(anonymous_0)
FNDA:0,(anonymous_1)
FNDA:0,(anonymous_2)
DA:13,0
DA:17,0
DA:19,0
DA:20,0
DA:21,0
DA:24,0
DA:25,0
DA:26,0
LF:8
LH:0
BRDA:20,0,0,0
BRDA:20,0,1,0
BRF:2
BRH:0
end_of_record
TN:
SF:src/utils/polyfills.ts
FN:42,(anonymous_0)
FNF:1
FNH:0
FNDA:0,(anonymous_0)
DA:33,0
DA:42,0
DA:43,0
DA:45,0
DA:46,0
DA:48,0
DA:53,0
DA:58,0
DA:61,0
DA:62,0
LF:10
LH:0
BRDA:33,0,0,0
BRDA:33,0,1,0
BRDA:43,1,0,0
BRDA:43,1,1,0
BRDA:50,2,0,0
BRDA:50,2,1,0
BRDA:61,3,0,0
BRDA:61,3,1,0
BRF:8
BRH:0
end_of_record
TN:
SF:src/utils/testChatIntegration.ts
FN:17,(anonymous_0)
FN:61,(anonymous_1)
FN:62,(anonymous_2)
FN:64,(anonymous_3)
FN:65,(anonymous_4)
FN:90,(anonymous_5)
FN:91,(anonymous_6)
FN:121,(anonymous_7)
FN:219,(anonymous_8)
FNF:9
FNH:0
FNDA:0,(anonymous_0)
FNDA:0,(anonymous_1)
FNDA:0,(anonymous_2)
FNDA:0,(anonymous_3)
FNDA:0,(anonymous_4)
FNDA:0,(anonymous_5)
FNDA:0,(anonymous_6)
FNDA:0,(anonymous_7)
FNDA:0,(anonymous_8)
DA:17,0
DA:18,0
DA:19,0
DA:21,0
DA:23,0
DA:24,0
DA:26,0
DA:31,0
DA:33,0
DA:34,0
DA:35,0
DA:36,0
DA:37,0
DA:39,0
DA:40,0
DA:42,0
DA:45,0
DA:46,0
DA:48,0
DA:49,0
DA:50,0
DA:51,0
DA:52,0
DA:55,0
DA:56,0
DA:57,0
DA:59,0
DA:61,0
DA:62,0
DA:64,0
DA:65,0
DA:67,0
DA:68,0
DA:71,0
DA:72,0
DA:75,0
DA:76,0
DA:80,0
DA:81,0
DA:83,0
DA:84,0
DA:87,0
DA:88,0
DA:90,0
DA:91,0
DA:93,0
DA:94,0
DA:97,0
DA:98,0
DA:101,0
DA:104,0
DA:105,0
DA:107,0
DA:110,0
DA:113,0
DA:114,0
DA:121,0
DA:122,0
DA:123,0
DA:125,0
DA:127,0
DA:128,0
DA:130,0
DA:135,0
DA:137,0
DA:138,0
DA:139,0
DA:140,0
DA:141,0
DA:143,0
DA:144,0
DA:147,0
DA:148,0
DA:149,0
DA:150,0
DA:151,0
DA:152,0
DA:155,0
DA:158,0
DA:159,0
DA:161,0
DA:162,0
DA:163,0
DA:164,0
DA:165,0
DA:168,0
DA:169,0
DA:170,0
DA:172,0
DA:174,0
DA:175,0
DA:177,0
DA:178,0
DA:181,0
DA:182,0
DA:183,0
DA:186,0
DA:187,0
DA:189,0
DA:192,0
DA:193,0
DA:195,0
DA:198,0
DA:201,0
DA:202,0
DA:204,0
DA:207,0
DA:210,0
DA:211,0
DA:219,0
DA:220,0
DA:221,0
DA:224,0
DA:227,0
DA:228,0
DA:229,0
DA:232,0
DA:233,0
DA:234,0
DA:236,0
DA:239,0
DA:244,0
DA:245,0
DA:248,0
DA:249,0
LF:125
LH:0
BRDA:33,0,0,0
BRDA:33,0,1,0
BRDA:36,1,0,0
BRDA:36,1,1,0
BRDA:36,2,0,0
BRDA:36,2,1,0
BRDA:40,3,0,0
BRDA:40,3,1,0
BRDA:52,4,0,0
BRDA:52,4,1,0
BRDA:55,5,0,0
BRDA:55,5,1,0
BRDA:55,6,0,0
BRDA:55,6,1,0
BRDA:59,7,0,0
BRDA:59,7,1,0
BRDA:59,8,0,0
BRDA:59,8,1,0
BRDA:67,9,0,0
BRDA:67,9,1,0
BRDA:71,10,0,0
BRDA:71,10,1,0
BRDA:75,11,0,0
BRDA:75,11,1,0
BRDA:75,12,0,0
BRDA:75,12,1,0
BRDA:93,13,0,0
BRDA:93,13,1,0
BRDA:97,14,0,0
BRDA:97,14,1,0
BRDA:137,15,0,0
BRDA:137,15,1,0
BRDA:140,16,0,0
BRDA:140,16,1,0
BRDA:140,17,0,0
BRDA:140,17,1,0
BRDA:144,18,0,0
BRDA:144,18,1,0
BRDA:147,19,0,0
BRDA:147,19,1,0
BRDA:165,20,0,0
BRDA:165,20,1,0
BRDA:168,21,0,0
BRDA:168,21,1,0
BRDA:168,22,0,0
BRDA:168,22,1,0
BRDA:172,23,0,0
BRDA:172,23,1,0
BRDA:172,24,0,0
BRDA:172,24,1,0
BRDA:186,25,0,0
BRDA:186,25,1,0
BRDA:192,26,0,0
BRDA:192,26,1,0
BRDA:227,27,0,0
BRDA:227,27,1,0
BRDA:232,28,0,0
BRDA:232,28,1,0
BRDA:232,29,0,0
BRDA:232,29,1,0
BRDA:232,29,2,0
BRDA:244,30,0,0
BRDA:244,30,1,0
BRF:63
BRH:0
end_of_record
TN:
SF:src/utils/toastUtils.ts
FN:24,(anonymous_0)
FN:45,(anonymous_1)
FN:66,(anonymous_2)
FN:87,(anonymous_3)
FN:110,(anonymous_4)
FN:123,(anonymous_5)
FN:138,(anonymous_6)
FN:157,(anonymous_7)
FNF:8
FNH:0
FNDA:0,(anonymous_0)
FNDA:0,(anonymous_1)
FNDA:0,(anonymous_2)
FNDA:0,(anonymous_3)
FNDA:0,(anonymous_4)
FNDA:0,(anonymous_5)
FNDA:0,(anonymous_6)
FNDA:0,(anonymous_7)
DA:11,0
DA:24,0
DA:29,0
DA:45,0
DA:50,0
DA:66,0
DA:71,0
DA:87,0
DA:92,0
DA:110,0
DA:111,0
DA:123,0
DA:124,0
DA:138,0
DA:139,0
DA:140,0
DA:146,0
DA:157,0
DA:158,0
LF:19
LH:0
BRDA:27,0,0,0
BRDA:48,1,0,0
BRDA:69,2,0,0
BRDA:90,3,0,0
BRDA:125,4,0,0
BRDA:125,4,1,0
BRDA:139,5,0,0
BRDA:139,5,1,0
BRF:8
BRH:0
end_of_record
