TN:
SF:src/debug-unclaimed-shows.ts
FN:4,testUnclaimedShowsDataHandling
FNF:1
FNH:0
FNDA:0,testUnclaimedShowsDataHandling
DA:5,0
DA:7,0
DA:9,0
DA:10,0
DA:13,0
DA:14,0
DA:15,0
DA:18,0
DA:19,0
DA:22,0
DA:23,0
DA:24,0
DA:25,0
DA:26,0
DA:29,0
DA:30,0
DA:33,0
DA:35,0
DA:39,0
DA:41,0
DA:43,0
LF:21
LH:0
BRDA:14,0,0,0
BRDA:14,0,1,0
BRDA:15,1,0,0
BRDA:15,1,1,0
BRDA:18,2,0,0
BRDA:18,2,1,0
BRDA:25,3,0,0
BRDA:25,3,1,0
BRDA:26,4,0,0
BRDA:26,4,1,0
BRDA:29,5,0,0
BRDA:29,5,1,0
BRF:12
BRH:0
end_of_record
TN:
SF:src/supabase.ts
FN:65,(anonymous_0)
FN:78,(anonymous_1)
FN:91,(anonymous_2)
FNF:3
FNH:0
FNDA:0,(anonymous_0)
FNDA:0,(anonymous_1)
FNDA:0,(anonymous_2)
DA:6,0
DA:7,0
DA:15,0
DA:26,0
DA:28,0
DA:43,0
DA:56,0
DA:65,0
DA:66,0
DA:67,0
DA:69,0
DA:70,0
DA:78,0
DA:79,0
DA:80,0
DA:84,0
DA:91,0
DA:92,0
DA:100,0
LF:19
LH:0
BRDA:6,0,0,0
BRDA:6,0,1,0
BRDA:6,0,2,0
BRDA:7,1,0,0
BRDA:7,1,1,0
BRDA:7,1,2,0
BRDA:17,2,0,0
BRDA:17,2,1,0
BRDA:18,3,0,0
BRDA:18,3,1,0
BRDA:26,4,0,0
BRDA:26,4,1,0
BRDA:26,5,0,0
BRDA:26,5,1,0
BRDA:67,6,0,0
BRDA:67,6,1,0
BRDA:79,7,0,0
BRDA:79,7,1,0
BRF:18
BRH:0
end_of_record
TN:
SF:src/components/AddEditShowModal.tsx
FN:34,(anonymous_0)
FN:70,(anonymous_1)
FN:87,(anonymous_2)
FN:94,(anonymous_3)
FN:114,(anonymous_4)
FN:130,(anonymous_5)
FN:165,(anonymous_6)
FN:241,(anonymous_7)
FN:277,(anonymous_8)
FN:287,(anonymous_9)
FN:397,(anonymous_10)
FN:405,(anonymous_11)
FN:417,(anonymous_12)
FN:426,(anonymous_13)
FN:437,(anonymous_14)
FN:445,(anonymous_15)
FN:457,(anonymous_16)
FN:466,(anonymous_17)
FN:518,(anonymous_18)
FN:525,(anonymous_19)
FNF:20
FNH:0
FNDA:0,(anonymous_0)
FNDA:0,(anonymous_1)
FNDA:0,(anonymous_2)
FNDA:0,(anonymous_3)
FNDA:0,(anonymous_4)
FNDA:0,(anonymous_5)
FNDA:0,(anonymous_6)
FNDA:0,(anonymous_7)
FNDA:0,(anonymous_8)
FNDA:0,(anonymous_9)
FNDA:0,(anonymous_10)
FNDA:0,(anonymous_11)
FNDA:0,(anonymous_12)
FNDA:0,(anonymous_13)
FNDA:0,(anonymous_14)
FNDA:0,(anonymous_15)
FNDA:0,(anonymous_16)
FNDA:0,(anonymous_17)
FNDA:0,(anonymous_18)
FNDA:0,(anonymous_19)
DA:34,0
DA:42,0
DA:45,0
DA:46,0
DA:47,0
DA:48,0
DA:49,0
DA:50,0
DA:51,0
DA:52,0
DA:53,0
DA:54,0
DA:55,0
DA:58,0
DA:59,0
DA:60,0
DA:61,0
DA:62,0
DA:63,0
DA:66,0
DA:67,0
DA:70,0
DA:71,0
DA:72,0
DA:73,0
DA:74,0
DA:75,0
DA:76,0
DA:77,0
DA:78,0
DA:79,0
DA:82,0
DA:87,0
DA:88,0
DA:89,0
DA:94,0
DA:95,0
DA:96,0
DA:97,0
DA:98,0
DA:101,0
DA:102,0
DA:107,0
DA:109,0
DA:114,0
DA:115,0
DA:116,0
DA:117,0
DA:118,0
DA:119,0
DA:120,0
DA:121,0
DA:122,0
DA:123,0
DA:124,0
DA:125,0
DA:126,0
DA:130,0
DA:131,0
DA:133,0
DA:134,0
DA:137,0
DA:138,0
DA:141,0
DA:142,0
DA:145,0
DA:146,0
DA:149,0
DA:150,0
DA:153,0
DA:154,0
DA:155,0
DA:156,0
DA:160,0
DA:161,0
DA:165,0
DA:166,0
DA:167,0
DA:170,0
DA:171,0
DA:174,0
DA:185,0
DA:186,0
DA:190,0
DA:191,0
DA:192,0
DA:195,0
DA:198,0
DA:199,0
DA:200,0
DA:202,0
DA:203,0
DA:204,0
DA:205,0
DA:206,0
DA:207,0
DA:208,0
DA:209,0
DA:210,0
DA:211,0
DA:212,0
DA:213,0
DA:216,0
DA:224,0
DA:230,0
DA:233,0
DA:234,0
DA:236,0
DA:241,0
DA:242,0
DA:243,0
DA:244,0
DA:245,0
DA:246,0
DA:249,0
DA:250,0
DA:251,0
DA:252,0
DA:253,0
DA:254,0
DA:255,0
DA:256,0
DA:257,0
DA:258,0
DA:259,0
DA:260,0
DA:261,0
DA:262,0
DA:263,0
DA:264,0
DA:265,0
DA:266,0
DA:267,0
DA:268,0
DA:269,0
DA:270,0
DA:271,0
DA:277,0
DA:278,0
DA:287,0
DA:288,0
DA:295,0
DA:397,0
DA:405,0
DA:417,0
DA:426,0
DA:437,0
DA:445,0
DA:457,0
DA:466,0
DA:519,0
DA:525,0
DA:590,0
LF:153
LH:0
BRDA:71,0,0,0
BRDA:71,0,1,0
BRDA:71,1,0,0
BRDA:71,1,1,0
BRDA:73,2,0,0
BRDA:73,2,1,0
BRDA:79,3,0,0
BRDA:79,3,1,0
BRDA:88,4,0,0
BRDA:88,4,1,0
BRDA:88,5,0,0
BRDA:88,5,1,0
BRDA:101,6,0,0
BRDA:101,6,1,0
BRDA:101,7,0,0
BRDA:101,7,1,0
BRDA:133,8,0,0
BRDA:133,8,1,0
BRDA:137,9,0,0
BRDA:137,9,1,0
BRDA:141,10,0,0
BRDA:141,10,1,0
BRDA:145,11,0,0
BRDA:145,11,1,0
BRDA:145,12,0,0
BRDA:145,12,1,0
BRDA:149,13,0,0
BRDA:149,13,1,0
BRDA:153,14,0,0
BRDA:153,14,1,0
BRDA:155,15,0,0
BRDA:155,15,1,0
BRDA:155,16,0,0
BRDA:155,16,1,0
BRDA:155,16,2,0
BRDA:166,17,0,0
BRDA:166,17,1,0
BRDA:182,18,0,0
BRDA:182,18,1,0
BRDA:185,19,0,0
BRDA:185,19,1,0
BRDA:190,20,0,0
BRDA:190,20,1,0
BRDA:190,21,0,0
BRDA:190,21,1,0
BRDA:202,22,0,0
BRDA:202,22,1,0
BRDA:205,23,0,0
BRDA:205,23,1,0
BRDA:208,24,0,0
BRDA:208,24,1,0
BRDA:211,25,0,0
BRDA:211,25,1,0
BRDA:242,26,0,0
BRDA:242,26,1,0
BRDA:249,27,0,0
BRDA:249,27,1,0
BRDA:250,28,0,0
BRDA:250,28,1,0
BRDA:256,29,0,0
BRDA:256,29,1,0
BRDA:261,30,0,0
BRDA:261,30,1,0
BRDA:267,31,0,0
BRDA:267,31,1,0
BRDA:304,32,0,0
BRDA:304,32,1,0
BRDA:310,33,0,0
BRDA:310,33,1,0
BRDA:318,34,0,0
BRDA:318,34,1,0
BRDA:318,34,2,0
BRDA:320,35,0,0
BRDA:320,35,1,0
BRDA:322,36,0,0
BRDA:322,36,1,0
BRDA:339,37,0,0
BRDA:339,37,1,0
BRDA:344,38,0,0
BRDA:344,38,1,0
BRDA:367,39,0,0
BRDA:367,39,1,0
BRDA:372,40,0,0
BRDA:372,40,1,0
BRDA:381,41,0,0
BRDA:381,41,1,0
BRDA:386,42,0,0
BRDA:386,42,1,0
BRDA:412,43,0,0
BRDA:412,43,1,0
BRDA:421,44,0,0
BRDA:421,44,1,0
BRDA:452,45,0,0
BRDA:452,45,1,0
BRDA:461,46,0,0
BRDA:461,46,1,0
BRDA:470,47,0,0
BRDA:470,47,1,0
BRDA:479,48,0,0
BRDA:479,48,1,0
BRDA:485,49,0,0
BRDA:485,49,1,0
BRDA:502,50,0,0
BRDA:502,50,1,0
BRDA:502,50,2,0
BRDA:510,51,0,0
BRDA:510,51,1,0
BRDA:514,52,0,0
BRDA:514,52,1,0
BRDA:523,53,0,0
BRDA:523,53,1,0
BRDA:529,54,0,0
BRDA:529,54,1,0
BRDA:542,55,0,0
BRDA:542,55,1,0
BRDA:551,56,0,0
BRDA:551,56,1,0
BRDA:575,57,0,0
BRDA:575,57,1,0
BRDA:579,58,0,0
BRDA:579,58,1,0
BRF:121
BRH:0
end_of_record
TN:
SF:src/components/AttendeeWantLists.tsx
FN:34,(anonymous_0)
FN:55,(anonymous_1)
FN:111,(anonymous_2)
FN:128,(anonymous_3)
FN:133,(anonymous_4)
FN:139,(anonymous_5)
FN:145,(anonymous_6)
FN:150,(anonymous_7)
FN:157,(anonymous_8)
FN:191,(anonymous_9)
FN:210,(anonymous_10)
FN:240,(anonymous_11)
FN:259,(anonymous_12)
FN:262,(anonymous_13)
FN:282,(anonymous_14)
FN:301,(anonymous_15)
FN:329,(anonymous_16)
FNF:17
FNH:0
FNDA:0,(anonymous_0)
FNDA:0,(anonymous_1)
FNDA:0,(anonymous_2)
FNDA:0,(anonymous_3)
FNDA:0,(anonymous_4)
FNDA:0,(anonymous_5)
FNDA:0,(anonymous_6)
FNDA:0,(anonymous_7)
FNDA:0,(anonymous_8)
FNDA:0,(anonymous_9)
FNDA:0,(anonymous_10)
FNDA:0,(anonymous_11)
FNDA:0,(anonymous_12)
FNDA:0,(anonymous_13)
FNDA:0,(anonymous_14)
FNDA:0,(anonymous_15)
FNDA:0,(anonymous_16)
DA:34,0
DA:41,0
DA:42,0
DA:43,0
DA:44,0
DA:45,0
DA:48,0
DA:49,0
DA:50,0
DA:51,0
DA:52,0
DA:55,0
DA:61,0
DA:62,0
DA:63,0
DA:64,0
DA:65,0
DA:68,0
DA:73,0
DA:74,0
DA:81,0
DA:83,0
DA:89,0
DA:91,0
DA:98,0
DA:101,0
DA:102,0
DA:105,0
DA:106,0
DA:108,0
DA:111,0
DA:114,0
DA:115,0
DA:116,0
DA:119,0
DA:120,0
DA:122,0
DA:123,0
DA:128,0
DA:129,0
DA:133,0
DA:134,0
DA:135,0
DA:139,0
DA:140,0
DA:141,0
DA:145,0
DA:146,0
DA:150,0
DA:151,0
DA:152,0
DA:157,0
DA:158,0
DA:191,0
DA:192,0
DA:194,0
DA:210,0
DA:211,0
DA:241,0
DA:242,0
DA:259,0
DA:263,0
DA:282,0
DA:301,0
DA:302,0
DA:324,0
DA:329,0
DA:349,0
DA:351,0
LF:69
LH:0
BRDA:37,0,0,0
BRDA:56,1,0,0
BRDA:57,2,0,0
BRDA:58,3,0,0
BRDA:59,4,0,0
BRDA:62,5,0,0
BRDA:62,5,1,0
BRDA:64,6,0,0
BRDA:64,6,1,0
BRDA:64,7,0,0
BRDA:64,7,1,0
BRDA:73,8,0,0
BRDA:73,8,1,0
BRDA:81,9,0,0
BRDA:81,9,1,0
BRDA:89,10,0,0
BRDA:89,10,1,0
BRDA:101,11,0,0
BRDA:101,11,1,0
BRDA:105,12,0,0
BRDA:105,12,1,0
BRDA:106,13,0,0
BRDA:106,13,1,0
BRDA:106,14,0,0
BRDA:106,14,1,0
BRDA:120,15,0,0
BRDA:120,15,1,0
BRDA:140,16,0,0
BRDA:140,16,1,0
BRDA:141,17,0,0
BRDA:141,17,1,0
BRDA:151,18,0,0
BRDA:151,18,1,0
BRDA:151,19,0,0
BRDA:151,19,1,0
BRDA:164,20,0,0
BRDA:164,20,1,0
BRDA:165,21,0,0
BRDA:165,21,1,0
BRDA:192,22,0,0
BRDA:192,22,1,0
BRDA:199,23,0,0
BRDA:199,23,1,0
BRDA:201,24,0,0
BRDA:201,24,1,0
BRDA:216,25,0,0
BRDA:216,25,1,0
BRDA:221,26,0,0
BRDA:221,26,1,0
BRDA:238,27,0,0
BRDA:238,27,1,0
BRDA:252,28,0,0
BRDA:252,28,1,0
BRDA:257,29,0,0
BRDA:257,29,1,0
BRDA:276,30,0,0
BRDA:276,30,1,0
BRDA:290,31,0,0
BRDA:290,31,1,0
BRDA:290,32,0,0
BRDA:290,32,1,0
BRDA:305,33,0,0
BRDA:305,33,1,0
BRDA:313,34,0,0
BRDA:313,34,1,0
BRF:65
BRH:0
end_of_record
TN:
SF:src/components/CardDetailModal.tsx
FN:29,(anonymous_0)
FN:45,(anonymous_1)
FN:61,(anonymous_2)
FN:62,(anonymous_3)
FN:79,(anonymous_4)
FN:106,(anonymous_5)
FN:133,(anonymous_6)
FN:160,(anonymous_7)
FN:165,(anonymous_8)
FN:170,(anonymous_9)
FN:189,(anonymous_10)
FN:244,(anonymous_11)
FN:288,(anonymous_12)
FN:292,(anonymous_13)
FNF:14
FNH:0
FNDA:0,(anonymous_0)
FNDA:0,(anonymous_1)
FNDA:0,(anonymous_2)
FNDA:0,(anonymous_3)
FNDA:0,(anonymous_4)
FNDA:0,(anonymous_5)
FNDA:0,(anonymous_6)
FNDA:0,(anonymous_7)
FNDA:0,(anonymous_8)
FNDA:0,(anonymous_9)
FNDA:0,(anonymous_10)
FNDA:0,(anonymous_11)
FNDA:0,(anonymous_12)
FNDA:0,(anonymous_13)
DA:29,0
DA:37,0
DA:38,0
DA:39,0
DA:40,0
DA:41,0
DA:42,0
DA:45,0
DA:46,0
DA:47,0
DA:48,0
DA:49,0
DA:50,0
DA:53,0
DA:54,0
DA:55,0
DA:56,0
DA:61,0
DA:62,0
DA:63,0
DA:64,0
DA:65,0
DA:67,0
DA:68,0
DA:79,0
DA:80,0
DA:81,0
DA:82,0
DA:90,0
DA:91,0
DA:93,0
DA:94,0
DA:95,0
DA:96,0
DA:100,0
DA:101,0
DA:106,0
DA:107,0
DA:108,0
DA:109,0
DA:117,0
DA:118,0
DA:120,0
DA:121,0
DA:122,0
DA:123,0
DA:127,0
DA:128,0
DA:133,0
DA:134,0
DA:135,0
DA:136,0
DA:139,0
DA:140,0
DA:142,0
DA:149,0
DA:150,0
DA:151,0
DA:153,0
DA:154,0
DA:155,0
DA:160,0
DA:161,0
DA:165,0
DA:170,0
DA:189,0
DA:198,0
DA:244,0
DA:288,0
DA:293,0
DA:308,0
LF:71
LH:0
BRDA:34,0,0,0
BRDA:46,1,0,0
BRDA:46,1,1,0
BRDA:47,2,0,0
BRDA:47,2,1,0
BRDA:48,3,0,0
BRDA:48,3,1,0
BRDA:49,4,0,0
BRDA:49,4,1,0
BRDA:50,5,0,0
BRDA:50,5,1,0
BRDA:63,6,0,0
BRDA:63,6,1,0
BRDA:67,7,0,0
BRDA:67,7,1,0
BRDA:67,8,0,0
BRDA:67,8,1,0
BRDA:90,9,0,0
BRDA:90,9,1,0
BRDA:90,10,0,0
BRDA:90,10,1,0
BRDA:90,10,2,0
BRDA:93,11,0,0
BRDA:93,11,1,0
BRDA:95,12,0,0
BRDA:95,12,1,0
BRDA:117,13,0,0
BRDA:117,13,1,0
BRDA:117,14,0,0
BRDA:117,14,1,0
BRDA:117,14,2,0
BRDA:120,15,0,0
BRDA:120,15,1,0
BRDA:122,16,0,0
BRDA:122,16,1,0
BRDA:134,17,0,0
BRDA:134,17,1,0
BRDA:207,18,0,0
BRDA:207,18,1,0
BRDA:208,19,0,0
BRDA:208,19,1,0
BRDA:216,20,0,0
BRDA:216,20,1,0
BRDA:223,21,0,0
BRDA:223,21,1,0
BRDA:234,22,0,0
BRDA:234,22,1,0
BRDA:247,23,0,0
BRDA:247,23,1,0
BRF:49
BRH:0
end_of_record
TN:
SF:src/components/CardGrid.tsx
FN:23,(anonymous_0)
FN:44,(anonymous_1)
FN:50,(anonymous_2)
FN:51,(anonymous_3)
FN:57,(anonymous_4)
FN:98,(anonymous_5)
FNF:6
FNH:0
FNDA:0,(anonymous_0)
FNDA:0,(anonymous_1)
FNDA:0,(anonymous_2)
FNDA:0,(anonymous_3)
FNDA:0,(anonymous_4)
FNDA:0,(anonymous_5)
DA:23,0
DA:31,0
DA:32,0
DA:36,0
DA:37,0
DA:40,0
DA:41,0
DA:44,0
DA:46,0
DA:47,0
DA:50,0
DA:52,0
DA:57,0
DA:80,0
DA:94,0
DA:98,0
DA:126,0
LF:17
LH:0
BRDA:28,0,0,0
BRDA:46,1,0,0
BRDA:46,1,1,0
BRDA:68,2,0,0
BRDA:68,2,1,0
BRDA:98,3,0,0
BRDA:98,3,1,0
BRDA:104,4,0,0
BRDA:104,4,1,0
BRF:9
BRH:0
end_of_record
TN:
SF:src/components/DealerDetailModal.tsx
FN:23,(anonymous_0)
FN:34,(anonymous_1)
FN:39,(anonymous_2)
FNF:3
FNH:0
FNDA:0,(anonymous_0)
FNDA:0,(anonymous_1)
FNDA:0,(anonymous_2)
DA:23,0
DA:30,0
DA:31,0
DA:32,0
DA:34,0
DA:35,0
DA:36,0
DA:39,0
DA:40,0
DA:41,0
DA:42,0
DA:45,0
DA:52,0
DA:53,0
DA:54,0
DA:55,0
DA:56,0
DA:59,0
DA:61,0
DA:62,0
DA:63,0
DA:65,0
DA:69,0
DA:72,0
DA:183,0
LF:25
LH:0
BRDA:35,0,0,0
BRDA:35,0,1,0
BRDA:35,1,0,0
BRDA:35,1,1,0
BRDA:35,1,2,0
BRDA:52,2,0,0
BRDA:52,2,1,0
BRDA:62,3,0,0
BRDA:62,3,1,0
BRDA:87,4,0,0
BRDA:87,4,1,0
BRDA:89,5,0,0
BRDA:89,5,1,0
BRDA:91,6,0,0
BRDA:91,6,1,0
BRDA:97,7,0,0
BRDA:97,7,1,0
BRDA:105,8,0,0
BRDA:105,8,1,0
BRDA:113,9,0,0
BRDA:113,9,1,0
BRDA:121,10,0,0
BRDA:121,10,1,0
BRDA:125,11,0,0
BRDA:125,11,1,0
BRDA:125,11,2,0
BRDA:130,12,0,0
BRDA:130,12,1,0
BRDA:132,13,0,0
BRDA:132,13,1,0
BRDA:137,14,0,0
BRDA:137,14,1,0
BRDA:137,14,2,0
BRDA:142,15,0,0
BRDA:142,15,1,0
BRDA:144,16,0,0
BRDA:144,16,1,0
BRDA:151,17,0,0
BRDA:151,17,1,0
BRDA:153,18,0,0
BRDA:153,18,1,0
BRDA:157,19,0,0
BRDA:157,19,1,0
BRDA:163,20,0,0
BRDA:163,20,1,0
BRDA:165,21,0,0
BRDA:165,21,1,0
BRDA:169,22,0,0
BRDA:169,22,1,0
BRF:49
BRH:0
end_of_record
TN:
SF:src/components/FilterChips.tsx
FN:22,(anonymous_0)
FN:35,(anonymous_1)
FN:45,(anonymous_2)
FN:83,(anonymous_3)
FN:94,(anonymous_4)
FN:120,(anonymous_5)
FN:124,(anonymous_6)
FNF:7
FNH:0
FNDA:0,(anonymous_0)
FNDA:0,(anonymous_1)
FNDA:0,(anonymous_2)
FNDA:0,(anonymous_3)
FNDA:0,(anonymous_4)
FNDA:0,(anonymous_5)
FNDA:0,(anonymous_6)
DA:13,0
DA:14,0
DA:22,0
DA:28,0
DA:35,0
DA:36,0
DA:37,0
DA:38,0
DA:45,0
DA:46,0
DA:49,0
DA:50,0
DA:57,0
DA:65,0
DA:66,0
DA:67,0
DA:74,0
DA:75,0
DA:82,0
DA:83,0
DA:84,0
DA:93,0
DA:94,0
DA:95,0
DA:103,0
DA:106,0
DA:109,0
DA:110,0
DA:113,0
DA:121,0
DA:124,0
DA:138,0
LF:32
LH:0
BRDA:36,0,0,0
BRDA:36,0,1,0
BRDA:49,1,0,0
BRDA:49,1,1,0
BRDA:49,2,0,0
BRDA:49,2,1,0
BRDA:57,3,0,0
BRDA:57,3,1,0
BRDA:58,4,0,0
BRDA:58,4,1,0
BRDA:58,4,2,0
BRDA:58,4,3,0
BRDA:65,5,0,0
BRDA:65,5,1,0
BRDA:66,6,0,0
BRDA:66,6,1,0
BRDA:74,7,0,0
BRDA:74,7,1,0
BRDA:82,8,0,0
BRDA:82,8,1,0
BRDA:82,9,0,0
BRDA:82,9,1,0
BRDA:93,10,0,0
BRDA:93,10,1,0
BRDA:93,11,0,0
BRDA:93,11,1,0
BRDA:109,12,0,0
BRDA:109,12,1,0
BRF:28
BRH:0
end_of_record
TN:
SF:src/components/FilterPresetModal.tsx
FN:38,(anonymous_0)
FN:53,(anonymous_1)
FN:68,(anonymous_2)
FN:84,(anonymous_3)
FN:101,(anonymous_4)
FN:116,(anonymous_5)
FN:158,(anonymous_6)
FN:171,(anonymous_7)
FN:189,(anonymous_8)
FN:205,(anonymous_9)
FN:211,(anonymous_10)
FN:215,(anonymous_11)
FN:229,(anonymous_12)
FN:237,(anonymous_13)
FN:311,(anonymous_14)
FNF:15
FNH:0
FNDA:0,(anonymous_0)
FNDA:0,(anonymous_1)
FNDA:0,(anonymous_2)
FNDA:0,(anonymous_3)
FNDA:0,(anonymous_4)
FNDA:0,(anonymous_5)
FNDA:0,(anonymous_6)
FNDA:0,(anonymous_7)
FNDA:0,(anonymous_8)
FNDA:0,(anonymous_9)
FNDA:0,(anonymous_10)
FNDA:0,(anonymous_11)
FNDA:0,(anonymous_12)
FNDA:0,(anonymous_13)
FNDA:0,(anonymous_14)
DA:27,0
DA:28,0
DA:38,0
DA:46,0
DA:47,0
DA:48,0
DA:49,0
DA:50,0
DA:53,0
DA:54,0
DA:57,0
DA:58,0
DA:59,0
DA:60,0
DA:64,0
DA:68,0
DA:69,0
DA:70,0
DA:71,0
DA:72,0
DA:73,0
DA:74,0
DA:76,0
DA:77,0
DA:79,0
DA:84,0
DA:85,0
DA:86,0
DA:87,0
DA:90,0
DA:91,0
DA:92,0
DA:95,0
DA:96,0
DA:97,0
DA:100,0
DA:101,0
DA:104,0
DA:106,0
DA:118,0
DA:123,0
DA:124,0
DA:125,0
DA:126,0
DA:132,0
DA:133,0
DA:137,0
DA:144,0
DA:145,0
DA:146,0
DA:147,0
DA:150,0
DA:151,0
DA:153,0
DA:158,0
DA:159,0
DA:160,0
DA:172,0
DA:173,0
DA:174,0
DA:175,0
DA:177,0
DA:178,0
DA:180,0
DA:189,0
DA:190,0
DA:191,0
DA:192,0
DA:193,0
DA:194,0
DA:195,0
DA:197,0
DA:198,0
DA:200,0
DA:205,0
DA:206,0
DA:207,0
DA:211,0
DA:212,0
DA:215,0
DA:229,0
DA:237,0
DA:245,0
DA:311,0
DA:322,0
LF:85
LH:0
BRDA:54,0,0,0
BRDA:54,0,1,0
BRDA:57,1,0,0
BRDA:57,1,1,0
BRDA:70,2,0,0
BRDA:70,2,1,0
BRDA:85,3,0,0
BRDA:85,3,1,0
BRDA:90,4,0,0
BRDA:90,4,1,0
BRDA:104,5,0,0
BRDA:104,5,1,0
BRDA:123,6,0,0
BRDA:123,6,1,0
BRDA:144,7,0,0
BRDA:144,7,1,0
BRDA:159,8,0,0
BRDA:159,8,1,0
BRDA:190,9,0,0
BRDA:190,9,1,0
BRDA:218,10,0,0
BRDA:218,10,1,0
BRDA:226,11,0,0
BRDA:226,11,1,0
BRDA:253,12,0,0
BRDA:253,12,1,0
BRDA:277,13,0,0
BRDA:277,13,1,0
BRDA:277,13,2,0
BRDA:280,14,0,0
BRDA:280,14,1,0
BRDA:282,15,0,0
BRDA:282,15,1,0
BRDA:291,16,0,0
BRDA:291,16,1,0
BRDA:294,17,0,0
BRDA:294,17,1,0
BRDA:299,18,0,0
BRDA:299,18,1,0
BRDA:311,19,0,0
BRDA:311,19,1,0
BRDA:332,20,0,0
BRDA:332,20,1,0
BRF:43
BRH:0
end_of_record
TN:
SF:src/components/FilterSheet.tsx
FN:32,(anonymous_0)
FN:56,(anonymous_1)
FN:82,(anonymous_2)
FN:115,(anonymous_3)
FN:116,(anonymous_4)
FN:119,(anonymous_5)
FN:124,(anonymous_6)
FN:138,(anonymous_7)
FN:139,(anonymous_8)
FN:146,(anonymous_9)
FN:152,(anonymous_10)
FN:158,(anonymous_11)
FN:168,(anonymous_12)
FN:174,(anonymous_13)
FN:180,(anonymous_14)
FN:191,(anonymous_15)
FN:194,(anonymous_16)
FN:201,(anonymous_17)
FN:202,(anonymous_18)
FN:207,(anonymous_19)
FN:219,(anonymous_20)
FN:220,(anonymous_21)
FN:225,(anonymous_22)
FN:237,(anonymous_23)
FN:242,(anonymous_24)
FN:262,(anonymous_25)
FN:267,(anonymous_26)
FN:272,(anonymous_27)
FN:323,(anonymous_28)
FN:330,(anonymous_29)
FN:395,(anonymous_30)
FN:400,(anonymous_31)
FN:414,(anonymous_32)
FN:419,(anonymous_33)
FNF:34
FNH:0
FNDA:0,(anonymous_0)
FNDA:0,(anonymous_1)
FNDA:0,(anonymous_2)
FNDA:0,(anonymous_3)
FNDA:0,(anonymous_4)
FNDA:0,(anonymous_5)
FNDA:0,(anonymous_6)
FNDA:0,(anonymous_7)
FNDA:0,(anonymous_8)
FNDA:0,(anonymous_9)
FNDA:0,(anonymous_10)
FNDA:0,(anonymous_11)
FNDA:0,(anonymous_12)
FNDA:0,(anonymous_13)
FNDA:0,(anonymous_14)
FNDA:0,(anonymous_15)
FNDA:0,(anonymous_16)
FNDA:0,(anonymous_17)
FNDA:0,(anonymous_18)
FNDA:0,(anonymous_19)
FNDA:0,(anonymous_20)
FNDA:0,(anonymous_21)
FNDA:0,(anonymous_22)
FNDA:0,(anonymous_23)
FNDA:0,(anonymous_24)
FNDA:0,(anonymous_25)
FNDA:0,(anonymous_26)
FNDA:0,(anonymous_27)
FNDA:0,(anonymous_28)
FNDA:0,(anonymous_29)
FNDA:0,(anonymous_30)
FNDA:0,(anonymous_31)
FNDA:0,(anonymous_32)
FNDA:0,(anonymous_33)
DA:28,0
DA:30,0
DA:32,0
DA:39,0
DA:40,0
DA:43,0
DA:46,0
DA:47,0
DA:48,0
DA:51,0
DA:52,0
DA:53,0
DA:56,0
DA:57,0
DA:60,0
DA:61,0
DA:62,0
DA:64,0
DA:67,0
DA:68,0
DA:69,0
DA:71,0
DA:74,0
DA:75,0
DA:77,0
DA:82,0
DA:83,0
DA:84,0
DA:97,0
DA:113,0
DA:115,0
DA:117,0
DA:120,0
DA:121,0
DA:125,0
DA:126,0
DA:128,0
DA:138,0
DA:139,0
DA:146,0
DA:147,0
DA:148,0
DA:149,0
DA:150,0
DA:151,0
DA:152,0
DA:157,0
DA:158,0
DA:164,0
DA:168,0
DA:169,0
DA:170,0
DA:171,0
DA:172,0
DA:173,0
DA:174,0
DA:179,0
DA:180,0
DA:186,0
DA:191,0
DA:192,0
DA:193,0
DA:194,0
DA:201,0
DA:202,0
DA:203,0
DA:204,0
DA:205,0
DA:207,0
DA:210,0
DA:219,0
DA:220,0
DA:221,0
DA:222,0
DA:223,0
DA:225,0
DA:228,0
DA:237,0
DA:238,0
DA:242,0
DA:243,0
DA:252,0
DA:256,0
DA:257,0
DA:258,0
DA:262,0
DA:263,0
DA:267,0
DA:268,0
DA:272,0
DA:273,0
DA:275,0
DA:278,0
DA:324,0
DA:330,0
DA:396,0
DA:400,0
DA:415,0
DA:419,0
DA:453,0
LF:100
LH:0
BRDA:60,0,0,0
BRDA:60,0,1,0
BRDA:67,1,0,0
BRDA:67,1,1,0
BRDA:74,2,0,0
BRDA:74,2,1,0
BRDA:83,3,0,0
BRDA:83,3,1,0
BRDA:120,4,0,0
BRDA:120,4,1,0
BRDA:125,5,0,0
BRDA:125,5,1,0
BRDA:149,6,0,0
BRDA:149,6,1,0
BRDA:151,7,0,0
BRDA:151,7,1,0
BRDA:157,8,0,0
BRDA:157,8,1,0
BRDA:171,9,0,0
BRDA:171,9,1,0
BRDA:173,10,0,0
BRDA:173,10,1,0
BRDA:179,11,0,0
BRDA:179,11,1,0
BRDA:196,12,0,0
BRDA:196,12,1,0
BRDA:203,13,0,0
BRDA:203,13,1,0
BRDA:204,14,0,0
BRDA:204,14,1,0
BRDA:221,15,0,0
BRDA:221,15,1,0
BRDA:222,16,0,0
BRDA:222,16,1,0
BRDA:263,17,0,0
BRDA:263,17,1,0
BRDA:268,18,0,0
BRDA:268,18,1,0
BRDA:275,19,0,0
BRDA:275,19,1,0
BRDA:328,20,0,0
BRDA:328,20,1,0
BRDA:335,21,0,0
BRDA:335,21,1,0
BRDA:402,22,0,0
BRDA:402,22,1,0
BRDA:421,23,0,0
BRDA:421,23,1,0
BRF:48
BRH:0
end_of_record
TN:
SF:src/components/FixedClusteredMapView.js
FN:26,(anonymous_0)
FN:42,(anonymous_1)
FN:47,(anonymous_2)
FN:53,(anonymous_3)
FN:58,(anonymous_4)
FN:62,(anonymous_5)
FN:66,(anonymous_6)
FN:70,(anonymous_7)
FN:79,(anonymous_8)
FN:88,(anonymous_9)
FN:92,(anonymous_10)
FN:94,(anonymous_11)
FN:99,(anonymous_12)
FN:106,(anonymous_13)
FN:119,(anonymous_14)
FN:121,(anonymous_15)
FN:129,(anonymous_16)
FN:139,(anonymous_17)
FN:153,(anonymous_18)
FNF:19
FNH:0
FNDA:0,(anonymous_0)
FNDA:0,(anonymous_1)
FNDA:0,(anonymous_2)
FNDA:0,(anonymous_3)
FNDA:0,(anonymous_4)
FNDA:0,(anonymous_5)
FNDA:0,(anonymous_6)
FNDA:0,(anonymous_7)
FNDA:0,(anonymous_8)
FNDA:0,(anonymous_9)
FNDA:0,(anonymous_10)
FNDA:0,(anonymous_11)
FNDA:0,(anonymous_12)
FNDA:0,(anonymous_13)
FNDA:0,(anonymous_14)
FNDA:0,(anonymous_15)
FNDA:0,(anonymous_16)
FNDA:0,(anonymous_17)
FNDA:0,(anonymous_18)
DA:27,0
DA:29,0
DA:34,0
DA:35,0
DA:37,0
DA:38,0
DA:39,0
DA:43,0
DA:48,0
DA:49,0
DA:54,0
DA:55,0
DA:59,0
DA:63,0
DA:67,0
DA:71,0
DA:79,0
DA:82,0
DA:84,0
DA:85,0
DA:89,0
DA:93,0
DA:94,0
DA:95,0
DA:100,0
DA:101,0
DA:103,0
DA:109,0
DA:110,0
DA:111,0
DA:118,0
DA:119,0
DA:121,0
DA:124,0
DA:126,0
DA:130,0
DA:132,0
DA:140,0
DA:141,0
DA:143,0
DA:153,0
DA:161,0
DA:176,0
LF:43
LH:0
BRDA:31,0,0,0
BRDA:31,0,1,0
BRDA:48,1,0,0
BRDA:48,1,1,0
BRDA:54,2,0,0
BRDA:54,2,1,0
BRDA:54,3,0,0
BRDA:54,3,1,0
BRDA:54,3,2,0
BRDA:75,4,0,0
BRDA:75,4,1,0
BRDA:95,5,0,0
BRDA:95,5,1,0
BRDA:101,6,0,0
BRDA:101,6,1,0
BRDA:109,7,0,0
BRDA:109,7,1,0
BRDA:110,8,0,0
BRDA:110,8,1,0
BRDA:126,9,0,0
BRDA:126,9,1,0
BRDA:139,10,0,0
BRDA:139,10,1,0
BRDA:140,11,0,0
BRDA:140,11,1,0
BRDA:153,12,0,0
BRDA:153,12,1,0
BRF:27
BRH:0
end_of_record
TN:
SF:src/components/HomeCarousel.tsx
FN:99,(anonymous_0)
FN:118,(anonymous_1)
FN:140,(anonymous_2)
FN:147,(anonymous_3)
FN:154,(anonymous_4)
FN:155,(anonymous_5)
FN:165,(anonymous_6)
FN:169,(anonymous_7)
FN:176,(anonymous_8)
FN:179,(anonymous_9)
FN:184,(anonymous_10)
FN:186,(anonymous_11)
FN:198,(anonymous_12)
FNF:13
FNH:0
FNDA:0,(anonymous_0)
FNDA:0,(anonymous_1)
FNDA:0,(anonymous_2)
FNDA:0,(anonymous_3)
FNDA:0,(anonymous_4)
FNDA:0,(anonymous_5)
FNDA:0,(anonymous_6)
FNDA:0,(anonymous_7)
FNDA:0,(anonymous_8)
FNDA:0,(anonymous_9)
FNDA:0,(anonymous_10)
FNDA:0,(anonymous_11)
FNDA:0,(anonymous_12)
DA:17,0
DA:18,0
DA:19,0
DA:20,0
DA:21,0
DA:22,0
DA:25,0
DA:99,0
DA:100,0
DA:118,0
DA:119,0
DA:121,0
DA:140,0
DA:141,0
DA:142,0
DA:143,0
DA:144,0
DA:147,0
DA:148,0
DA:149,0
DA:154,0
DA:155,0
DA:156,0
DA:157,0
DA:158,0
DA:165,0
DA:169,0
DA:170,0
DA:171,0
DA:176,0
DA:177,0
DA:179,0
DA:184,0
DA:185,0
DA:187,0
DA:192,0
DA:198,0
DA:218,0
LF:38
LH:0
BRDA:126,0,0,0
BRDA:126,0,1,0
BRDA:127,1,0,0
BRDA:127,1,1,0
BRDA:128,2,0,0
BRDA:128,2,1,0
BRDA:129,3,0,0
BRDA:129,3,1,0
BRDA:148,4,0,0
BRDA:148,4,1,0
BRDA:156,5,0,0
BRDA:156,5,1,0
BRDA:170,6,0,0
BRDA:170,6,1,0
BRF:14
BRH:0
end_of_record
TN:
SF:src/components/MFASetup.tsx
FN:41,(anonymous_0)
FN:52,(anonymous_1)
FN:59,(anonymous_2)
FN:74,(anonymous_3)
FN:100,(anonymous_4)
FN:106,(anonymous_5)
FN:112,(anonymous_6)
FN:121,(anonymous_7)
FN:135,(anonymous_8)
FN:157,(anonymous_9)
FN:172,(anonymous_10)
FN:202,(anonymous_11)
FN:213,(anonymous_12)
FN:222,(anonymous_13)
FN:231,(anonymous_14)
FN:242,(anonymous_15)
FN:268,(anonymous_16)
FN:277,(anonymous_17)
FN:288,(anonymous_18)
FN:318,(anonymous_19)
FN:337,(anonymous_20)
FNF:21
FNH:0
FNDA:0,(anonymous_0)
FNDA:0,(anonymous_1)
FNDA:0,(anonymous_2)
FNDA:0,(anonymous_3)
FNDA:0,(anonymous_4)
FNDA:0,(anonymous_5)
FNDA:0,(anonymous_6)
FNDA:0,(anonymous_7)
FNDA:0,(anonymous_8)
FNDA:0,(anonymous_9)
FNDA:0,(anonymous_10)
FNDA:0,(anonymous_11)
FNDA:0,(anonymous_12)
FNDA:0,(anonymous_13)
FNDA:0,(anonymous_14)
FNDA:0,(anonymous_15)
FNDA:0,(anonymous_16)
FNDA:0,(anonymous_17)
FNDA:0,(anonymous_18)
FNDA:0,(anonymous_19)
FNDA:0,(anonymous_20)
DA:41,0
DA:43,0
DA:44,0
DA:45,0
DA:46,0
DA:47,0
DA:48,0
DA:49,0
DA:52,0
DA:53,0
DA:54,0
DA:59,0
DA:60,0
DA:61,0
DA:63,0
DA:64,0
DA:65,0
DA:67,0
DA:69,0
DA:74,0
DA:75,0
DA:76,0
DA:77,0
DA:80,0
DA:81,0
DA:83,0
DA:84,0
DA:86,0
DA:87,0
DA:88,0
DA:90,0
DA:93,0
DA:95,0
DA:100,0
DA:101,0
DA:102,0
DA:103,0
DA:106,0
DA:107,0
DA:112,0
DA:113,0
DA:114,0
DA:122,0
DA:123,0
DA:129,0
DA:130,0
DA:135,0
DA:136,0
DA:157,0
DA:172,0
DA:173,0
DA:203,0
DA:204,0
DA:213,0
DA:222,0
DA:231,0
DA:232,0
DA:242,0
DA:268,0
DA:277,0
DA:278,0
DA:289,0
DA:318,0
DA:319,0
DA:321,0
DA:323,0
DA:325,0
DA:327,0
DA:329,0
DA:333,0
DA:338,0
DA:353,0
LF:72
LH:0
BRDA:53,0,0,0
BRDA:53,0,1,0
BRDA:67,1,0,0
BRDA:67,1,1,0
BRDA:75,2,0,0
BRDA:75,2,1,0
BRDA:75,3,0,0
BRDA:75,3,1,0
BRDA:86,4,0,0
BRDA:86,4,1,0
BRDA:93,5,0,0
BRDA:93,5,1,0
BRDA:113,6,0,0
BRDA:113,6,1,0
BRDA:123,7,0,0
BRDA:123,7,1,0
BRDA:130,8,0,0
BRDA:130,8,1,0
BRDA:180,9,0,0
BRDA:180,9,1,0
BRDA:182,10,0,0
BRDA:182,10,1,0
BRDA:189,11,0,0
BRDA:189,11,1,0
BRDA:249,12,0,0
BRDA:249,12,1,0
BRDA:254,13,0,0
BRDA:254,13,1,0
BRDA:254,14,0,0
BRDA:254,14,1,0
BRDA:257,15,0,0
BRDA:257,15,1,0
BRDA:259,16,0,0
BRDA:259,16,1,0
BRDA:297,17,0,0
BRDA:297,17,1,0
BRDA:299,18,0,0
BRDA:299,18,1,0
BRDA:319,19,0,0
BRDA:319,19,1,0
BRDA:319,19,2,0
BRDA:319,19,3,0
BRDA:319,19,4,0
BRDA:342,20,0,0
BRDA:342,20,1,0
BRDA:465,21,0,0
BRDA:465,21,1,0
BRDA:537,22,0,0
BRDA:537,22,1,0
BRF:49
BRH:0
end_of_record
TN:
SF:src/components/MapFallback.tsx
FN:73,(anonymous_0)
FN:86,(anonymous_1)
FN:184,(anonymous_2)
FN:197,(anonymous_3)
FN:198,(anonymous_4)
FN:202,(anonymous_5)
FN:244,(anonymous_6)
FN:264,(anonymous_7)
FN:306,(anonymous_8)
FN:321,(anonymous_9)
FN:322,(anonymous_10)
FN:326,(anonymous_11)
FN:327,(anonymous_12)
FNF:13
FNH:0
FNDA:0,(anonymous_0)
FNDA:0,(anonymous_1)
FNDA:0,(anonymous_2)
FNDA:0,(anonymous_3)
FNDA:0,(anonymous_4)
FNDA:0,(anonymous_5)
FNDA:0,(anonymous_6)
FNDA:0,(anonymous_7)
FNDA:0,(anonymous_8)
FNDA:0,(anonymous_9)
FNDA:0,(anonymous_10)
FNDA:0,(anonymous_11)
FNDA:0,(anonymous_12)
DA:64,0
DA:73,0
DA:74,0
DA:75,0
DA:78,0
DA:80,0
DA:84,0
DA:87,0
DA:88,0
DA:89,0
DA:91,0
DA:95,0
DA:98,0
DA:105,0
DA:180,0
DA:191,0
DA:194,0
DA:197,0
DA:199,0
DA:202,0
DA:206,0
DA:207,0
DA:209,0
DA:210,0
DA:212,0
DA:214,0
DA:220,0
DA:244,0
DA:245,0
DA:246,0
DA:247,0
DA:248,0
DA:250,0
DA:258,0
DA:264,0
DA:265,0
DA:266,0
DA:267,0
DA:268,0
DA:270,0
DA:277,0
DA:291,0
DA:315,0
DA:318,0
DA:321,0
DA:323,0
DA:326,0
DA:328,0
DA:335,0
DA:336,0
DA:338,0
DA:340,0
DA:341,0
DA:352,0
DA:358,0
LF:55
LH:0
BRDA:74,0,0,0
BRDA:74,0,1,0
BRDA:84,1,0,0
BRDA:84,1,1,0
BRDA:84,1,2,0
BRDA:198,2,0,0
BRDA:206,3,0,0
BRDA:206,3,1,0
BRDA:210,4,0,0
BRDA:210,4,1,0
BRDA:223,5,0,0
BRDA:223,5,1,0
BRDA:245,6,0,0
BRDA:245,6,1,0
BRDA:258,7,0,0
BRDA:258,7,1,0
BRDA:265,8,0,0
BRDA:265,8,1,0
BRDA:279,9,0,0
BRDA:279,9,1,0
BRDA:322,10,0,0
BRDA:327,11,0,0
BRDA:335,12,0,0
BRDA:335,12,1,0
BRDA:340,13,0,0
BRDA:340,13,1,0
BRDA:361,14,0,0
BRDA:361,14,1,0
BRDA:373,15,0,0
BRDA:373,15,1,0
BRDA:373,16,0,0
BRDA:373,16,1,0
BRF:32
BRH:0
end_of_record
TN:
SF:src/components/NotificationItem.tsx
FNF:0
FNH:0
LF:0
LH:0
BRF:0
BRH:0
end_of_record
TN:
SF:src/components/OrganizerShowsList.tsx
FN:38,(anonymous_0)
FN:54,(anonymous_1)
FN:74,(anonymous_2)
FN:97,(anonymous_3)
FN:102,(anonymous_4)
FN:129,(anonymous_5)
FN:143,(anonymous_6)
FN:181,(anonymous_7)
FN:232,(anonymous_8)
FN:258,(anonymous_9)
FN:263,(anonymous_10)
FN:268,(anonymous_11)
FN:274,(anonymous_12)
FN:281,(anonymous_13)
FN:298,(anonymous_14)
FN:307,(anonymous_15)
FN:319,(anonymous_16)
FN:329,(anonymous_17)
FN:338,(anonymous_18)
FN:366,(anonymous_19)
FN:374,(anonymous_20)
FN:383,(anonymous_21)
FN:395,(anonymous_22)
FN:416,(anonymous_23)
FN:450,(anonymous_24)
FN:479,(anonymous_25)
FN:487,(anonymous_26)
FN:500,(anonymous_27)
FN:512,(anonymous_28)
FN:565,(anonymous_29)
FN:579,(anonymous_30)
FN:581,(anonymous_31)
FN:595,(anonymous_32)
FNF:33
FNH:0
FNDA:0,(anonymous_0)
FNDA:0,(anonymous_1)
FNDA:0,(anonymous_2)
FNDA:0,(anonymous_3)
FNDA:0,(anonymous_4)
FNDA:0,(anonymous_5)
FNDA:0,(anonymous_6)
FNDA:0,(anonymous_7)
FNDA:0,(anonymous_8)
FNDA:0,(anonymous_9)
FNDA:0,(anonymous_10)
FNDA:0,(anonymous_11)
FNDA:0,(anonymous_12)
FNDA:0,(anonymous_13)
FNDA:0,(anonymous_14)
FNDA:0,(anonymous_15)
FNDA:0,(anonymous_16)
FNDA:0,(anonymous_17)
FNDA:0,(anonymous_18)
FNDA:0,(anonymous_19)
FNDA:0,(anonymous_20)
FNDA:0,(anonymous_21)
FNDA:0,(anonymous_22)
FNDA:0,(anonymous_23)
FNDA:0,(anonymous_24)
FNDA:0,(anonymous_25)
FNDA:0,(anonymous_26)
FNDA:0,(anonymous_27)
FNDA:0,(anonymous_28)
FNDA:0,(anonymous_29)
FNDA:0,(anonymous_30)
FNDA:0,(anonymous_31)
FNDA:0,(anonymous_32)
DA:19,0
DA:38,0
DA:44,0
DA:47,0
DA:48,0
DA:49,0
DA:50,0
DA:51,0
DA:54,0
DA:55,0
DA:57,0
DA:58,0
DA:59,0
DA:60,0
DA:63,0
DA:67,0
DA:68,0
DA:74,0
DA:75,0
DA:76,0
DA:77,0
DA:78,0
DA:81,0
DA:85,0
DA:86,0
DA:87,0
DA:96,0
DA:97,0
DA:98,0
DA:102,0
DA:103,0
DA:104,0
DA:105,0
DA:108,0
DA:115,0
DA:121,0
DA:126,0
DA:127,0
DA:129,0
DA:130,0
DA:131,0
DA:132,0
DA:133,0
DA:142,0
DA:143,0
DA:145,0
DA:148,0
DA:149,0
DA:150,0
DA:153,0
DA:154,0
DA:157,0
DA:160,0
DA:164,0
DA:168,0
DA:175,0
DA:176,0
DA:177,0
DA:181,0
DA:184,0
DA:185,0
DA:189,0
DA:195,0
DA:196,0
DA:197,0
DA:201,0
DA:202,0
DA:205,0
DA:227,0
DA:228,0
DA:231,0
DA:232,0
DA:238,0
DA:239,0
DA:241,0
DA:247,0
DA:250,0
DA:251,0
DA:253,0
DA:258,0
DA:263,0
DA:264,0
DA:268,0
DA:269,0
DA:270,0
DA:271,0
DA:274,0
DA:281,0
DA:282,0
DA:284,0
DA:285,0
DA:286,0
DA:292,0
DA:293,0
DA:298,0
DA:299,0
DA:300,0
DA:301,0
DA:303,0
DA:307,0
DA:308,0
DA:309,0
DA:310,0
DA:312,0
DA:319,0
DA:320,0
DA:321,0
DA:322,0
DA:325,0
DA:329,0
DA:330,0
DA:331,0
DA:332,0
DA:334,0
DA:338,0
DA:339,0
DA:340,0
DA:341,0
DA:344,0
DA:346,0
DA:366,0
DA:374,0
DA:383,0
DA:395,0
DA:397,0
DA:398,0
DA:399,0
DA:403,0
DA:404,0
DA:405,0
DA:406,0
DA:409,0
DA:411,0
DA:416,0
DA:450,0
DA:479,0
DA:487,0
DA:500,0
DA:512,0
DA:525,0
DA:526,0
DA:535,0
DA:536,0
DA:551,0
DA:552,0
DA:565,0
DA:574,0
DA:579,0
DA:582,0
DA:595,0
DA:609,0
LF:151
LH:0
BRDA:41,0,0,0
BRDA:55,1,0,0
BRDA:55,1,1,0
BRDA:67,2,0,0
BRDA:67,2,1,0
BRDA:67,3,0,0
BRDA:67,3,1,0
BRDA:76,4,0,0
BRDA:76,4,1,0
BRDA:85,5,0,0
BRDA:85,5,1,0
BRDA:98,6,0,0
BRDA:98,6,1,0
BRDA:103,7,0,0
BRDA:103,7,1,0
BRDA:104,8,0,0
BRDA:104,8,1,0
BRDA:112,9,0,0
BRDA:112,9,1,0
BRDA:130,10,0,0
BRDA:130,10,1,0
BRDA:130,11,0,0
BRDA:130,11,1,0
BRDA:132,12,0,0
BRDA:132,12,1,0
BRDA:145,13,0,0
BRDA:145,13,1,0
BRDA:145,14,0,0
BRDA:145,14,1,0
BRDA:148,15,0,0
BRDA:148,15,1,0
BRDA:148,16,0,0
BRDA:148,16,1,0
BRDA:149,17,0,0
BRDA:149,17,1,0
BRDA:150,18,0,0
BRDA:150,18,1,0
BRDA:153,19,0,0
BRDA:153,19,1,0
BRDA:154,20,0,0
BRDA:154,20,1,0
BRDA:175,21,0,0
BRDA:175,21,1,0
BRDA:181,22,0,0
BRDA:181,22,1,0
BRDA:185,23,0,0
BRDA:185,23,1,0
BRDA:185,24,0,0
BRDA:185,24,1,0
BRDA:185,24,2,0
BRDA:185,24,3,0
BRDA:195,25,0,0
BRDA:195,25,1,0
BRDA:195,26,0,0
BRDA:195,26,1,0
BRDA:208,27,0,0
BRDA:208,27,1,0
BRDA:209,28,0,0
BRDA:209,28,1,0
BRDA:210,29,0,0
BRDA:210,29,1,0
BRDA:211,30,0,0
BRDA:211,30,1,0
BRDA:220,31,0,0
BRDA:220,31,1,0
BRDA:221,32,0,0
BRDA:221,32,1,0
BRDA:238,33,0,0
BRDA:238,33,1,0
BRDA:269,34,0,0
BRDA:269,34,1,0
BRDA:282,35,0,0
BRDA:282,35,1,0
BRDA:299,36,0,0
BRDA:299,36,1,0
BRDA:308,37,0,0
BRDA:308,37,1,0
BRDA:320,38,0,0
BRDA:320,38,1,0
BRDA:330,39,0,0
BRDA:330,39,1,0
BRDA:339,40,0,0
BRDA:339,40,1,0
BRDA:344,41,0,0
BRDA:344,41,1,0
BRDA:349,42,0,0
BRDA:349,42,1,0
BRDA:353,43,0,0
BRDA:353,43,1,0
BRDA:360,44,0,0
BRDA:360,44,1,0
BRDA:361,45,0,0
BRDA:361,45,1,0
BRDA:380,46,0,0
BRDA:380,46,1,0
BRDA:397,47,0,0
BRDA:397,47,1,0
BRDA:397,48,0,0
BRDA:397,48,1,0
BRDA:404,49,0,0
BRDA:404,49,1,0
BRDA:405,50,0,0
BRDA:405,50,1,0
BRDA:409,51,0,0
BRDA:409,51,1,0
BRDA:409,52,0,0
BRDA:409,52,1,0
BRDA:416,53,0,0
BRDA:416,53,1,0
BRDA:420,54,0,0
BRDA:420,54,1,0
BRDA:425,55,0,0
BRDA:425,55,1,0
BRDA:436,56,0,0
BRDA:436,56,1,0
BRDA:457,57,0,0
BRDA:457,57,1,0
BRDA:465,58,0,0
BRDA:465,58,1,0
BRDA:465,58,2,0
BRDA:473,59,0,0
BRDA:473,59,1,0
BRDA:474,60,0,0
BRDA:474,60,1,0
BRDA:497,61,0,0
BRDA:497,61,1,0
BRDA:499,62,0,0
BRDA:499,62,1,0
BRDA:500,63,0,0
BRDA:500,63,1,0
BRDA:509,64,0,0
BRDA:509,64,1,0
BRDA:525,65,0,0
BRDA:525,65,1,0
BRDA:535,66,0,0
BRDA:535,66,1,0
BRDA:551,67,0,0
BRDA:551,67,1,0
BRDA:551,68,0,0
BRDA:551,68,1,0
BRDA:582,69,0,0
BRDA:582,69,1,0
BRDA:586,70,0,0
BRDA:586,70,1,0
BRDA:593,71,0,0
BRDA:593,71,1,0
BRDA:595,72,0,0
BRDA:595,72,1,0
BRDA:604,73,0,0
BRDA:604,73,1,0
BRF:150
BRH:0
end_of_record
TN:
SF:src/components/ReviewForm.tsx
FN:22,(anonymous_0)
FN:31,(anonymous_1)
FN:52,(anonymous_2)
FN:53,(anonymous_3)
FNF:4
FNH:0
FNDA:0,(anonymous_0)
FNDA:0,(anonymous_1)
FNDA:0,(anonymous_2)
FNDA:0,(anonymous_3)
DA:22,0
DA:28,0
DA:29,0
DA:31,0
DA:32,0
DA:33,0
DA:34,0
DA:36,0
DA:39,0
DA:53,0
DA:90,0
LF:11
LH:0
BRDA:32,0,0,0
BRDA:32,0,1,0
BRDA:55,1,0,0
BRDA:55,1,1,0
BRDA:57,2,0,0
BRDA:57,2,1,0
BRF:6
BRH:0
end_of_record
TN:
SF:src/components/ReviewsList.tsx
FN:11,(anonymous_0)
FN:12,(anonymous_1)
FN:28,(anonymous_2)
FN:53,(anonymous_3)
FN:64,(anonymous_4)
FNF:5
FNH:0
FNDA:0,(anonymous_0)
FNDA:0,(anonymous_1)
FNDA:0,(anonymous_2)
FNDA:0,(anonymous_3)
FNDA:0,(anonymous_4)
DA:11,0
DA:12,0
DA:13,0
DA:14,0
DA:15,0
DA:25,0
DA:28,0
DA:33,0
DA:34,0
DA:35,0
DA:41,0
DA:53,0
DA:54,0
DA:61,0
DA:64,0
DA:72,0
LF:16
LH:0
BRDA:18,0,0,0
BRDA:18,0,1,0
BRDA:67,1,0,0
BRDA:67,1,1,0
BRF:4
BRH:0
end_of_record
TN:
SF:src/components/SentryErrorBoundary.tsx
FN:26,(anonymous_0)
FN:45,(anonymous_1)
FN:149,(anonymous_2)
FN:154,(anonymous_3)
FN:174,(anonymous_4)
FNF:5
FNH:0
FNDA:0,(anonymous_0)
FNDA:0,(anonymous_1)
FNDA:0,(anonymous_2)
FNDA:0,(anonymous_3)
FNDA:0,(anonymous_4)
DA:7,0
DA:26,0
DA:38,0
DA:42,0
DA:43,0
DA:45,0
DA:46,0
DA:48,0
DA:51,0
DA:53,0
DA:59,0
DA:61,0
DA:63,0
DA:67,0
DA:149,0
DA:154,0
DA:156,0
DA:157,0
DA:158,0
DA:159,0
DA:163,0
DA:164,0
DA:169,0
DA:171,0
DA:174,0
DA:182,0
LF:26
LH:0
BRDA:38,0,0,0
BRDA:38,0,1,0
BRDA:40,1,0,0
BRDA:40,1,1,0
BRDA:51,2,0,0
BRDA:51,2,1,0
BRDA:82,3,0,0
BRDA:82,3,1,0
BRDA:82,3,2,0
BRDA:96,4,0,0
BRDA:96,4,1,0
BRDA:98,5,0,0
BRDA:98,5,1,0
BRDA:103,6,0,0
BRDA:103,6,1,0
BRDA:113,7,0,0
BRDA:113,7,1,0
BRDA:156,8,0,0
BRDA:156,8,1,0
BRDA:163,9,0,0
BRDA:163,9,1,0
BRDA:169,10,0,0
BRDA:169,10,1,0
BRDA:242,11,0,0
BRDA:242,11,1,0
BRF:25
BRH:0
end_of_record
TN:
SF:src/components/SentryTester.tsx
FN:25,(anonymous_0)
FN:29,(anonymous_1)
FN:43,(anonymous_2)
FN:46,(anonymous_3)
FN:47,(anonymous_4)
FN:54,(anonymous_5)
FN:66,(anonymous_6)
FN:78,(anonymous_7)
FN:101,(anonymous_8)
FN:109,(anonymous_9)
FN:117,(anonymous_10)
FN:143,(anonymous_11)
FN:155,(anonymous_12)
FN:167,(anonymous_13)
FN:179,(anonymous_14)
FN:195,(anonymous_15)
FN:201,(anonymous_16)
FN:254,(anonymous_17)
FN:261,(anonymous_18)
FN:268,(anonymous_19)
FNF:20
FNH:0
FNDA:0,(anonymous_0)
FNDA:0,(anonymous_1)
FNDA:0,(anonymous_2)
FNDA:0,(anonymous_3)
FNDA:0,(anonymous_4)
FNDA:0,(anonymous_5)
FNDA:0,(anonymous_6)
FNDA:0,(anonymous_7)
FNDA:0,(anonymous_8)
FNDA:0,(anonymous_9)
FNDA:0,(anonymous_10)
FNDA:0,(anonymous_11)
FNDA:0,(anonymous_12)
FNDA:0,(anonymous_13)
FNDA:0,(anonymous_14)
FNDA:0,(anonymous_15)
FNDA:0,(anonymous_16)
FNDA:0,(anonymous_17)
FNDA:0,(anonymous_18)
FNDA:0,(anonymous_19)
DA:25,0
DA:26,0
DA:29,0
DA:30,0
DA:32,0
DA:33,0
DA:35,0
DA:36,0
DA:37,0
DA:43,0
DA:44,0
DA:46,0
DA:47,0
DA:48,0
DA:54,0
DA:55,0
DA:56,0
DA:68,0
DA:70,0
DA:78,0
DA:80,0
DA:97,0
DA:101,0
DA:103,0
DA:109,0
DA:110,0
DA:117,0
DA:118,0
DA:129,0
DA:130,0
DA:132,0
DA:133,0
DA:134,0
DA:139,0
DA:143,0
DA:144,0
DA:146,0
DA:149,0
DA:155,0
DA:158,0
DA:161,0
DA:167,0
DA:170,0
DA:173,0
DA:175,0
DA:179,0
DA:180,0
DA:181,0
DA:183,0
DA:185,0
DA:189,0
DA:195,0
DA:198,0
DA:201,0
DA:202,0
DA:203,0
DA:205,0
DA:206,0
DA:207,0
DA:213,0
DA:254,0
DA:261,0
DA:268,0
DA:317,0
LF:64
LH:0
BRDA:35,0,0,0
BRDA:35,0,1,0
BRDA:132,1,0,0
BRDA:132,1,1,0
BRDA:183,2,0,0
BRDA:183,2,1,0
BRDA:205,3,0,0
BRDA:205,3,1,0
BRDA:306,4,0,0
BRDA:306,4,1,0
BRF:10
BRH:0
end_of_record
TN:
SF:src/components/SharedWantLists.tsx
FN:41,(anonymous_0)
FN:48,(anonymous_1)
FN:73,(anonymous_2)
FN:77,(anonymous_3)
FN:79,(anonymous_4)
FN:82,(anonymous_5)
FN:90,(anonymous_6)
FN:98,(anonymous_7)
FN:104,(anonymous_8)
FN:166,(anonymous_9)
FNF:10
FNH:0
FNDA:0,(anonymous_0)
FNDA:0,(anonymous_1)
FNDA:0,(anonymous_2)
FNDA:0,(anonymous_3)
FNDA:0,(anonymous_4)
FNDA:0,(anonymous_5)
FNDA:0,(anonymous_6)
FNDA:0,(anonymous_7)
FNDA:0,(anonymous_8)
FNDA:0,(anonymous_9)
DA:18,0
DA:19,0
DA:41,0
DA:42,0
DA:43,0
DA:44,0
DA:45,0
DA:46,0
DA:48,0
DA:49,0
DA:50,0
DA:51,0
DA:52,0
DA:55,0
DA:56,0
DA:57,0
DA:58,0
DA:60,0
DA:61,0
DA:64,0
DA:66,0
DA:67,0
DA:69,0
DA:73,0
DA:74,0
DA:77,0
DA:78,0
DA:79,0
DA:82,0
DA:83,0
DA:90,0
DA:91,0
DA:98,0
DA:99,0
DA:100,0
DA:102,0
DA:104,0
DA:124,0
DA:125,0
DA:133,0
DA:134,0
DA:145,0
DA:166,0
DA:174,0
LF:44
LH:0
BRDA:18,0,0,0
BRDA:18,0,1,0
BRDA:18,1,0,0
BRDA:18,1,1,0
BRDA:49,2,0,0
BRDA:49,2,1,0
BRDA:60,3,0,0
BRDA:60,3,1,0
BRDA:64,4,0,0
BRDA:64,4,1,0
BRDA:79,5,0,0
BRDA:79,5,1,0
BRDA:100,6,0,0
BRDA:100,6,1,0
BRDA:111,7,0,0
BRDA:111,7,1,0
BRDA:115,8,0,0
BRDA:115,8,1,0
BRDA:117,9,0,0
BRDA:117,9,1,0
BRDA:124,10,0,0
BRDA:124,10,1,0
BRDA:133,11,0,0
BRDA:133,11,1,0
BRDA:157,12,0,0
BRDA:157,12,1,0
BRF:26
BRH:0
end_of_record
TN:
SF:src/components/UnclaimedShowsList.tsx
FN:41,(anonymous_0)
FN:61,(anonymous_1)
FN:65,(anonymous_2)
FN:68,(anonymous_3)
FN:84,(anonymous_4)
FN:128,(anonymous_5)
FN:134,(anonymous_6)
FN:144,(anonymous_7)
FN:199,(anonymous_8)
FN:216,(anonymous_9)
FN:249,(anonymous_10)
FN:266,(anonymous_11)
FN:323,(anonymous_12)
FN:336,(anonymous_13)
FNF:14
FNH:0
FNDA:0,(anonymous_0)
FNDA:0,(anonymous_1)
FNDA:0,(anonymous_2)
FNDA:0,(anonymous_3)
FNDA:0,(anonymous_4)
FNDA:0,(anonymous_5)
FNDA:0,(anonymous_6)
FNDA:0,(anonymous_7)
FNDA:0,(anonymous_8)
FNDA:0,(anonymous_9)
FNDA:0,(anonymous_10)
FNDA:0,(anonymous_11)
FNDA:0,(anonymous_12)
FNDA:0,(anonymous_13)
DA:27,0
DA:41,0
DA:42,0
DA:50,0
DA:53,0
DA:61,0
DA:62,0
DA:65,0
DA:68,0
DA:70,0
DA:71,0
DA:72,0
DA:75,0
DA:77,0
DA:78,0
DA:79,0
DA:82,0
DA:84,0
DA:87,0
DA:89,0
DA:92,0
DA:96,0
DA:98,0
DA:105,0
DA:108,0
DA:115,0
DA:116,0
DA:120,0
DA:121,0
DA:127,0
DA:128,0
DA:134,0
DA:135,0
DA:136,0
DA:144,0
DA:145,0
DA:146,0
DA:148,0
DA:199,0
DA:216,0
DA:217,0
DA:218,0
DA:220,0
DA:249,0
DA:266,0
DA:267,0
DA:269,0
DA:270,0
DA:273,0
DA:274,0
DA:277,0
DA:278,0
DA:282,0
DA:283,0
DA:292,0
DA:293,0
DA:308,0
DA:309,0
DA:323,0
DA:332,0
DA:337,0
DA:357,0
LF:62
LH:0
BRDA:42,0,0,0
BRDA:70,1,0,0
BRDA:70,1,1,0
BRDA:70,2,0,0
BRDA:70,2,1,0
BRDA:70,2,2,0
BRDA:77,3,0,0
BRDA:77,3,1,0
BRDA:87,4,0,0
BRDA:87,4,1,0
BRDA:96,5,0,0
BRDA:96,5,1,0
BRDA:96,6,0,0
BRDA:96,6,1,0
BRDA:100,7,0,0
BRDA:100,7,1,0
BRDA:100,8,0,0
BRDA:100,8,1,0
BRDA:110,9,0,0
BRDA:110,9,1,0
BRDA:115,10,0,0
BRDA:115,10,1,0
BRDA:123,11,0,0
BRDA:123,11,1,0
BRDA:127,12,0,0
BRDA:127,12,1,0
BRDA:145,13,0,0
BRDA:145,13,1,0
BRDA:146,14,0,0
BRDA:146,14,1,0
BRDA:158,15,0,0
BRDA:158,15,1,0
BRDA:169,16,0,0
BRDA:169,16,1,0
BRDA:183,17,0,0
BRDA:183,17,1,0
BRDA:183,18,0,0
BRDA:183,18,1,0
BRDA:183,19,0,0
BRDA:183,19,1,0
BRDA:187,20,0,0
BRDA:187,20,1,0
BRDA:198,21,0,0
BRDA:198,21,1,0
BRDA:202,22,0,0
BRDA:202,22,1,0
BRDA:217,23,0,0
BRDA:217,23,1,0
BRDA:218,24,0,0
BRDA:218,24,1,0
BRDA:237,25,0,0
BRDA:237,25,1,0
BRDA:248,26,0,0
BRDA:248,26,1,0
BRDA:252,27,0,0
BRDA:252,27,1,0
BRDA:267,28,0,0
BRDA:267,28,1,0
BRDA:267,29,0,0
BRDA:267,29,1,0
BRDA:269,30,0,0
BRDA:269,30,1,0
BRDA:273,31,0,0
BRDA:273,31,1,0
BRDA:282,32,0,0
BRDA:282,32,1,0
BRDA:282,33,0,0
BRDA:282,33,1,0
BRDA:292,34,0,0
BRDA:292,34,1,0
BRDA:296,35,0,0
BRDA:296,35,1,0
BRDA:308,36,0,0
BRDA:308,36,1,0
BRDA:337,37,0,0
BRDA:337,37,1,0
BRDA:338,38,0,0
BRDA:338,38,1,0
BRDA:339,39,0,0
BRDA:339,39,1,0
BRDA:345,40,0,0
BRDA:345,40,1,0
BRDA:350,41,0,0
BRDA:350,41,1,0
BRF:84
BRH:0
end_of_record
TN:
SF:src/components/WantListEditor.tsx
FN:25,(anonymous_0)
FN:38,(anonymous_1)
FN:45,(anonymous_2)
FN:81,(anonymous_3)
FN:95,(anonymous_4)
FN:106,(anonymous_5)
FN:132,(anonymous_6)
FN:210,(anonymous_7)
FNF:8
FNH:0
FNDA:0,(anonymous_0)
FNDA:0,(anonymous_1)
FNDA:0,(anonymous_2)
FNDA:0,(anonymous_3)
FNDA:0,(anonymous_4)
FNDA:0,(anonymous_5)
FNDA:0,(anonymous_6)
FNDA:0,(anonymous_7)
DA:25,0
DA:32,0
DA:33,0
DA:34,0
DA:35,0
DA:38,0
DA:39,0
DA:40,0
DA:45,0
DA:46,0
DA:47,0
DA:48,0
DA:51,0
DA:52,0
DA:55,0
DA:57,0
DA:60,0
DA:63,0
DA:65,0
DA:66,0
DA:69,0
DA:70,0
DA:71,0
DA:74,0
DA:75,0
DA:76,0
DA:81,0
DA:82,0
DA:83,0
DA:85,0
DA:87,0
DA:89,0
DA:90,0
DA:93,0
DA:95,0
DA:96,0
DA:99,0
DA:100,0
DA:101,0
DA:106,0
DA:107,0
DA:108,0
DA:111,0
DA:112,0
DA:113,0
DA:119,0
DA:132,0
DA:154,0
DA:210,0
DA:228,0
LF:50
LH:0
BRDA:30,0,0,0
BRDA:39,1,0,0
BRDA:39,1,1,0
BRDA:46,2,0,0
BRDA:46,2,1,0
BRDA:55,3,0,0
BRDA:55,3,1,0
BRDA:65,4,0,0
BRDA:65,4,1,0
BRDA:69,5,0,0
BRDA:69,5,1,0
BRDA:69,6,0,0
BRDA:69,6,1,0
BRDA:89,7,0,0
BRDA:89,7,1,0
BRDA:93,8,0,0
BRDA:93,8,1,0
BRDA:130,9,0,0
BRDA:130,9,1,0
BRDA:133,10,0,0
BRDA:133,10,1,0
BRDA:133,10,2,0
BRDA:135,11,0,0
BRDA:135,11,1,0
BRDA:140,12,0,0
BRDA:140,12,1,0
BRDA:145,13,0,0
BRDA:145,13,1,0
BRDA:179,14,0,0
BRDA:179,14,1,0
BRDA:186,15,0,0
BRDA:186,15,1,0
BRDA:188,16,0,0
BRDA:188,16,1,0
BRDA:200,17,0,0
BRDA:200,17,1,0
BRF:36
BRH:0
end_of_record
TN:
SF:src/components/MapShowCluster/MapShowCluster.tsx
FN:73,(anonymous_0)
FN:93,(anonymous_1)
FN:94,(anonymous_2)
FN:98,(anonymous_3)
FN:99,(anonymous_4)
FN:113,(anonymous_5)
FN:125,(anonymous_6)
FN:134,(anonymous_7)
FN:140,(anonymous_8)
FN:147,(anonymous_9)
FN:154,(anonymous_10)
FN:160,(anonymous_11)
FN:176,(anonymous_12)
FN:212,(anonymous_13)
FN:221,(anonymous_14)
FN:268,(anonymous_15)
FN:296,(anonymous_16)
FN:306,(anonymous_17)
FN:316,(anonymous_18)
FN:326,(anonymous_19)
FN:334,(anonymous_20)
FN:360,(anonymous_21)
FN:377,(anonymous_22)
FN:417,(anonymous_23)
FN:430,(anonymous_24)
FN:438,(anonymous_25)
FN:448,(anonymous_26)
FN:465,(anonymous_27)
FN:475,(anonymous_28)
FN:529,(anonymous_29)
FN:536,(anonymous_30)
FNF:31
FNH:0
FNDA:0,(anonymous_0)
FNDA:0,(anonymous_1)
FNDA:0,(anonymous_2)
FNDA:0,(anonymous_3)
FNDA:0,(anonymous_4)
FNDA:0,(anonymous_5)
FNDA:0,(anonymous_6)
FNDA:0,(anonymous_7)
FNDA:0,(anonymous_8)
FNDA:0,(anonymous_9)
FNDA:0,(anonymous_10)
FNDA:0,(anonymous_11)
FNDA:0,(anonymous_12)
FNDA:0,(anonymous_13)
FNDA:0,(anonymous_14)
FNDA:0,(anonymous_15)
FNDA:0,(anonymous_16)
FNDA:0,(anonymous_17)
FNDA:0,(anonymous_18)
FNDA:0,(anonymous_19)
FNDA:0,(anonymous_20)
FNDA:0,(anonymous_21)
FNDA:0,(anonymous_22)
FNDA:0,(anonymous_23)
FNDA:0,(anonymous_24)
FNDA:0,(anonymous_25)
FNDA:0,(anonymous_26)
FNDA:0,(anonymous_27)
FNDA:0,(anonymous_28)
FNDA:0,(anonymous_29)
FNDA:0,(anonymous_30)
DA:36,0
DA:73,0
DA:85,0
DA:86,0
DA:87,0
DA:90,0
DA:93,0
DA:94,0
DA:98,0
DA:99,0
DA:100,0
DA:101,0
DA:108,0
DA:113,0
DA:114,0
DA:117,0
DA:121,0
DA:122,0
DA:124,0
DA:126,0
DA:127,0
DA:130,0
DA:131,0
DA:135,0
DA:140,0
DA:141,0
DA:144,0
DA:146,0
DA:148,0
DA:149,0
DA:151,0
DA:155,0
DA:160,0
DA:161,0
DA:162,0
DA:165,0
DA:166,0
DA:167,0
DA:170,0
DA:171,0
DA:172,0
DA:174,0
DA:175,0
DA:176,0
DA:178,0
DA:179,0
DA:180,0
DA:181,0
DA:184,0
DA:186,0
DA:187,0
DA:188,0
DA:189,0
DA:191,0
DA:192,0
DA:193,0
DA:195,0
DA:196,0
DA:197,0
DA:199,0
DA:200,0
DA:203,0
DA:204,0
DA:207,0
DA:208,0
DA:211,0
DA:212,0
DA:213,0
DA:214,0
DA:215,0
DA:221,0
DA:223,0
DA:224,0
DA:227,0
DA:230,0
DA:231,0
DA:232,0
DA:234,0
DA:235,0
DA:239,0
DA:240,0
DA:244,0
DA:247,0
DA:250,0
DA:251,0
DA:254,0
DA:269,0
DA:270,0
DA:296,0
DA:306,0
DA:316,0
DA:326,0
DA:334,0
DA:360,0
DA:361,0
DA:363,0
DA:377,0
DA:379,0
DA:380,0
DA:383,0
DA:386,0
DA:387,0
DA:388,0
DA:390,0
DA:391,0
DA:395,0
DA:396,0
DA:399,0
DA:414,0
DA:417,0
DA:418,0
DA:419,0
DA:429,0
DA:431,0
DA:438,0
DA:439,0
DA:440,0
DA:441,0
DA:443,0
DA:447,0
DA:449,0
DA:456,0
DA:457,0
DA:463,0
DA:464,0
DA:465,0
DA:466,0
DA:475,0
DA:476,0
DA:478,0
DA:479,0
DA:481,0
DA:484,0
DA:492,0
DA:497,0
DA:529,0
DA:536,0
DA:546,0
LF:138
LH:0
BRDA:78,0,0,0
BRDA:79,1,0,0
BRDA:80,2,0,0
BRDA:81,3,0,0
BRDA:82,4,0,0
BRDA:83,5,0,0
BRDA:94,6,0,0
BRDA:94,6,1,0
BRDA:100,7,0,0
BRDA:100,7,1,0
BRDA:114,8,0,0
BRDA:114,8,1,0
BRDA:126,9,0,0
BRDA:126,9,1,0
BRDA:141,10,0,0
BRDA:141,10,1,0
BRDA:144,11,0,0
BRDA:144,11,1,0
BRDA:148,12,0,0
BRDA:148,12,1,0
BRDA:165,13,0,0
BRDA:165,13,1,0
BRDA:178,14,0,0
BRDA:178,14,1,0
BRDA:186,15,0,0
BRDA:186,15,1,0
BRDA:189,16,0,0
BRDA:189,16,1,0
BRDA:223,17,0,0
BRDA:223,17,1,0
BRDA:230,18,0,0
BRDA:230,18,1,0
BRDA:231,19,0,0
BRDA:231,19,1,0
BRDA:239,20,0,0
BRDA:239,20,1,0
BRDA:244,21,0,0
BRDA:244,21,1,0
BRDA:250,22,0,0
BRDA:250,22,1,0
BRDA:278,23,0,0
BRDA:278,23,1,0
BRDA:291,24,0,0
BRDA:291,24,1,0
BRDA:293,25,0,0
BRDA:293,25,1,0
BRDA:303,26,0,0
BRDA:303,26,1,0
BRDA:313,27,0,0
BRDA:313,27,1,0
BRDA:323,28,0,0
BRDA:323,28,1,0
BRDA:331,29,0,0
BRDA:331,29,1,0
BRDA:345,30,0,0
BRDA:345,30,1,0
BRDA:350,31,0,0
BRDA:350,31,1,0
BRDA:379,32,0,0
BRDA:379,32,1,0
BRDA:386,33,0,0
BRDA:386,33,1,0
BRDA:387,34,0,0
BRDA:387,34,1,0
BRDA:395,35,0,0
BRDA:395,35,1,0
BRDA:414,36,0,0
BRDA:414,36,1,0
BRDA:418,37,0,0
BRDA:418,37,1,0
BRDA:423,38,0,0
BRDA:423,38,1,0
BRDA:423,38,2,0
BRDA:431,39,0,0
BRDA:431,39,1,0
BRDA:431,39,2,0
BRDA:431,39,3,0
BRDA:439,40,0,0
BRDA:439,40,1,0
BRDA:440,41,0,0
BRDA:440,41,1,0
BRDA:449,42,0,0
BRDA:449,42,1,0
BRDA:449,42,2,0
BRDA:449,42,3,0
BRDA:456,43,0,0
BRDA:456,43,1,0
BRDA:463,44,0,0
BRDA:463,44,1,0
BRDA:467,45,0,0
BRDA:467,45,1,0
BRDA:467,46,0,0
BRDA:467,46,1,0
BRDA:475,47,0,0
BRDA:476,48,0,0
BRDA:476,48,1,0
BRDA:476,49,0,0
BRDA:476,49,1,0
BRDA:479,50,0,0
BRDA:479,50,1,0
BRDA:481,51,0,0
BRDA:481,51,1,0
BRF:102
BRH:0
end_of_record
TN:
SF:src/components/MapShowCluster/index.ts
FNF:0
FNH:0
LF:0
LH:0
BRF:0
BRH:0
end_of_record
TN:
SF:src/components/MapShowCluster/components/CalloutContent.tsx
FN:38,(anonymous_0)
FN:55,(anonymous_1)
FN:67,(anonymous_2)
FN:76,(anonymous_3)
FN:78,(anonymous_4)
FN:98,(anonymous_5)
FN:103,(anonymous_6)
FN:108,(anonymous_7)
FNF:8
FNH:0
FNDA:0,(anonymous_0)
FNDA:0,(anonymous_1)
FNDA:0,(anonymous_2)
FNDA:0,(anonymous_3)
FNDA:0,(anonymous_4)
FNDA:0,(anonymous_5)
FNDA:0,(anonymous_6)
FNDA:0,(anonymous_7)
DA:38,0
DA:39,0
DA:40,0
DA:41,0
DA:42,0
DA:44,0
DA:45,0
DA:47,0
DA:55,0
DA:65,0
DA:67,0
DA:68,0
DA:69,0
DA:72,0
DA:76,0
DA:77,0
DA:78,0
DA:79,0
DA:83,0
DA:98,0
DA:103,0
DA:108,0
DA:126,0
LF:23
LH:0
BRDA:41,0,0,0
BRDA:41,0,1,0
BRDA:68,1,0,0
BRDA:68,1,1,0
BRDA:77,2,0,0
BRDA:77,2,1,0
BRDA:90,3,0,0
BRDA:90,3,1,0
BRDA:95,4,0,0
BRDA:95,4,1,0
BRDA:97,5,0,0
BRDA:97,5,1,0
BRDA:102,6,0,0
BRDA:102,6,1,0
BRDA:107,7,0,0
BRDA:107,7,1,0
BRF:16
BRH:0
end_of_record
TN:
SF:src/components/MapShowCluster/components/index.ts
FNF:0
FNH:0
LF:0
LH:0
BRF:0
BRH:0
end_of_record
TN:
SF:src/components/common/Avatar.tsx
FN:23,(anonymous_0)
FN:35,(anonymous_1)
FN:52,(anonymous_2)
FN:97,(anonymous_3)
FN:98,(anonymous_4)
FN:99,(anonymous_5)
FNF:6
FNH:0
FNDA:0,(anonymous_0)
FNDA:0,(anonymous_1)
FNDA:0,(anonymous_2)
FNDA:0,(anonymous_3)
FNDA:0,(anonymous_4)
FNDA:0,(anonymous_5)
DA:23,0
DA:31,0
DA:32,0
DA:35,0
DA:36,0
DA:38,0
DA:39,0
DA:41,0
DA:42,0
DA:45,0
DA:52,0
DA:53,0
DA:55,0
DA:63,0
DA:64,0
DA:65,0
DA:68,0
DA:69,0
DA:73,0
DA:85,0
DA:86,0
DA:97,0
DA:98,0
DA:100,0
DA:101,0
DA:116,0
DA:117,0
DA:136,0
LF:28
LH:0
BRDA:25,0,0,0
BRDA:36,1,0,0
BRDA:36,1,1,0
BRDA:39,2,0,0
BRDA:39,2,1,0
BRDA:41,3,0,0
BRDA:41,3,1,0
BRDA:53,4,0,0
BRDA:53,4,1,0
BRDA:85,5,0,0
BRDA:85,5,1,0
BRDA:85,6,0,0
BRDA:85,6,1,0
BRDA:104,7,0,0
BRDA:104,7,1,0
BRDA:116,8,0,0
BRDA:116,8,1,0
BRF:17
BRH:0
end_of_record
TN:
SF:src/components/ui/Button.tsx
FN:62,(anonymous_0)
FNF:1
FNH:0
FNDA:0,(anonymous_0)
DA:62,0
DA:73,0
DA:76,0
DA:79,0
DA:83,0
DA:88,0
DA:94,0
DA:100,0
LF:8
LH:0
BRDA:63,0,0,0
BRDA:66,1,0,0
BRDA:67,2,0,0
BRDA:70,3,0,0
BRDA:83,4,0,0
BRDA:83,4,1,0
BRDA:90,5,0,0
BRDA:90,5,1,0
BRDA:96,6,0,0
BRDA:96,6,1,0
BRDA:105,7,0,0
BRDA:105,7,1,0
BRDA:107,8,0,0
BRDA:107,8,1,0
BRDA:114,9,0,0
BRDA:114,9,1,0
BRF:16
BRH:0
end_of_record
TN:
SF:src/components/ui/ErrorDisplay.tsx
FN:45,(anonymous_0)
FN:65,(anonymous_1)
FN:83,(anonymous_2)
FNF:3
FNH:0
FNDA:0,(anonymous_0)
FNDA:0,(anonymous_1)
FNDA:0,(anonymous_2)
DA:45,0
DA:54,0
DA:65,0
DA:66,0
DA:68,0
DA:83,0
DA:84,0
DA:86,0
DA:109,0
LF:9
LH:0
BRDA:46,0,0,0
BRDA:47,1,0,0
BRDA:50,2,0,0
BRDA:96,3,0,0
BRDA:96,3,1,0
BRDA:109,4,0,0
BRDA:109,4,1,0
BRF:7
BRH:0
end_of_record
TN:
SF:src/components/ui/Loading.tsx
FN:34,(anonymous_0)
FNF:1
FNH:0
FNDA:0,(anonymous_0)
DA:34,0
DA:41,0
DA:44,0
DA:48,0
LF:4
LH:0
BRDA:35,0,0,0
BRDA:37,1,0,0
BRDA:44,2,0,0
BRDA:44,2,1,0
BRDA:54,3,0,0
BRDA:54,3,1,0
BRF:6
BRH:0
end_of_record
TN:
SF:src/components/ui/SocialIcon.tsx
FN:48,(anonymous_0)
FN:57,(anonymous_1)
FN:76,(anonymous_2)
FNF:3
FNH:0
FNDA:0,(anonymous_0)
FNDA:0,(anonymous_1)
FNDA:0,(anonymous_2)
DA:48,0
DA:57,0
DA:58,0
DA:60,0
DA:62,0
DA:65,0
DA:67,0
DA:69,0
DA:71,0
DA:76,0
DA:77,0
DA:79,0
DA:81,0
DA:83,0
DA:85,0
DA:87,0
DA:89,0
DA:93,0
DA:114,0
LF:19
LH:0
BRDA:53,0,0,0
BRDA:54,1,0,0
BRDA:58,2,0,0
BRDA:58,2,1,0
BRDA:58,2,2,0
BRDA:58,2,3,0
BRDA:58,2,4,0
BRDA:58,2,5,0
BRDA:77,3,0,0
BRDA:77,3,1,0
BRDA:77,3,2,0
BRDA:77,3,3,0
BRDA:77,3,4,0
BRDA:77,3,5,0
BRF:14
BRH:0
end_of_record
TN:
SF:src/components/ui/index.ts
FNF:0
FNH:0
LF:0
LH:0
BRF:0
BRH:0
end_of_record
TN:
SF:src/contexts/AuthContext.tsx
FN:70,(anonymous_0)
FN:71,(anonymous_1)
FN:72,(anonymous_2)
FN:73,(anonymous_3)
FN:74,(anonymous_4)
FN:75,(anonymous_5)
FN:76,(anonymous_6)
FN:77,(anonymous_7)
FN:78,(anonymous_8)
FN:82,(anonymous_9)
FN:87,(anonymous_10)
FN:117,(anonymous_11)
FN:118,(anonymous_12)
FN:192,(anonymous_13)
FN:239,(anonymous_14)
FN:261,(anonymous_15)
FN:267,(anonymous_16)
FN:270,(anonymous_17)
FN:433,(anonymous_18)
FN:442,(anonymous_19)
FN:470,(anonymous_20)
FN:481,(anonymous_21)
FN:483,(anonymous_22)
FN:502,(anonymous_23)
FN:512,(anonymous_24)
FN:514,(anonymous_25)
FN:518,(anonymous_26)
FN:525,(anonymous_27)
FN:535,(anonymous_28)
FN:537,(anonymous_29)
FN:552,(anonymous_30)
FN:560,(anonymous_31)
FN:570,(anonymous_32)
FN:588,(anonymous_33)
FN:597,(anonymous_34)
FN:615,(anonymous_35)
FN:624,(anonymous_36)
FN:625,(anonymous_37)
FN:641,(anonymous_38)
FN:646,(anonymous_39)
FN:704,(anonymous_40)
FN:714,(anonymous_41)
FN:758,(anonymous_42)
FNF:43
FNH:0
FNDA:0,(anonymous_0)
FNDA:0,(anonymous_1)
FNDA:0,(anonymous_2)
FNDA:0,(anonymous_3)
FNDA:0,(anonymous_4)
FNDA:0,(anonymous_5)
FNDA:0,(anonymous_6)
FNDA:0,(anonymous_7)
FNDA:0,(anonymous_8)
FNDA:0,(anonymous_9)
FNDA:0,(anonymous_10)
FNDA:0,(anonymous_11)
FNDA:0,(anonymous_12)
FNDA:0,(anonymous_13)
FNDA:0,(anonymous_14)
FNDA:0,(anonymous_15)
FNDA:0,(anonymous_16)
FNDA:0,(anonymous_17)
FNDA:0,(anonymous_18)
FNDA:0,(anonymous_19)
FNDA:0,(anonymous_20)
FNDA:0,(anonymous_21)
FNDA:0,(anonymous_22)
FNDA:0,(anonymous_23)
FNDA:0,(anonymous_24)
FNDA:0,(anonymous_25)
FNDA:0,(anonymous_26)
FNDA:0,(anonymous_27)
FNDA:0,(anonymous_28)
FNDA:0,(anonymous_29)
FNDA:0,(anonymous_30)
FNDA:0,(anonymous_31)
FNDA:0,(anonymous_32)
FNDA:0,(anonymous_33)
FNDA:0,(anonymous_34)
FNDA:0,(anonymous_35)
FNDA:0,(anonymous_36)
FNDA:0,(anonymous_37)
FNDA:0,(anonymous_38)
FNDA:0,(anonymous_39)
FNDA:0,(anonymous_40)
FNDA:0,(anonymous_41)
FNDA:0,(anonymous_42)
DA:25,0
DA:57,0
DA:65,0
DA:70,0
DA:71,0
DA:72,0
DA:73,0
DA:74,0
DA:75,0
DA:76,0
DA:78,0
DA:82,0
DA:83,0
DA:84,0
DA:87,0
DA:88,0
DA:89,0
DA:90,0
DA:93,0
DA:95,0
DA:101,0
DA:102,0
DA:103,0
DA:107,0
DA:108,0
DA:109,0
DA:111,0
DA:117,0
DA:118,0
DA:119,0
DA:121,0
DA:123,0
DA:124,0
DA:127,0
DA:129,0
DA:135,0
DA:136,0
DA:140,0
DA:161,0
DA:169,0
DA:172,0
DA:180,0
DA:181,0
DA:191,0
DA:193,0
DA:194,0
DA:196,0
DA:202,0
DA:203,0
DA:207,0
DA:228,0
DA:236,0
DA:238,0
DA:239,0
DA:245,0
DA:246,0
DA:252,0
DA:258,0
DA:261,0
DA:262,0
DA:267,0
DA:269,0
DA:270,0
DA:273,0
DA:276,0
DA:278,0
DA:281,0
DA:288,0
DA:289,0
DA:292,0
DA:293,0
DA:295,0
DA:298,0
DA:299,0
DA:302,0
DA:305,0
DA:327,0
DA:334,0
DA:335,0
DA:339,0
DA:341,0
DA:345,0
DA:346,0
DA:348,0
DA:349,0
DA:353,0
DA:360,0
DA:361,0
DA:365,0
DA:367,0
DA:369,0
DA:372,0
DA:374,0
DA:375,0
DA:379,0
DA:386,0
DA:387,0
DA:390,0
DA:391,0
DA:395,0
DA:397,0
DA:399,0
DA:406,0
DA:407,0
DA:410,0
DA:414,0
DA:415,0
DA:417,0
DA:424,0
DA:425,0
DA:428,0
DA:433,0
DA:441,0
DA:442,0
DA:444,0
DA:453,0
DA:460,0
DA:461,0
DA:465,0
DA:467,0
DA:469,0
DA:470,0
DA:476,0
DA:481,0
DA:482,0
DA:483,0
DA:485,0
DA:487,0
DA:494,0
DA:495,0
DA:499,0
DA:501,0
DA:502,0
DA:507,0
DA:512,0
DA:513,0
DA:514,0
DA:516,0
DA:518,0
DA:524,0
DA:525,0
DA:530,0
DA:535,0
DA:536,0
DA:537,0
DA:539,0
DA:540,0
DA:544,0
DA:550,0
DA:552,0
DA:559,0
DA:560,0
DA:565,0
DA:570,0
DA:571,0
DA:572,0
DA:573,0
DA:576,0
DA:580,0
DA:583,0
DA:585,0
DA:587,0
DA:588,0
DA:592,0
DA:597,0
DA:598,0
DA:599,0
DA:600,0
DA:603,0
DA:607,0
DA:610,0
DA:612,0
DA:614,0
DA:615,0
DA:619,0
DA:624,0
DA:625,0
DA:641,0
DA:642,0
DA:644,0
DA:645,0
DA:646,0
DA:647,0
DA:648,0
DA:650,0
DA:653,0
DA:657,0
DA:658,0
DA:659,0
DA:663,0
DA:669,0
DA:670,0
DA:671,0
DA:675,0
DA:695,0
DA:697,0
DA:699,0
DA:700,0
DA:704,0
DA:705,0
DA:706,0
DA:709,0
DA:710,0
DA:711,0
DA:714,0
DA:715,0
DA:716,0
DA:723,0
DA:725,0
DA:727,0
DA:728,0
DA:733,0
DA:750,0
DA:758,0
DA:759,0
DA:761,0
DA:762,0
DA:765,0
LF:218
LH:0
BRDA:88,0,0,0
BRDA:88,0,1,0
BRDA:101,1,0,0
BRDA:101,1,1,0
BRDA:107,2,0,0
BRDA:107,2,1,0
BRDA:123,3,0,0
BRDA:123,3,1,0
BRDA:127,4,0,0
BRDA:127,4,1,0
BRDA:135,5,0,0
BRDA:135,5,1,0
BRDA:142,6,0,0
BRDA:142,6,1,0
BRDA:144,7,0,0
BRDA:144,7,1,0
BRDA:152,8,0,0
BRDA:152,8,1,0
BRDA:154,9,0,0
BRDA:154,9,1,0
BRDA:155,10,0,0
BRDA:155,10,1,0
BRDA:158,11,0,0
BRDA:158,11,1,0
BRDA:169,12,0,0
BRDA:169,12,1,0
BRDA:184,13,0,0
BRDA:184,13,1,0
BRDA:193,14,0,0
BRDA:193,14,1,0
BRDA:193,15,0,0
BRDA:193,15,1,0
BRDA:202,16,0,0
BRDA:202,16,1,0
BRDA:209,17,0,0
BRDA:209,17,1,0
BRDA:211,18,0,0
BRDA:211,18,1,0
BRDA:219,19,0,0
BRDA:219,19,1,0
BRDA:221,20,0,0
BRDA:221,20,1,0
BRDA:222,21,0,0
BRDA:222,21,1,0
BRDA:225,22,0,0
BRDA:225,22,1,0
BRDA:236,23,0,0
BRDA:236,23,1,0
BRDA:242,24,0,0
BRDA:242,24,1,0
BRDA:245,25,0,0
BRDA:245,25,1,0
BRDA:276,26,0,0
BRDA:276,26,1,0
BRDA:293,27,0,0
BRDA:293,27,1,0
BRDA:298,28,0,0
BRDA:298,28,1,0
BRDA:307,29,0,0
BRDA:307,29,1,0
BRDA:348,30,0,0
BRDA:348,30,1,0
BRDA:374,31,0,0
BRDA:374,31,1,0
BRDA:473,32,0,0
BRDA:473,32,1,0
BRDA:505,33,0,0
BRDA:505,33,1,0
BRDA:528,34,0,0
BRDA:528,34,1,0
BRDA:539,35,0,0
BRDA:539,35,1,0
BRDA:563,36,0,0
BRDA:563,36,1,0
BRDA:572,37,0,0
BRDA:572,37,1,0
BRDA:590,38,0,0
BRDA:590,38,1,0
BRDA:599,39,0,0
BRDA:599,39,1,0
BRDA:617,40,0,0
BRDA:617,40,1,0
BRDA:647,41,0,0
BRDA:647,41,1,0
BRDA:658,42,0,0
BRDA:658,42,1,0
BRDA:669,43,0,0
BRDA:669,43,1,0
BRDA:669,44,0,0
BRDA:669,44,1,0
BRDA:677,45,0,0
BRDA:677,45,1,0
BRDA:679,46,0,0
BRDA:679,46,1,0
BRDA:681,47,0,0
BRDA:681,47,1,0
BRDA:685,48,0,0
BRDA:685,48,1,0
BRDA:686,49,0,0
BRDA:686,49,1,0
BRDA:687,50,0,0
BRDA:687,50,1,0
BRDA:689,51,0,0
BRDA:689,51,1,0
BRDA:690,52,0,0
BRDA:690,52,1,0
BRDA:691,53,0,0
BRDA:691,53,1,0
BRDA:692,54,0,0
BRDA:692,54,1,0
BRDA:693,55,0,0
BRDA:693,55,1,0
BRDA:706,56,0,0
BRDA:706,56,1,0
BRDA:710,57,0,0
BRDA:710,57,1,0
BRDA:715,58,0,0
BRDA:715,58,1,0
BRDA:736,59,0,0
BRDA:736,59,1,0
BRDA:737,60,0,0
BRDA:737,60,1,0
BRDA:738,61,0,0
BRDA:738,61,1,0
BRDA:761,62,0,0
BRDA:761,62,1,0
BRF:126
BRH:0
end_of_record
TN:
SF:src/contexts/ThemeContext/index.tsx
FN:28,(anonymous_0)
FN:49,(anonymous_1)
FNF:2
FNH:0
FNDA:0,(anonymous_0)
FNDA:0,(anonymous_1)
DA:12,0
DA:28,0
DA:30,0
DA:36,0
DA:49,0
LF:5
LH:0
BRDA:30,0,0,0
BRDA:30,0,1,0
BRF:2
BRH:0
end_of_record
TN:
SF:src/hooks/index.ts
FNF:0
FNH:0
LF:0
LH:0
BRF:0
BRH:0
end_of_record
TN:
SF:src/hooks/useFeatureFlag.ts
FN:7,useFeatureFlag
FNF:1
FNH:0
FNDA:0,useFeatureFlag
DA:10,0
DA:17,0
LF:2
LH:0
BRF:0
BRH:0
end_of_record
TN:
SF:src/hooks/useInfiniteShows.ts
FN:88,(anonymous_0)
FN:160,(anonymous_1)
FN:186,(anonymous_2)
FN:201,(anonymous_3)
FN:207,(anonymous_4)
FN:219,(anonymous_5)
FNF:6
FNH:0
FNDA:0,(anonymous_0)
FNDA:0,(anonymous_1)
FNDA:0,(anonymous_2)
FNDA:0,(anonymous_3)
FNDA:0,(anonymous_4)
FNDA:0,(anonymous_5)
DA:88,0
DA:99,0
DA:118,0
DA:124,0
DA:128,0
DA:130,0
DA:147,0
DA:162,0
DA:163,0
DA:177,0
DA:180,0
DA:181,0
DA:184,0
DA:188,0
DA:189,0
DA:193,0
DA:201,0
DA:202,0
DA:207,0
DA:210,0
DA:213,0
DA:215,0
DA:220,0
DA:221,0
LF:24
LH:0
BRDA:91,0,0,0
BRDA:92,1,0,0
BRDA:93,2,0,0
BRDA:97,3,0,0
BRDA:98,4,0,0
BRDA:118,5,0,0
BRDA:118,5,1,0
BRDA:118,5,2,0
BRDA:118,5,3,0
BRDA:118,5,4,0
BRDA:124,6,0,0
BRDA:124,6,1,0
BRDA:128,7,0,0
BRDA:128,7,1,0
BRDA:160,8,0,0
BRDA:162,9,0,0
BRDA:162,9,1,0
BRDA:180,10,0,0
BRDA:180,10,1,0
BRDA:188,11,0,0
BRDA:188,11,1,0
BRDA:207,12,0,0
BRDA:207,12,1,0
BRDA:210,13,0,0
BRDA:210,13,1,0
BRDA:213,14,0,0
BRDA:213,14,1,0
BRDA:213,15,0,0
BRDA:213,15,1,0
BRDA:220,16,0,0
BRDA:220,16,1,0
BRDA:220,17,0,0
BRDA:220,17,1,0
BRF:33
BRH:0
end_of_record
TN:
SF:src/hooks/useShowDetailQuery.ts
FN:64,(anonymous_0)
FN:70,(anonymous_1)
FN:84,(anonymous_2)
FN:87,(anonymous_3)
FN:99,(anonymous_4)
FN:108,(anonymous_5)
FN:119,(anonymous_6)
FN:168,(anonymous_7)
FN:199,(anonymous_8)
FN:222,(anonymous_9)
FN:228,(anonymous_10)
FN:236,(anonymous_11)
FN:246,(anonymous_12)
FN:261,(anonymous_13)
FN:274,(anonymous_14)
FN:281,(anonymous_15)
FN:288,(anonymous_16)
FNF:17
FNH:0
FNDA:0,(anonymous_0)
FNDA:0,(anonymous_1)
FNDA:0,(anonymous_2)
FNDA:0,(anonymous_3)
FNDA:0,(anonymous_4)
FNDA:0,(anonymous_5)
FNDA:0,(anonymous_6)
FNDA:0,(anonymous_7)
FNDA:0,(anonymous_8)
FNDA:0,(anonymous_9)
FNDA:0,(anonymous_10)
FNDA:0,(anonymous_11)
FNDA:0,(anonymous_12)
FNDA:0,(anonymous_13)
FNDA:0,(anonymous_14)
FNDA:0,(anonymous_15)
FNDA:0,(anonymous_16)
DA:64,0
DA:65,0
DA:66,0
DA:67,0
DA:70,0
DA:71,0
DA:75,0
DA:76,0
DA:79,0
DA:80,0
DA:84,0
DA:86,0
DA:88,0
DA:92,0
DA:94,0
DA:96,0
DA:99,0
DA:101,0
DA:102,0
DA:103,0
DA:107,0
DA:108,0
DA:109,0
DA:119,0
DA:120,0
DA:124,0
DA:129,0
DA:132,0
DA:137,0
DA:138,0
DA:143,0
DA:144,0
DA:154,0
DA:162,0
DA:165,0
DA:168,0
DA:169,0
DA:170,0
DA:171,0
DA:173,0
DA:180,0
DA:182,0
DA:183,0
DA:191,0
DA:198,0
DA:200,0
DA:201,0
DA:202,0
DA:204,0
DA:206,0
DA:207,0
DA:212,0
DA:213,0
DA:215,0
DA:218,0
DA:219,0
DA:224,0
DA:226,0
DA:229,0
DA:230,0
DA:231,0
DA:236,0
DA:237,0
DA:238,0
DA:239,0
DA:242,0
DA:246,0
DA:247,0
DA:249,0
DA:250,0
DA:257,0
DA:261,0
DA:262,0
DA:264,0
DA:265,0
DA:266,0
DA:267,0
DA:269,0
DA:274,0
DA:275,0
DA:277,0
DA:278,0
DA:279,0
DA:281,0
DA:282,0
DA:283,0
DA:288,0
DA:289,0
DA:292,0
LF:89
LH:0
BRDA:67,0,0,0
BRDA:67,0,1,0
BRDA:75,1,0,0
BRDA:75,1,1,0
BRDA:79,2,0,0
BRDA:79,2,1,0
BRDA:79,3,0,0
BRDA:79,3,1,0
BRDA:80,4,0,0
BRDA:80,4,1,0
BRDA:88,5,0,0
BRDA:88,5,1,0
BRDA:92,6,0,0
BRDA:92,6,1,0
BRDA:101,7,0,0
BRDA:101,7,1,0
BRDA:101,8,0,0
BRDA:101,8,1,0
BRDA:120,9,0,0
BRDA:120,9,1,0
BRDA:121,10,0,0
BRDA:121,10,1,0
BRDA:121,10,2,0
BRDA:171,11,0,0
BRDA:171,11,1,0
BRDA:180,12,0,0
BRDA:180,12,1,0
BRDA:189,13,0,0
BRDA:201,14,0,0
BRDA:201,14,1,0
BRDA:201,15,0,0
BRDA:201,15,1,0
BRDA:206,16,0,0
BRDA:206,16,1,0
BRDA:212,17,0,0
BRDA:212,17,1,0
BRDA:218,18,0,0
BRDA:218,18,1,0
BRDA:237,19,0,0
BRDA:237,19,1,0
BRDA:247,20,0,0
BRDA:247,20,1,0
BRDA:262,21,0,0
BRDA:262,21,1,0
BRDA:266,22,0,0
BRDA:266,22,1,0
BRDA:275,23,0,0
BRDA:275,23,1,0
BRDA:277,24,0,0
BRDA:277,24,1,0
BRDA:277,24,2,0
BRDA:294,25,0,0
BRDA:294,25,1,0
BRDA:295,26,0,0
BRDA:295,26,1,0
BRDA:296,27,0,0
BRDA:296,27,1,0
BRDA:300,28,0,0
BRDA:300,28,1,0
BRDA:300,29,0,0
BRDA:300,29,1,0
BRF:61
BRH:0
end_of_record
TN:
SF:src/hooks/useShowsAdvancedQuery.rpc.ts
FN:116,(anonymous_0)
FN:141,(anonymous_1)
FN:172,(anonymous_2)
FN:262,(anonymous_3)
FN:287,(anonymous_4)
FN:324,(anonymous_5)
FN:365,(anonymous_6)
FNF:7
FNH:0
FNDA:0,(anonymous_0)
FNDA:0,(anonymous_1)
FNDA:0,(anonymous_2)
FNDA:0,(anonymous_3)
FNDA:0,(anonymous_4)
FNDA:0,(anonymous_5)
FNDA:0,(anonymous_6)
DA:116,0
DA:121,0
DA:137,0
DA:139,0
DA:142,0
DA:144,0
DA:147,0
DA:159,0
DA:160,0
DA:163,0
DA:164,0
DA:169,0
DA:172,0
DA:175,0
DA:191,0
DA:194,0
DA:208,0
DA:262,0
DA:267,0
DA:282,0
DA:284,0
DA:288,0
DA:290,0
DA:296,0
DA:299,0
DA:311,0
DA:312,0
DA:315,0
DA:316,0
DA:321,0
DA:324,0
DA:327,0
DA:343,0
DA:346,0
DA:360,0
DA:366,0
DA:367,0
DA:369,0
LF:38
LH:0
BRDA:124,0,0,0
BRDA:124,0,1,0
BRDA:131,1,0,0
BRDA:131,1,1,0
BRDA:132,2,0,0
BRDA:132,2,1,0
BRDA:159,3,0,0
BRDA:159,3,1,0
BRDA:163,4,0,0
BRDA:163,4,1,0
BRDA:163,5,0,0
BRDA:163,5,1,0
BRDA:169,6,0,0
BRDA:169,6,1,0
BRDA:169,7,0,0
BRDA:169,7,1,0
BRDA:178,8,0,0
BRDA:178,8,1,0
BRDA:185,9,0,0
BRDA:185,9,1,0
BRDA:186,10,0,0
BRDA:186,10,1,0
BRDA:270,11,0,0
BRDA:270,11,1,0
BRDA:277,12,0,0
BRDA:277,12,1,0
BRDA:311,13,0,0
BRDA:311,13,1,0
BRDA:315,14,0,0
BRDA:315,14,1,0
BRDA:315,15,0,0
BRDA:315,15,1,0
BRDA:321,16,0,0
BRDA:321,16,1,0
BRDA:321,17,0,0
BRDA:321,17,1,0
BRDA:330,18,0,0
BRDA:330,18,1,0
BRDA:338,19,0,0
BRDA:338,19,1,0
BRDA:366,20,0,0
BRDA:366,20,1,0
BRF:42
BRH:0
end_of_record
TN:
SF:src/hooks/useUnclaimedShows.ts
FN:17,(anonymous_0)
FN:26,(anonymous_1)
FN:67,(anonymous_2)
FN:68,(anonymous_3)
FN:72,(anonymous_4)
FN:81,(anonymous_5)
FN:97,(anonymous_6)
FNF:7
FNH:0
FNDA:0,(anonymous_0)
FNDA:0,(anonymous_1)
FNDA:0,(anonymous_2)
FNDA:0,(anonymous_3)
FNDA:0,(anonymous_4)
FNDA:0,(anonymous_5)
FNDA:0,(anonymous_6)
DA:17,0
DA:19,0
DA:21,0
DA:23,0
DA:26,0
DA:27,0
DA:28,0
DA:29,0
DA:30,0
DA:32,0
DA:33,0
DA:38,0
DA:39,0
DA:40,0
DA:45,0
DA:47,0
DA:48,0
DA:54,0
DA:55,0
DA:56,0
DA:57,0
DA:59,0
DA:60,0
DA:64,0
DA:67,0
DA:68,0
DA:72,0
DA:73,0
DA:74,0
DA:75,0
DA:77,0
DA:78,0
DA:81,0
DA:83,0
DA:84,0
DA:87,0
DA:88,0
DA:90,0
DA:92,0
DA:97,0
DA:98,0
DA:102,0
LF:42
LH:0
BRDA:73,0,0,0
BRDA:73,0,1,0
BRDA:75,1,0,0
BRDA:75,1,1,0
BRDA:78,2,0,0
BRDA:78,2,1,0
BRDA:88,3,0,0
BRDA:88,3,1,0
BRF:8
BRH:0
end_of_record
TN:
SF:src/hooks/useUserSubscriptions.ts
FN:10,(anonymous_0)
FN:17,(anonymous_1)
FN:25,(anonymous_2)
FNF:3
FNH:0
FNDA:0,(anonymous_0)
FNDA:0,(anonymous_1)
FNDA:0,(anonymous_2)
DA:10,0
DA:11,0
DA:12,0
DA:13,0
DA:14,0
DA:15,0
DA:17,0
DA:19,0
DA:20,0
DA:21,0
DA:22,0
DA:25,0
DA:26,0
DA:27,0
DA:28,0
DA:30,0
DA:38,0
DA:45,0
DA:46,0
DA:47,0
DA:51,0
DA:61,0
DA:62,0
DA:64,0
DA:65,0
DA:67,0
DA:71,0
DA:74,0
LF:28
LH:0
BRDA:19,0,0,0
BRDA:19,0,1,0
BRDA:45,1,0,0
BRDA:45,1,1,0
BRDA:47,2,0,0
BRDA:47,2,1,0
BRDA:51,3,0,0
BRDA:51,3,1,0
BRDA:65,4,0,0
BRDA:65,4,1,0
BRF:10
BRH:0
end_of_record
TN:
SF:src/navigation/AdminNavigator.tsx
FN:22,(anonymous_0)
FNF:1
FNH:0
FNDA:0,(anonymous_0)
DA:14,0
DA:22,0
DA:23,0
DA:24,0
DA:27,0
DA:28,0
DA:39,0
DA:65,0
LF:8
LH:0
BRDA:27,0,0,0
BRDA:27,0,1,0
BRF:2
BRH:0
end_of_record
TN:
SF:src/navigation/AuthNavigator.tsx
FN:27,(anonymous_0)
FN:42,(anonymous_1)
FNF:2
FNH:0
FNDA:0,(anonymous_0)
FNDA:0,(anonymous_1)
DA:21,0
DA:27,0
DA:28,0
DA:42,0
LF:4
LH:0
BRF:0
BRH:0
end_of_record
TN:
SF:src/navigation/MainNavigator.tsx
FN:23,(anonymous_0)
FNF:1
FNH:0
FNDA:0,(anonymous_0)
DA:17,0
DA:23,0
DA:24,0
LF:3
LH:0
BRF:0
BRH:0
end_of_record
TN:
SF:src/navigation/MainTabNavigator.tsx
FN:39,(anonymous_0)
FN:48,(anonymous_1)
FN:49,(anonymous_2)
FNF:3
FNH:0
FNDA:0,(anonymous_0)
FNDA:0,(anonymous_1)
FNDA:0,(anonymous_2)
DA:16,0
DA:34,0
DA:39,0
DA:43,0
DA:44,0
DA:46,0
DA:48,0
DA:50,0
DA:51,0
DA:53,0
DA:54,0
DA:55,0
DA:56,0
DA:57,0
DA:58,0
DA:59,0
DA:60,0
DA:61,0
DA:62,0
DA:63,0
DA:64,0
DA:67,0
LF:22
LH:0
BRDA:51,0,0,0
BRDA:51,0,1,0
BRDA:53,1,0,0
BRDA:53,1,1,0
BRDA:54,2,0,0
BRDA:54,2,1,0
BRDA:55,3,0,0
BRDA:55,3,1,0
BRDA:56,4,0,0
BRDA:56,4,1,0
BRDA:57,5,0,0
BRDA:57,5,1,0
BRDA:58,6,0,0
BRDA:58,6,1,0
BRDA:59,7,0,0
BRDA:59,7,1,0
BRDA:60,8,0,0
BRDA:60,8,1,0
BRDA:61,9,0,0
BRDA:61,9,1,0
BRDA:62,10,0,0
BRDA:62,10,1,0
BRDA:63,11,0,0
BRDA:63,11,1,0
BRDA:64,12,0,0
BRDA:64,12,1,0
BRDA:106,13,0,0
BRDA:106,13,1,0
BRF:28
BRH:0
end_of_record
TN:
SF:src/navigation/OrganizerNavigator.tsx
FN:11,(anonymous_0)
FN:12,(anonymous_1)
FN:33,(anonymous_2)
FNF:3
FNH:0
FNDA:0,(anonymous_0)
FNDA:0,(anonymous_1)
FNDA:0,(anonymous_2)
DA:11,0
DA:12,0
DA:28,0
DA:33,0
DA:34,0
LF:5
LH:0
BRF:0
BRH:0
end_of_record
TN:
SF:src/navigation/ProfileNavigator.tsx
FN:23,(anonymous_0)
FNF:1
FNH:0
FNDA:0,(anonymous_0)
DA:17,0
DA:23,0
DA:24,0
LF:3
LH:0
BRF:0
BRH:0
end_of_record
TN:
SF:src/navigation/RootNavigator.tsx
FN:23,(anonymous_0)
FNF:1
FNH:0
FNDA:0,(anonymous_0)
DA:23,0
DA:24,0
DA:25,0
DA:28,0
DA:31,0
DA:34,0
DA:35,0
DA:52,0
DA:68,0
LF:9
LH:0
BRDA:34,0,0,0
BRDA:34,0,1,0
BRDA:70,1,0,0
BRDA:70,1,1,0
BRF:4
BRH:0
end_of_record
TN:
SF:src/navigation/index.ts
FNF:0
FNH:0
LF:0
LH:0
BRF:0
BRH:0
end_of_record
TN:
SF:src/screens/SentryTestScreen.tsx
FN:16,(anonymous_0)
FN:20,(anonymous_1)
FNF:2
FNH:0
FNDA:0,(anonymous_0)
FNDA:0,(anonymous_1)
DA:16,0
DA:17,0
DA:20,0
DA:21,0
DA:27,0
DA:55,0
LF:6
LH:0
BRF:0
BRH:0
end_of_record
TN:
SF:src/screens/Admin/AdminMapScreen.tsx
FN:30,(anonymous_0)
FN:53,(anonymous_1)
FN:54,(anonymous_2)
FN:78,(anonymous_3)
FN:90,(anonymous_4)
FN:93,(anonymous_5)
FN:96,(anonymous_6)
FN:97,(anonymous_7)
FN:111,(anonymous_8)
FN:112,(anonymous_9)
FN:135,(anonymous_10)
FN:150,(anonymous_11)
FN:167,(anonymous_12)
FN:168,(anonymous_13)
FN:176,(anonymous_14)
FN:185,(anonymous_15)
FN:212,(anonymous_16)
FN:243,(anonymous_17)
FN:307,(anonymous_18)
FN:319,(anonymous_19)
FN:322,(anonymous_20)
FN:335,(anonymous_21)
FN:338,(anonymous_22)
FN:349,(anonymous_23)
FN:374,(anonymous_24)
FNF:25
FNH:0
FNDA:0,(anonymous_0)
FNDA:0,(anonymous_1)
FNDA:0,(anonymous_2)
FNDA:0,(anonymous_3)
FNDA:0,(anonymous_4)
FNDA:0,(anonymous_5)
FNDA:0,(anonymous_6)
FNDA:0,(anonymous_7)
FNDA:0,(anonymous_8)
FNDA:0,(anonymous_9)
FNDA:0,(anonymous_10)
FNDA:0,(anonymous_11)
FNDA:0,(anonymous_12)
FNDA:0,(anonymous_13)
FNDA:0,(anonymous_14)
FNDA:0,(anonymous_15)
FNDA:0,(anonymous_16)
FNDA:0,(anonymous_17)
FNDA:0,(anonymous_18)
FNDA:0,(anonymous_19)
FNDA:0,(anonymous_20)
FNDA:0,(anonymous_21)
FNDA:0,(anonymous_22)
FNDA:0,(anonymous_23)
FNDA:0,(anonymous_24)
DA:30,0
DA:32,0
DA:33,0
DA:34,0
DA:35,0
DA:36,0
DA:37,0
DA:38,0
DA:39,0
DA:45,0
DA:46,0
DA:49,0
DA:50,0
DA:53,0
DA:54,0
DA:55,0
DA:56,0
DA:58,0
DA:59,0
DA:60,0
DA:62,0
DA:64,0
DA:65,0
DA:67,0
DA:71,0
DA:74,0
DA:78,0
DA:79,0
DA:81,0
DA:82,0
DA:84,0
DA:87,0
DA:89,0
DA:90,0
DA:93,0
DA:95,0
DA:96,0
DA:97,0
DA:99,0
DA:111,0
DA:112,0
DA:113,0
DA:114,0
DA:117,0
DA:118,0
DA:125,0
DA:127,0
DA:128,0
DA:135,0
DA:136,0
DA:137,0
DA:141,0
DA:142,0
DA:144,0
DA:145,0
DA:150,0
DA:151,0
DA:153,0
DA:154,0
DA:159,0
DA:160,0
DA:161,0
DA:163,0
DA:164,0
DA:167,0
DA:168,0
DA:169,0
DA:176,0
DA:177,0
DA:181,0
DA:182,0
DA:185,0
DA:186,0
DA:187,0
DA:192,0
DA:193,0
DA:202,0
DA:203,0
DA:212,0
DA:221,0
DA:222,0
DA:237,0
DA:243,0
DA:307,0
DA:320,0
DA:321,0
DA:322,0
DA:336,0
DA:337,0
DA:338,0
DA:349,0
DA:374,0
DA:381,0
DA:383,0
LF:94
LH:0
BRDA:58,0,0,0
BRDA:58,0,1,0
BRDA:64,1,0,0
BRDA:64,1,1,0
BRDA:81,2,0,0
BRDA:81,2,1,0
BRDA:87,3,0,0
BRDA:87,3,1,0
BRDA:90,4,0,0
BRDA:90,4,1,0
BRDA:90,4,2,0
BRDA:95,5,0,0
BRDA:95,5,1,0
BRDA:113,6,0,0
BRDA:113,6,1,0
BRDA:117,7,0,0
BRDA:117,7,1,0
BRDA:127,8,0,0
BRDA:127,8,1,0
BRDA:127,9,0,0
BRDA:127,9,1,0
BRDA:136,10,0,0
BRDA:136,10,1,0
BRDA:136,11,0,0
BRDA:136,11,1,0
BRDA:142,12,0,0
BRDA:142,12,1,0
BRDA:151,13,0,0
BRDA:151,13,1,0
BRDA:159,14,0,0
BRDA:159,14,1,0
BRDA:169,15,0,0
BRDA:169,15,1,0
BRDA:177,16,0,0
BRDA:177,16,1,0
BRDA:192,17,0,0
BRDA:192,17,1,0
BRDA:202,18,0,0
BRDA:202,18,1,0
BRDA:208,19,0,0
BRDA:208,19,1,0
BRDA:221,20,0,0
BRDA:221,20,1,0
BRDA:251,21,0,0
BRDA:251,21,1,0
BRDA:254,22,0,0
BRDA:254,22,1,0
BRDA:277,23,0,0
BRDA:277,23,1,0
BRDA:286,24,0,0
BRDA:286,24,1,0
BRDA:321,25,0,0
BRDA:321,25,1,0
BRDA:337,26,0,0
BRDA:337,26,1,0
BRDA:368,27,0,0
BRDA:368,27,1,0
BRDA:370,28,0,0
BRDA:370,28,1,0
BRF:59
BRH:0
end_of_record
TN:
SF:src/screens/Admin/index.ts
FNF:0
FNH:0
LF:0
LH:0
BRF:0
BRH:0
end_of_record
TN:
SF:src/screens/Auth/ForgotPasswordScreen.tsx
FN:29,(anonymous_0)
FN:38,(anonymous_1)
FN:55,(anonymous_2)
FN:65,(anonymous_3)
FN:73,(anonymous_4)
FN:90,(anonymous_5)
FN:147,(anonymous_6)
FNF:7
FNH:0
FNDA:0,(anonymous_0)
FNDA:0,(anonymous_1)
FNDA:0,(anonymous_2)
FNDA:0,(anonymous_3)
FNDA:0,(anonymous_4)
FNDA:0,(anonymous_5)
FNDA:0,(anonymous_6)
DA:29,0
DA:31,0
DA:34,0
DA:35,0
DA:38,0
DA:39,0
DA:40,0
DA:41,0
DA:45,0
DA:46,0
DA:47,0
DA:48,0
DA:51,0
DA:55,0
DA:56,0
DA:57,0
DA:60,0
DA:61,0
DA:62,0
DA:65,0
DA:68,0
DA:73,0
DA:74,0
DA:75,0
DA:78,0
DA:90,0
DA:147,0
DA:169,0
LF:28
LH:0
BRDA:39,0,0,0
BRDA:39,0,1,0
BRDA:46,1,0,0
BRDA:46,1,1,0
BRDA:56,2,0,0
BRDA:56,2,1,0
BRDA:68,3,0,0
BRDA:68,3,1,0
BRDA:82,4,0,0
BRDA:82,4,1,0
BRDA:110,5,0,0
BRDA:110,5,1,0
BRDA:133,6,0,0
BRDA:133,6,1,0
BRDA:137,7,0,0
BRDA:137,7,1,0
BRF:16
BRH:0
end_of_record
TN:
SF:src/screens/Auth/LoginScreen.tsx
FN:30,(anonymous_0)
FN:42,(anonymous_1)
FN:72,(anonymous_2)
FN:89,(anonymous_3)
FN:174,(anonymous_4)
FN:186,(anonymous_5)
FN:207,(anonymous_6)
FNF:7
FNH:0
FNDA:0,(anonymous_0)
FNDA:0,(anonymous_1)
FNDA:0,(anonymous_2)
FNDA:0,(anonymous_3)
FNDA:0,(anonymous_4)
FNDA:0,(anonymous_5)
FNDA:0,(anonymous_6)
DA:30,0
DA:32,0
DA:33,0
DA:34,0
DA:35,0
DA:36,0
DA:39,0
DA:42,0
DA:44,0
DA:45,0
DA:46,0
DA:49,0
DA:53,0
DA:56,0
DA:59,0
DA:63,0
DA:66,0
DA:72,0
DA:73,0
DA:74,0
DA:75,0
DA:77,0
DA:78,0
DA:79,0
DA:80,0
DA:82,0
DA:84,0
DA:89,0
DA:90,0
DA:91,0
DA:92,0
DA:95,0
DA:174,0
DA:186,0
DA:207,0
DA:220,0
DA:231,0
LF:37
LH:0
BRDA:44,0,0,0
BRDA:44,0,1,0
BRDA:44,1,0,0
BRDA:44,1,1,0
BRDA:56,2,0,0
BRDA:56,2,1,0
BRDA:59,3,0,0
BRDA:59,3,1,0
BRDA:60,4,0,0
BRDA:60,4,1,0
BRDA:66,5,0,0
BRDA:66,5,1,0
BRDA:73,6,0,0
BRDA:73,6,1,0
BRDA:82,7,0,0
BRDA:82,7,1,0
BRDA:99,8,0,0
BRDA:99,8,1,0
BRDA:118,9,0,0
BRDA:118,9,1,0
BRDA:118,10,0,0
BRDA:118,10,1,0
BRDA:120,11,0,0
BRDA:120,11,1,0
BRDA:131,12,0,0
BRDA:131,12,1,0
BRDA:177,13,0,0
BRDA:177,13,1,0
BRDA:193,14,0,0
BRDA:193,14,1,0
BRDA:197,15,0,0
BRDA:197,15,1,0
BRF:32
BRH:0
end_of_record
TN:
SF:src/screens/Auth/RegisterScreen.tsx
FN:30,(anonymous_0)
FN:48,(anonymous_1)
FN:83,(anonymous_2)
FN:96,(anonymous_3)
FN:110,(anonymous_4)
FN:134,(anonymous_5)
FN:198,(anonymous_6)
FN:269,(anonymous_7)
FN:294,(anonymous_8)
FN:337,(anonymous_9)
FNF:10
FNH:0
FNDA:0,(anonymous_0)
FNDA:0,(anonymous_1)
FNDA:0,(anonymous_2)
FNDA:0,(anonymous_3)
FNDA:0,(anonymous_4)
FNDA:0,(anonymous_5)
FNDA:0,(anonymous_6)
FNDA:0,(anonymous_7)
FNDA:0,(anonymous_8)
FNDA:0,(anonymous_9)
DA:30,0
DA:32,0
DA:33,0
DA:34,0
DA:35,0
DA:36,0
DA:37,0
DA:38,0
DA:39,0
DA:40,0
DA:44,0
DA:45,0
DA:48,0
DA:49,0
DA:50,0
DA:51,0
DA:54,0
DA:55,0
DA:56,0
DA:60,0
DA:61,0
DA:62,0
DA:63,0
DA:67,0
DA:68,0
DA:69,0
DA:70,0
DA:74,0
DA:75,0
DA:76,0
DA:79,0
DA:83,0
DA:84,0
DA:85,0
DA:88,0
DA:89,0
DA:92,0
DA:93,0
DA:96,0
DA:99,0
DA:102,0
DA:103,0
DA:110,0
DA:114,0
DA:118,0
DA:119,0
DA:123,0
DA:127,0
DA:129,0
DA:134,0
DA:135,0
DA:136,0
DA:139,0
DA:198,0
DA:269,0
DA:294,0
DA:337,0
DA:350,0
LF:58
LH:0
BRDA:49,0,0,0
BRDA:49,0,1,0
BRDA:49,1,0,0
BRDA:49,1,1,0
BRDA:49,1,2,0
BRDA:49,1,3,0
BRDA:49,1,4,0
BRDA:54,2,0,0
BRDA:54,2,1,0
BRDA:61,3,0,0
BRDA:61,3,1,0
BRDA:68,4,0,0
BRDA:68,4,1,0
BRDA:74,5,0,0
BRDA:74,5,1,0
BRDA:84,6,0,0
BRDA:84,6,1,0
BRDA:99,7,0,0
BRDA:99,7,1,0
BRDA:102,8,0,0
BRDA:102,8,1,0
BRDA:118,9,0,0
BRDA:118,9,1,0
BRDA:127,10,0,0
BRDA:127,10,1,0
BRDA:143,11,0,0
BRDA:143,11,1,0
BRDA:162,12,0,0
BRDA:162,12,1,0
BRDA:201,13,0,0
BRDA:201,13,1,0
BRDA:282,14,0,0
BRDA:282,14,1,0
BRDA:312,15,0,0
BRDA:312,15,1,0
BRDA:323,16,0,0
BRDA:323,16,1,0
BRDA:327,17,0,0
BRDA:327,17,1,0
BRF:39
BRH:0
end_of_record
TN:
SF:src/screens/Auth/ResetPasswordScreen.tsx
FN:33,(anonymous_0)
FN:54,(anonymous_1)
FN:102,(anonymous_2)
FN:109,(anonymous_3)
FN:117,(anonymous_4)
FN:121,(anonymous_5)
FN:125,(anonymous_6)
FN:130,(anonymous_7)
FN:143,(anonymous_8)
FN:148,(anonymous_9)
FN:151,(anonymous_10)
FN:156,(anonymous_11)
FN:162,(anonymous_12)
FN:169,(anonymous_13)
FN:176,(anonymous_14)
FN:178,(anonymous_15)
FN:186,(anonymous_16)
FN:195,(anonymous_17)
FN:218,(anonymous_18)
FN:241,(anonymous_19)
FN:254,(anonymous_20)
FN:259,(anonymous_21)
FNF:22
FNH:0
FNDA:0,(anonymous_0)
FNDA:0,(anonymous_1)
FNDA:0,(anonymous_2)
FNDA:0,(anonymous_3)
FNDA:0,(anonymous_4)
FNDA:0,(anonymous_5)
FNDA:0,(anonymous_6)
FNDA:0,(anonymous_7)
FNDA:0,(anonymous_8)
FNDA:0,(anonymous_9)
FNDA:0,(anonymous_10)
FNDA:0,(anonymous_11)
FNDA:0,(anonymous_12)
FNDA:0,(anonymous_13)
FNDA:0,(anonymous_14)
FNDA:0,(anonymous_15)
FNDA:0,(anonymous_16)
FNDA:0,(anonymous_17)
FNDA:0,(anonymous_18)
FNDA:0,(anonymous_19)
FNDA:0,(anonymous_20)
FNDA:0,(anonymous_21)
DA:33,0
DA:35,0
DA:36,0
DA:37,0
DA:38,0
DA:39,0
DA:40,0
DA:42,0
DA:45,0
DA:54,0
DA:55,0
DA:58,0
DA:60,0
DA:63,0
DA:64,0
DA:67,0
DA:68,0
DA:70,0
DA:71,0
DA:72,0
DA:75,0
DA:79,0
DA:80,0
DA:81,0
DA:82,0
DA:83,0
DA:87,0
DA:88,0
DA:89,0
DA:92,0
DA:93,0
DA:95,0
DA:98,0
DA:102,0
DA:103,0
DA:104,0
DA:105,0
DA:108,0
DA:109,0
DA:111,0
DA:112,0
DA:113,0
DA:114,0
DA:115,0
DA:116,0
DA:117,0
DA:119,0
DA:120,0
DA:121,0
DA:124,0
DA:125,0
DA:130,0
DA:131,0
DA:132,0
DA:136,0
DA:137,0
DA:140,0
DA:141,0
DA:142,0
DA:143,0
DA:144,0
DA:148,0
DA:149,0
DA:150,0
DA:151,0
DA:154,0
DA:155,0
DA:156,0
DA:158,0
DA:160,0
DA:161,0
DA:162,0
DA:166,0
DA:169,0
DA:170,0
DA:171,0
DA:176,0
DA:177,0
DA:178,0
DA:179,0
DA:183,0
DA:186,0
DA:187,0
DA:188,0
DA:189,0
DA:190,0
DA:195,0
DA:197,0
DA:199,0
DA:200,0
DA:201,0
DA:204,0
DA:205,0
DA:206,0
DA:209,0
DA:210,0
DA:211,0
DA:214,0
DA:218,0
DA:219,0
DA:220,0
DA:223,0
DA:224,0
DA:225,0
DA:228,0
DA:229,0
DA:230,0
DA:233,0
DA:235,0
DA:238,0
DA:241,0
DA:244,0
DA:245,0
DA:247,0
DA:248,0
DA:254,0
DA:255,0
DA:259,0
DA:260,0
DA:263,0
DA:397,0
LF:121
LH:0
BRDA:63,0,0,0
BRDA:63,0,1,0
BRDA:70,1,0,0
BRDA:70,1,1,0
BRDA:81,2,0,0
BRDA:81,2,1,0
BRDA:89,3,0,0
BRDA:89,3,1,0
BRDA:92,4,0,0
BRDA:92,4,1,0
BRDA:103,5,0,0
BRDA:103,5,1,0
BRDA:111,6,0,0
BRDA:111,6,1,0
BRDA:113,7,0,0
BRDA:113,7,1,0
BRDA:136,8,0,0
BRDA:136,8,1,0
BRDA:140,9,0,0
BRDA:140,9,1,0
BRDA:156,10,0,0
BRDA:156,10,1,0
BRDA:162,11,0,0
BRDA:162,11,1,0
BRDA:170,12,0,0
BRDA:170,12,1,0
BRDA:170,13,0,0
BRDA:170,13,1,0
BRDA:199,14,0,0
BRDA:199,14,1,0
BRDA:204,15,0,0
BRDA:204,15,1,0
BRDA:209,16,0,0
BRDA:209,16,1,0
BRDA:219,17,0,0
BRDA:219,17,1,0
BRDA:223,18,0,0
BRDA:223,18,1,0
BRDA:245,19,0,0
BRDA:245,19,1,0
BRDA:247,20,0,0
BRDA:247,20,1,0
BRDA:267,21,0,0
BRDA:267,21,1,0
BRDA:295,22,0,0
BRDA:295,22,1,0
BRDA:301,23,0,0
BRDA:301,23,1,0
BRDA:301,24,0,0
BRDA:301,24,1,0
BRDA:301,24,2,0
BRDA:326,25,0,0
BRDA:326,25,1,0
BRDA:341,26,0,0
BRDA:341,26,1,0
BRDA:348,27,0,0
BRDA:348,27,1,0
BRDA:348,27,2,0
BRDA:351,28,0,0
BRDA:351,28,1,0
BRDA:353,29,0,0
BRDA:353,29,1,0
BRDA:371,30,0,0
BRDA:371,30,1,0
BRDA:374,31,0,0
BRDA:374,31,1,0
BRDA:550,32,0,0
BRDA:550,32,1,0
BRF:68
BRH:0
end_of_record
TN:
SF:src/screens/Auth/index.ts
FNF:0
FNH:0
LF:0
LH:0
BRF:0
BRH:0
end_of_record
TN:
SF:src/screens/Badges/BadgesScreen.tsx
FN:12,(anonymous_0)
FN:46,(anonymous_1)
FNF:2
FNH:0
FNDA:0,(anonymous_0)
FNDA:0,(anonymous_1)
DA:12,0
DA:14,0
DA:46,0
DA:53,0
DA:74,0
DA:129,0
LF:6
LH:0
BRF:0
BRH:0
end_of_record
TN:
SF:src/screens/Badges/index.ts
FNF:0
FNH:0
LF:0
LH:0
BRF:0
BRH:0
end_of_record
TN:
SF:src/screens/Collection/CollectionScreen.tsx
FN:32,(anonymous_0)
FN:66,(anonymous_1)
FN:72,(anonymous_2)
FN:78,(anonymous_3)
FN:99,(anonymous_4)
FN:120,(anonymous_5)
FN:170,(anonymous_6)
FN:189,(anonymous_7)
FN:213,(anonymous_8)
FN:247,(anonymous_9)
FN:262,(anonymous_10)
FN:311,(anonymous_11)
FN:324,(anonymous_12)
FN:337,(anonymous_13)
FN:377,(anonymous_14)
FN:412,(anonymous_15)
FN:446,(anonymous_16)
FNF:17
FNH:0
FNDA:0,(anonymous_0)
FNDA:0,(anonymous_1)
FNDA:0,(anonymous_2)
FNDA:0,(anonymous_3)
FNDA:0,(anonymous_4)
FNDA:0,(anonymous_5)
FNDA:0,(anonymous_6)
FNDA:0,(anonymous_7)
FNDA:0,(anonymous_8)
FNDA:0,(anonymous_9)
FNDA:0,(anonymous_10)
FNDA:0,(anonymous_11)
FNDA:0,(anonymous_12)
FNDA:0,(anonymous_13)
FNDA:0,(anonymous_14)
FNDA:0,(anonymous_15)
FNDA:0,(anonymous_16)
DA:30,0
DA:32,0
DA:34,0
DA:39,0
DA:40,0
DA:43,0
DA:44,0
DA:45,0
DA:48,0
DA:49,0
DA:50,0
DA:51,0
DA:52,0
DA:55,0
DA:56,0
DA:57,0
DA:61,0
DA:66,0
DA:68,0
DA:72,0
DA:74,0
DA:78,0
DA:79,0
DA:80,0
DA:81,0
DA:83,0
DA:85,0
DA:90,0
DA:91,0
DA:92,0
DA:94,0
DA:95,0
DA:99,0
DA:100,0
DA:103,0
DA:105,0
DA:106,0
DA:108,0
DA:109,0
DA:112,0
DA:113,0
DA:114,0
DA:116,0
DA:120,0
DA:121,0
DA:122,0
DA:124,0
DA:125,0
DA:128,0
DA:131,0
DA:133,0
DA:141,0
DA:150,0
DA:151,0
DA:155,0
DA:156,0
DA:157,0
DA:160,0
DA:162,0
DA:163,0
DA:164,0
DA:166,0
DA:170,0
DA:171,0
DA:172,0
DA:173,0
DA:175,0
DA:177,0
DA:182,0
DA:183,0
DA:184,0
DA:185,0
DA:189,0
DA:190,0
DA:193,0
DA:195,0
DA:203,0
DA:206,0
DA:207,0
DA:209,0
DA:213,0
DA:214,0
DA:215,0
DA:216,0
DA:218,0
DA:220,0
DA:228,0
DA:229,0
DA:230,0
DA:231,0
DA:232,0
DA:233,0
DA:235,0
DA:238,0
DA:239,0
DA:240,0
DA:242,0
DA:246,0
DA:249,0
DA:250,0
DA:253,0
DA:255,0
DA:256,0
DA:262,0
DA:263,0
DA:311,0
DA:312,0
DA:324,0
DA:325,0
DA:337,0
DA:339,0
DA:342,0
DA:377,0
DA:411,0
DA:414,0
DA:418,0
DA:419,0
DA:429,0
DA:434,0
DA:446,0
DA:456,0
LF:121
LH:0
BRDA:40,0,0,0
BRDA:40,0,1,0
BRDA:61,1,0,0
BRDA:61,1,1,0
BRDA:61,2,0,0
BRDA:61,2,1,0
BRDA:74,3,0,0
BRDA:74,3,1,0
BRDA:74,3,2,0
BRDA:79,4,0,0
BRDA:79,4,1,0
BRDA:90,5,0,0
BRDA:90,5,1,0
BRDA:100,6,0,0
BRDA:100,6,1,0
BRDA:103,7,0,0
BRDA:103,7,1,0
BRDA:121,8,0,0
BRDA:121,8,1,0
BRDA:131,9,0,0
BRDA:131,9,1,0
BRDA:150,10,0,0
BRDA:150,10,1,0
BRDA:155,11,0,0
BRDA:155,11,1,0
BRDA:171,12,0,0
BRDA:171,12,1,0
BRDA:182,13,0,0
BRDA:182,13,1,0
BRDA:184,14,0,0
BRDA:184,14,1,0
BRDA:190,15,0,0
BRDA:190,15,1,0
BRDA:193,16,0,0
BRDA:193,16,1,0
BRDA:198,17,0,0
BRDA:198,17,1,0
BRDA:207,18,0,0
BRDA:207,18,1,0
BRDA:214,19,0,0
BRDA:214,19,1,0
BRDA:228,20,0,0
BRDA:228,20,1,0
BRDA:230,21,0,0
BRDA:230,21,1,0
BRDA:232,22,0,0
BRDA:232,22,1,0
BRDA:239,23,0,0
BRDA:239,23,1,0
BRDA:249,24,0,0
BRDA:249,24,1,0
BRDA:250,25,0,0
BRDA:250,25,1,0
BRDA:250,26,0,0
BRDA:250,26,1,0
BRDA:250,26,2,0
BRDA:266,27,0,0
BRDA:266,27,1,0
BRDA:271,28,0,0
BRDA:271,28,1,0
BRDA:295,29,0,0
BRDA:295,29,1,0
BRDA:299,30,0,0
BRDA:299,30,1,0
BRDA:339,31,0,0
BRDA:339,31,1,0
BRDA:345,32,0,0
BRDA:345,32,1,0
BRDA:345,32,2,0
BRDA:345,32,3,0
BRDA:351,33,0,0
BRDA:351,33,1,0
BRDA:367,34,0,0
BRDA:367,34,1,0
BRDA:370,35,0,0
BRDA:370,35,1,0
BRDA:370,35,2,0
BRDA:376,36,0,0
BRDA:376,36,1,0
BRDA:378,37,0,0
BRDA:378,37,1,0
BRDA:382,38,0,0
BRDA:382,38,1,0
BRDA:382,38,2,0
BRDA:414,39,0,0
BRDA:414,39,1,0
BRDA:418,40,0,0
BRDA:418,40,1,0
BRDA:418,41,0,0
BRDA:418,41,1,0
BRF:90
BRH:0
end_of_record
TN:
SF:src/screens/Collection/index.ts
FNF:0
FNH:0
LF:0
LH:0
BRF:0
BRH:0
end_of_record
TN:
SF:src/screens/Dealer/DealerProfileScreen.tsx
FN:34,(anonymous_0)
FN:48,(anonymous_1)
FN:64,(anonymous_2)
FN:65,(anonymous_3)
FN:91,(anonymous_4)
FN:114,(anonymous_5)
FN:136,(anonymous_6)
FN:286,(anonymous_7)
FN:300,(anonymous_8)
FNF:9
FNH:0
FNDA:0,(anonymous_0)
FNDA:0,(anonymous_1)
FNDA:0,(anonymous_2)
FNDA:0,(anonymous_3)
FNDA:0,(anonymous_4)
FNDA:0,(anonymous_5)
FNDA:0,(anonymous_6)
FNDA:0,(anonymous_7)
FNDA:0,(anonymous_8)
DA:34,0
DA:35,0
DA:41,0
DA:42,0
DA:48,0
DA:51,0
DA:54,0
DA:56,0
DA:57,0
DA:58,0
DA:60,0
DA:61,0
DA:64,0
DA:65,0
DA:69,0
DA:70,0
DA:71,0
DA:72,0
DA:79,0
DA:80,0
DA:81,0
DA:83,0
DA:85,0
DA:87,0
DA:91,0
DA:92,0
DA:93,0
DA:94,0
DA:95,0
DA:98,0
DA:99,0
DA:102,0
DA:104,0
DA:106,0
DA:110,0
DA:114,0
DA:115,0
DA:116,0
DA:122,0
DA:123,0
DA:130,0
DA:131,0
DA:136,0
DA:144,0
DA:147,0
DA:150,0
DA:152,0
DA:286,0
DA:300,0
DA:310,0
LF:50
LH:0
BRDA:41,0,0,0
BRDA:41,0,1,0
BRDA:69,1,0,0
BRDA:69,1,1,0
BRDA:69,2,0,0
BRDA:69,2,1,0
BRDA:79,3,0,0
BRDA:79,3,1,0
BRDA:98,4,0,0
BRDA:98,4,1,0
BRDA:115,5,0,0
BRDA:115,5,1,0
BRDA:117,6,0,0
BRDA:117,6,1,0
BRDA:122,7,0,0
BRDA:122,7,1,0
BRDA:130,8,0,0
BRDA:130,8,1,0
BRDA:130,9,0,0
BRDA:130,9,1,0
BRDA:133,10,0,0
BRDA:133,10,1,0
BRDA:144,11,0,0
BRDA:144,11,1,0
BRDA:155,12,0,0
BRDA:155,12,1,0
BRDA:160,13,0,0
BRDA:160,13,1,0
BRDA:166,14,0,0
BRDA:166,14,1,0
BRDA:169,15,0,0
BRDA:169,15,1,0
BRDA:170,16,0,0
BRDA:170,16,1,0
BRDA:185,17,0,0
BRDA:185,17,1,0
BRDA:191,18,0,0
BRDA:191,18,1,0
BRDA:197,19,0,0
BRDA:197,19,1,0
BRDA:203,20,0,0
BRDA:203,20,1,0
BRDA:209,21,0,0
BRDA:209,21,1,0
BRDA:213,22,0,0
BRDA:213,22,1,0
BRDA:216,23,0,0
BRDA:216,23,1,0
BRDA:218,24,0,0
BRDA:218,24,1,0
BRDA:218,25,0,0
BRDA:218,25,1,0
BRDA:219,26,0,0
BRDA:219,26,1,0
BRDA:225,27,0,0
BRDA:225,27,1,0
BRDA:225,27,2,0
BRDA:232,28,0,0
BRDA:232,28,1,0
BRDA:232,28,2,0
BRDA:239,29,0,0
BRDA:239,29,1,0
BRDA:246,30,0,0
BRDA:246,30,1,0
BRDA:246,30,2,0
BRDA:253,31,0,0
BRDA:253,31,1,0
BRDA:253,31,2,0
BRDA:260,32,0,0
BRDA:260,32,1,0
BRDA:260,33,0,0
BRDA:260,33,1,0
BRDA:267,34,0,0
BRDA:267,34,1,0
BRDA:267,35,0,0
BRDA:267,35,1,0
BRDA:283,36,0,0
BRDA:283,36,1,0
BRF:78
BRH:0
end_of_record
TN:
SF:src/screens/Dealer/ShowParticipationScreen.tsx
FN:73,(anonymous_0)
FN:110,(anonymous_1)
FN:134,(anonymous_2)
FN:166,(anonymous_3)
FN:171,(anonymous_4)
FN:174,(anonymous_5)
FN:179,(anonymous_6)
FN:185,(anonymous_7)
FN:197,(anonymous_8)
FN:207,(anonymous_9)
FN:217,(anonymous_10)
FN:223,(anonymous_11)
FN:240,(anonymous_12)
FN:258,(anonymous_13)
FN:259,(anonymous_14)
FN:263,(anonymous_15)
FN:264,(anonymous_16)
FN:279,(anonymous_17)
FN:280,(anonymous_18)
FN:295,(anonymous_19)
FN:328,(anonymous_20)
FN:363,(anonymous_21)
FN:374,(anonymous_22)
FN:396,(anonymous_23)
FN:439,(anonymous_24)
FN:449,(anonymous_25)
FN:516,(anonymous_26)
FN:524,(anonymous_27)
FN:534,(anonymous_28)
FN:547,(anonymous_29)
FN:563,(anonymous_30)
FN:572,(anonymous_31)
FN:592,(anonymous_32)
FN:605,(anonymous_33)
FN:618,(anonymous_34)
FN:641,(anonymous_35)
FN:649,(anonymous_36)
FN:676,(anonymous_37)
FN:693,(anonymous_38)
FN:703,(anonymous_39)
FN:710,(anonymous_40)
FN:728,(anonymous_41)
FN:736,(anonymous_42)
FN:743,(anonymous_43)
FN:761,(anonymous_44)
FN:773,(anonymous_45)
FN:780,(anonymous_46)
FN:798,(anonymous_47)
FN:808,(anonymous_48)
FN:831,(anonymous_49)
FN:839,(anonymous_50)
FN:863,(anonymous_51)
FN:873,(anonymous_52)
FN:880,(anonymous_53)
FN:898,(anonymous_54)
FN:906,(anonymous_55)
FN:913,(anonymous_56)
FN:931,(anonymous_57)
FN:943,(anonymous_58)
FN:950,(anonymous_59)
FN:968,(anonymous_60)
FN:978,(anonymous_61)
FNF:62
FNH:0
FNDA:0,(anonymous_0)
FNDA:0,(anonymous_1)
FNDA:0,(anonymous_2)
FNDA:0,(anonymous_3)
FNDA:0,(anonymous_4)
FNDA:0,(anonymous_5)
FNDA:0,(anonymous_6)
FNDA:0,(anonymous_7)
FNDA:0,(anonymous_8)
FNDA:0,(anonymous_9)
FNDA:0,(anonymous_10)
FNDA:0,(anonymous_11)
FNDA:0,(anonymous_12)
FNDA:0,(anonymous_13)
FNDA:0,(anonymous_14)
FNDA:0,(anonymous_15)
FNDA:0,(anonymous_16)
FNDA:0,(anonymous_17)
FNDA:0,(anonymous_18)
FNDA:0,(anonymous_19)
FNDA:0,(anonymous_20)
FNDA:0,(anonymous_21)
FNDA:0,(anonymous_22)
FNDA:0,(anonymous_23)
FNDA:0,(anonymous_24)
FNDA:0,(anonymous_25)
FNDA:0,(anonymous_26)
FNDA:0,(anonymous_27)
FNDA:0,(anonymous_28)
FNDA:0,(anonymous_29)
FNDA:0,(anonymous_30)
FNDA:0,(anonymous_31)
FNDA:0,(anonymous_32)
FNDA:0,(anonymous_33)
FNDA:0,(anonymous_34)
FNDA:0,(anonymous_35)
FNDA:0,(anonymous_36)
FNDA:0,(anonymous_37)
FNDA:0,(anonymous_38)
FNDA:0,(anonymous_39)
FNDA:0,(anonymous_40)
FNDA:0,(anonymous_41)
FNDA:0,(anonymous_42)
FNDA:0,(anonymous_43)
FNDA:0,(anonymous_44)
FNDA:0,(anonymous_45)
FNDA:0,(anonymous_46)
FNDA:0,(anonymous_47)
FNDA:0,(anonymous_48)
FNDA:0,(anonymous_49)
FNDA:0,(anonymous_50)
FNDA:0,(anonymous_51)
FNDA:0,(anonymous_52)
FNDA:0,(anonymous_53)
FNDA:0,(anonymous_54)
FNDA:0,(anonymous_55)
FNDA:0,(anonymous_56)
FNDA:0,(anonymous_57)
FNDA:0,(anonymous_58)
FNDA:0,(anonymous_59)
FNDA:0,(anonymous_60)
FNDA:0,(anonymous_61)
DA:32,0
DA:52,0
DA:67,0
DA:73,0
DA:74,0
DA:75,0
DA:76,0
DA:79,0
DA:82,0
DA:83,0
DA:84,0
DA:85,0
DA:86,0
DA:89,0
DA:90,0
DA:93,0
DA:94,0
DA:97,0
DA:110,0
DA:111,0
DA:113,0
DA:114,0
DA:115,0
DA:117,0
DA:119,0
[...]
BRDA:171,16,1,0
BRDA:178,17,0,0
BRDA:178,17,1,0
BRDA:190,18,0,0
BRDA:205,19,0,0
BRDA:222,20,0,0
BRDA:222,20,1,0
BRDA:232,21,0,0
BRDA:232,21,1,0
BRDA:261,22,0,0
BRDA:261,22,1,0
BRDA:273,23,0,0
BRDA:273,23,1,0
BRDA:285,24,0,0
BRDA:295,25,0,0
BRDA:295,25,1,0
BRDA:300,26,0,0
BRDA:300,26,1,0
BRDA:309,27,0,0
BRDA:309,27,1,0
BRDA:320,28,0,0
BRDA:320,28,1,0
BRDA:326,29,0,0
BRDA:326,29,1,0
BRDA:336,30,0,0
BRDA:336,30,1,0
BRDA:348,31,0,0
BRDA:348,31,1,0
BRDA:349,32,0,0
BRDA:349,32,1,0
BRDA:350,33,0,0
BRDA:350,33,1,0
BRDA:364,34,0,0
BRDA:364,34,1,0
BRDA:370,35,0,0
BRDA:370,35,1,0
BRDA:405,36,0,0
BRDA:405,36,1,0
BRDA:427,37,0,0
BRDA:427,37,1,0
BRDA:445,38,0,0
BRDA:445,38,1,0
BRDA:446,39,0,0
BRDA:446,39,1,0
BRF:76
BRH:0
end_of_record
TN:
SF:src/services/stripePaymentService.ts
FN:56,(anonymous_0)
FN:75,(anonymous_1)
FN:81,(anonymous_2)
FN:184,(anonymous_3)
FN:240,(anonymous_4)
FN:268,(anonymous_5)
FNF:6
FNH:0
FNDA:0,(anonymous_0)
FNDA:0,(anonymous_1)
FNDA:0,(anonymous_2)
FNDA:0,(anonymous_3)
FNDA:0,(anonymous_4)
FNDA:0,(anonymous_5)
DA:46,0
DA:47,0
DA:56,0
DA:57,0
DA:58,0
DA:59,0
DA:62,0
DA:75,0
DA:81,0
DA:82,0
DA:83,0
DA:86,0
DA:94,0
DA:96,0
DA:98,0
DA:113,0
DA:114,0
DA:115,0
DA:118,0
DA:121,0
DA:130,0
DA:131,0
DA:132,0
DA:141,0
DA:145,0
DA:147,0
DA:149,0
DA:150,0
DA:152,0
DA:153,0
DA:162,0
DA:166,0
DA:168,0
DA:171,0
DA:172,0
DA:184,0
DA:189,0
DA:198,0
DA:201,0
DA:204,0
DA:207,0
DA:217,0
DA:221,0
DA:240,0
DA:245,0
DA:257,0
DA:258,0
DA:259,0
DA:268,0
DA:269,0
DA:271,0
DA:272,0
LF:52
LH:0
BRDA:57,0,0,0
BRDA:57,0,1,0
BRDA:82,1,0,0
BRDA:82,1,1,0
BRDA:103,2,0,0
BRDA:103,2,1,0
BRDA:113,3,0,0
BRDA:113,3,1,0
BRDA:115,4,0,0
BRDA:115,4,1,0
BRDA:130,5,0,0
BRDA:130,5,1,0
BRDA:147,6,0,0
BRDA:147,6,1,0
BRDA:149,7,0,0
BRDA:149,7,1,0
BRDA:172,8,0,0
BRDA:172,8,1,0
BRDA:201,9,0,0
BRDA:201,9,1,0
BRDA:257,10,0,0
BRDA:257,10,1,0
BRDA:271,11,0,0
BRDA:271,11,1,0
BRF:24
BRH:0
end_of_record
TN:
SF:src/services/subscriptionService.ts
FN:29,(anonymous_0)
FN:52,(anonymous_1)
FN:76,(anonymous_2)
FN:99,(anonymous_3)
FN:117,(anonymous_4)
FN:137,(anonymous_5)
FN:169,(anonymous_6)
FN:179,(anonymous_7)
FN:279,(anonymous_8)
FN:292,(anonymous_9)
FN:341,(anonymous_10)
FN:399,(anonymous_11)
FN:406,(anonymous_12)
FN:414,(anonymous_13)
FN:431,(anonymous_14)
FN:445,(anonymous_15)
FNF:16
FNH:0
FNDA:0,(anonymous_0)
FNDA:0,(anonymous_1)
FNDA:0,(anonymous_2)
FNDA:0,(anonymous_3)
FNDA:0,(anonymous_4)
FNDA:0,(anonymous_5)
FNDA:0,(anonymous_6)
FNDA:0,(anonymous_7)
FNDA:0,(anonymous_8)
FNDA:0,(anonymous_9)
FNDA:0,(anonymous_10)
FNDA:0,(anonymous_11)
FNDA:0,(anonymous_12)
FNDA:0,(anonymous_13)
FNDA:0,(anonymous_14)
FNDA:0,(anonymous_15)
DA:29,0
DA:30,0
DA:33,0
DA:36,0
DA:39,0
DA:40,0
DA:41,0
DA:44,0
DA:52,0
DA:53,0
DA:56,0
DA:61,0
DA:62,0
DA:63,0
DA:64,0
DA:68,0
DA:76,0
DA:77,0
DA:78,0
DA:81,0
DA:82,0
DA:83,0
DA:86,0
DA:88,0
DA:89,0
DA:91,0
DA:99,0
DA:100,0
DA:102,0
DA:104,0
DA:105,0
DA:106,0
DA:109,0
DA:117,0
DA:127,0
DA:128,0
DA:132,0
DA:137,0
DA:138,0
DA:142,0
DA:145,0
DA:148,0
DA:169,0
DA:177,0
DA:179,0
DA:180,0
DA:181,0
DA:190,0
DA:192,0
DA:199,0
DA:200,0
DA:210,0
DA:217,0
DA:218,0
DA:221,0
DA:234,0
DA:237,0
DA:240,0
DA:251,0
DA:252,0
DA:253,0
DA:259,0
DA:265,0
DA:266,0
DA:279,0
DA:284,0
DA:292,0
DA:295,0
DA:297,0
DA:303,0
DA:304,0
DA:309,0
DA:320,0
DA:321,0
DA:324,0
DA:326,0
DA:327,0
DA:341,0
DA:344,0
DA:346,0
DA:352,0
DA:353,0
DA:357,0
DA:362,0
DA:366,0
DA:367,0
DA:368,0
DA:370,0
DA:372,0
DA:381,0
DA:382,0
DA:387,0
DA:389,0
DA:390,0
DA:399,0
DA:402,0
DA:406,0
DA:414,0
DA:415,0
DA:417,0
DA:419,0
DA:431,0
DA:432,0
DA:435,0
DA:437,0
DA:445,0
DA:446,0
DA:448,0
LF:108
LH:0
BRDA:30,0,0,0
BRDA:30,0,1,0
BRDA:33,1,0,0
BRDA:33,1,1,0
BRDA:36,2,0,0
BRDA:36,2,1,0
BRDA:39,3,0,0
BRDA:39,3,1,0
BRDA:53,4,0,0
BRDA:53,4,1,0
BRDA:53,5,0,0
BRDA:53,5,1,0
BRDA:56,6,0,0
BRDA:56,6,1,0
BRDA:61,7,0,0
BRDA:61,7,1,0
BRDA:61,8,0,0
BRDA:61,8,1,0
BRDA:63,9,0,0
BRDA:63,9,1,0
BRDA:63,10,0,0
BRDA:63,10,1,0
BRDA:77,11,0,0
BRDA:77,11,1,0
BRDA:77,12,0,0
BRDA:77,12,1,0
BRDA:86,13,0,0
BRDA:86,13,1,0
BRDA:100,14,0,0
BRDA:100,14,1,0
BRDA:100,15,0,0
BRDA:100,15,1,0
BRDA:102,16,0,0
BRDA:102,16,1,0
BRDA:104,17,0,0
BRDA:104,17,1,0
BRDA:127,18,0,0
BRDA:127,18,1,0
BRDA:127,19,0,0
BRDA:127,19,1,0
BRDA:132,20,0,0
BRDA:132,20,1,0
BRDA:137,21,0,0
BRDA:137,21,1,0
BRDA:138,22,0,0
BRDA:138,22,1,0
BRDA:145,23,0,0
BRDA:145,23,1,0
BRDA:145,23,2,0
BRDA:151,24,0,0
BRDA:151,24,1,0
BRDA:180,25,0,0
BRDA:180,25,1,0
BRDA:190,26,0,0
BRDA:190,26,1,0
BRDA:199,27,0,0
BRDA:199,27,1,0
BRDA:202,28,0,0
BRDA:202,28,1,0
BRDA:217,29,0,0
BRDA:217,29,1,0
BRDA:224,30,0,0
BRDA:224,30,1,0
BRDA:251,31,0,0
BRDA:251,31,1,0
BRDA:268,32,0,0
BRDA:268,32,1,0
BRDA:303,33,0,0
BRDA:303,33,1,0
BRDA:315,34,0,0
BRDA:315,34,1,0
BRDA:320,35,0,0
BRDA:320,35,1,0
BRDA:329,36,0,0
BRDA:329,36,1,0
BRDA:352,37,0,0
BRDA:352,37,1,0
BRDA:352,38,0,0
BRDA:352,38,1,0
BRDA:357,39,0,0
BRDA:357,39,1,0
BRDA:358,40,0,0
BRDA:358,40,1,0
BRDA:358,40,2,0
BRDA:366,41,0,0
BRDA:366,41,1,0
BRDA:370,42,0,0
BRDA:370,42,1,0
BRDA:370,43,0,0
BRDA:370,43,1,0
BRDA:381,44,0,0
BRDA:381,44,1,0
BRDA:402,45,0,0
BRDA:402,45,1,0
BRDA:415,46,0,0
BRDA:415,46,1,0
BRDA:417,47,0,0
BRDA:417,47,1,0
BRDA:432,48,0,0
BRDA:432,48,1,0
BRDA:435,49,0,0
BRDA:435,49,1,0
BRDA:437,50,0,0
BRDA:437,50,1,0
BRDA:446,51,0,0
BRDA:446,51,1,0
BRDA:448,52,0,0
BRDA:448,52,1,0
BRF:108
BRH:0
end_of_record
TN:
SF:src/services/subscriptionTypes.ts
FN:131,(anonymous_0)
FNF:1
FNH:0
FNDA:0,(anonymous_0)
DA:48,0
DA:131,0
DA:132,0
DA:136,0
DA:139,0
DA:141,0
DA:142,0
DA:145,0
DA:146,0
DA:149,0
LF:10
LH:0
BRDA:139,0,0,0
BRDA:139,0,1,0
BRDA:139,0,2,0
BRF:3
BRH:0
end_of_record
TN:
SF:src/services/supabaseAuthService.ts
FN:14,(anonymous_0)
FN:65,(anonymous_1)
FN:91,(anonymous_2)
FN:179,(anonymous_3)
FN:269,(anonymous_4)
FN:315,(anonymous_5)
FN:326,(anonymous_6)
FN:373,(anonymous_7)
FN:435,(anonymous_8)
FN:485,(anonymous_9)
FN:504,(anonymous_10)
FN:523,(anonymous_11)
FN:543,(anonymous_12)
FN:562,(anonymous_13)
FN:606,(anonymous_14)
FN:612,(anonymous_15)
FN:679,(anonymous_16)
FN:688,(anonymous_17)
FN:699,(anonymous_18)
FN:728,(anonymous_19)
FN:749,(anonymous_20)
FNF:21
FNH:0
FNDA:0,(anonymous_0)
FNDA:0,(anonymous_1)
FNDA:0,(anonymous_2)
FNDA:0,(anonymous_3)
FNDA:0,(anonymous_4)
FNDA:0,(anonymous_5)
FNDA:0,(anonymous_6)
FNDA:0,(anonymous_7)
FNDA:0,(anonymous_8)
FNDA:0,(anonymous_9)
FNDA:0,(anonymous_10)
FNDA:0,(anonymous_11)
FNDA:0,(anonymous_12)
FNDA:0,(anonymous_13)
FNDA:0,(anonymous_14)
FNDA:0,(anonymous_15)
FNDA:0,(anonymous_16)
FNDA:0,(anonymous_17)
FNDA:0,(anonymous_18)
FNDA:0,(anonymous_19)
FNDA:0,(anonymous_20)
DA:14,0
DA:18,0
DA:19,0
DA:23,0
DA:47,0
DA:48,0
DA:49,0
DA:50,0
DA:51,0
DA:54,0
DA:55,0
DA:56,0
DA:59,0
DA:65,0
DA:66,0
DA:91,0
DA:97,0
DA:99,0
DA:100,0
DA:103,0
DA:104,0
DA:107,0
DA:108,0
DA:112,0
DA:117,0
DA:118,0
DA:121,0
DA:122,0
DA:125,0
DA:128,0
DA:141,0
DA:144,0
DA:148,0
DA:164,0
DA:166,0
DA:167,0
DA:179,0
DA:187,0
DA:189,0
DA:190,0
DA:192,0
DA:193,0
DA:195,0
DA:196,0
DA:200,0
DA:201,0
DA:202,0
DA:204,0
DA:205,0
DA:208,0
DA:212,0
DA:219,0
DA:232,0
DA:234,0
DA:238,0
DA:239,0
DA:257,0
DA:259,0
DA:260,0
DA:269,0
DA:272,0
DA:273,0
DA:278,0
DA:279,0
DA:282,0
DA:283,0
DA:287,0
DA:293,0
DA:294,0
DA:299,0
DA:300,0
DA:304,0
DA:305,0
DA:307,0
DA:308,0
DA:315,0
DA:316,0
DA:317,0
DA:318,0
DA:326,0
DA:327,0
DA:328,0
DA:330,0
DA:331,0
DA:334,0
DA:335,0
DA:338,0
DA:341,0
DA:347,0
DA:349,0
DA:350,0
DA:353,0
DA:354,0
DA:355,0
DA:359,0
DA:361,0
DA:363,0
DA:364,0
DA:373,0
DA:374,0
DA:375,0
DA:376,0
DA:377,0
DA:380,0
DA:385,0
DA:391,0
DA:392,0
DA:393,0
DA:396,0
DA:397,0
DA:398,0
DA:405,0
DA:407,0
DA:409,0
DA:410,0
DA:414,0
DA:415,0
DA:424,0
DA:426,0
DA:427,0
DA:435,0
DA:436,0
DA:437,0
DA:439,0
DA:440,0
DA:443,0
DA:444,0
DA:447,0
DA:450,0
DA:452,0
DA:453,0
DA:457,0
DA:463,0
DA:464,0
DA:467,0
DA:468,0
DA:472,0
DA:474,0
DA:476,0
DA:477,0
DA:485,0
DA:486,0
DA:487,0
DA:491,0
DA:492,0
DA:495,0
DA:496,0
DA:504,0
DA:505,0
DA:506,0
DA:510,0
DA:511,0
DA:514,0
DA:515,0
DA:523,0
DA:524,0
DA:525,0
DA:529,0
DA:530,0
DA:533,0
DA:534,0
DA:543,0
DA:544,0
DA:545,0
DA:546,0
DA:549,0
DA:555,0
DA:556,0
DA:559,0
DA:562,0
DA:563,0
DA:564,0
DA:565,0
DA:570,0
DA:575,0
DA:576,0
DA:580,0
DA:581,0
DA:582,0
DA:589,0
DA:593,0
DA:596,0
DA:598,0
DA:599,0
DA:606,0
DA:609,0
DA:611,0
DA:613,0
DA:616,0
DA:617,0
DA:623,0
DA:627,0
DA:628,0
DA:629,0
DA:630,0
DA:633,0
DA:636,0
DA:642,0
DA:643,0
DA:646,0
DA:647,0
DA:651,0
DA:653,0
DA:660,0
DA:661,0
DA:669,0
DA:679,0
DA:688,0
DA:689,0
DA:690,0
DA:699,0
DA:703,0
DA:704,0
DA:712,0
DA:714,0
DA:715,0
DA:728,0
DA:732,0
DA:733,0
DA:737,0
DA:739,0
DA:740,0
DA:749,0
DA:753,0
DA:754,0
DA:758,0
DA:760,0
DA:761,0
LF:228
LH:0
BRDA:18,0,0,0
BRDA:18,0,1,0
BRDA:18,1,0,0
BRDA:18,1,1,0
BRDA:24,2,0,0
BRDA:24,2,1,0
BRDA:26,3,0,0
BRDA:26,3,1,0
BRDA:27,4,0,0
BRDA:27,4,1,0
BRDA:28,5,0,0
BRDA:28,5,1,0
BRDA:29,6,0,0
BRDA:29,6,1,0
BRDA:30,7,0,0
BRDA:30,7,1,0
BRDA:31,8,0,0
BRDA:31,8,1,0
BRDA:32,9,0,0
BRDA:32,9,1,0
BRDA:33,10,0,0
BRDA:33,10,1,0
BRDA:35,11,0,0
BRDA:35,11,1,0
BRDA:36,12,0,0
BRDA:36,12,1,0
BRDA:37,13,0,0
BRDA:37,13,1,0
BRDA:47,14,0,0
BRDA:47,14,1,0
BRDA:48,15,0,0
BRDA:48,15,1,0
BRDA:49,16,0,0
BRDA:49,16,1,0
BRDA:50,17,0,0
BRDA:50,17,1,0
BRDA:51,18,0,0
BRDA:51,18,1,0
BRDA:54,19,0,0
BRDA:54,19,1,0
BRDA:55,20,0,0
BRDA:55,20,1,0
BRDA:56,21,0,0
BRDA:56,21,1,0
BRDA:99,22,0,0
BRDA:99,22,1,0
BRDA:99,23,0,0
BRDA:99,23,1,0
BRDA:103,24,0,0
BRDA:103,24,1,0
BRDA:107,25,0,0
BRDA:107,25,1,0
BRDA:117,26,0,0
BRDA:117,26,1,0
BRDA:121,27,0,0
BRDA:121,27,1,0
BRDA:133,28,0,0
BRDA:133,28,1,0
BRDA:141,29,0,0
BRDA:141,29,1,0
BRDA:189,30,0,0
BRDA:189,30,1,0
BRDA:189,31,0,0
BRDA:189,31,1,0
BRDA:192,32,0,0
BRDA:192,32,1,0
BRDA:195,33,0,0
BRDA:195,33,1,0
BRDA:201,34,0,0
BRDA:201,34,1,0
BRDA:204,35,0,0
BRDA:204,35,1,0
BRDA:212,36,0,0
BRDA:212,36,1,0
BRDA:214,37,0,0
BRDA:214,37,1,0
BRDA:214,38,0,0
BRDA:214,38,1,0
BRDA:224,39,0,0
BRDA:224,39,1,0
BRDA:232,40,0,0
BRDA:232,40,1,0
BRDA:243,41,0,0
BRDA:243,41,1,0
BRDA:278,42,0,0
BRDA:278,42,1,0
BRDA:282,43,0,0
BRDA:282,43,1,0
BRDA:293,44,0,0
BRDA:293,44,1,0
BRDA:299,45,0,0
BRDA:299,45,1,0
BRDA:317,46,0,0
BRDA:317,46,1,0
BRDA:330,47,0,0
BRDA:330,47,1,0
BRDA:334,48,0,0
BRDA:334,48,1,0
BRDA:347,49,0,0
BRDA:347,49,1,0
BRDA:347,50,0,0
BRDA:347,50,1,0
BRDA:353,51,0,0
BRDA:353,51,1,0
BRDA:375,52,0,0
BRDA:375,52,1,0
BRDA:391,53,0,0
BRDA:391,53,1,0
BRDA:396,54,0,0
BRDA:396,54,1,0
BRDA:409,55,0,0
BRDA:409,55,1,0
BRDA:414,56,0,0
BRDA:414,56,1,0
BRDA:414,57,0,0
BRDA:414,57,1,0
BRDA:417,58,0,0
BRDA:417,58,1,0
BRDA:439,59,0,0
BRDA:439,59,1,0
BRDA:443,60,0,0
BRDA:443,60,1,0
BRDA:452,61,0,0
BRDA:452,61,1,0
BRDA:463,62,0,0
BRDA:463,62,1,0
BRDA:467,63,0,0
BRDA:467,63,1,0
BRDA:491,64,0,0
BRDA:491,64,1,0
BRDA:510,65,0,0
BRDA:510,65,1,0
BRDA:529,66,0,0
BRDA:529,66,1,0
BRDA:545,67,0,0
BRDA:545,67,1,0
BRDA:545,68,0,0
BRDA:545,68,1,0
BRDA:556,69,0,0
BRDA:556,69,1,0
BRDA:564,70,0,0
BRDA:564,70,1,0
BRDA:575,71,0,0
BRDA:575,71,1,0
BRDA:581,72,0,0
BRDA:581,72,1,0
BRDA:589,73,0,0
BRDA:589,73,1,0
BRDA:590,74,0,0
BRDA:590,74,1,0
BRDA:616,75,0,0
BRDA:616,75,1,0
BRDA:627,76,0,0
BRDA:627,76,1,0
BRDA:629,77,0,0
BRDA:629,77,1,0
BRDA:629,78,0,0
BRDA:629,78,1,0
BRDA:642,79,0,0
BRDA:642,79,1,0
BRDA:646,80,0,0
BRDA:646,80,1,0
BRDA:664,81,0,0
BRDA:664,81,1,0
BRDA:712,82,0,0
BRDA:712,82,1,0
BRDA:715,83,0,0
BRDA:715,83,1,0
BRDA:737,84,0,0
BRDA:737,84,1,0
BRDA:740,85,0,0
BRDA:740,85,1,0
BRDA:758,86,0,0
BRDA:758,86,1,0
BRDA:761,87,0,0
BRDA:761,87,1,0
BRF:176
BRH:0
end_of_record
TN:
SF:src/services/userRoleService.ts
FN:33,(anonymous_0)
FN:106,(anonymous_1)
FN:120,(anonymous_2)
FN:145,(anonymous_3)
FN:153,(anonymous_4)
FN:164,(anonymous_5)
FN:174,(anonymous_6)
FN:199,(anonymous_7)
FN:225,(anonymous_8)
FN:235,(anonymous_9)
FN:245,(anonymous_10)
FN:258,(anonymous_11)
FN:271,(anonymous_12)
FN:281,(anonymous_13)
FN:291,(anonymous_14)
FN:301,(anonymous_15)
FN:312,(anonymous_16)
FN:333,(anonymous_17)
FNF:18
FNH:0
FNDA:0,(anonymous_0)
FNDA:0,(anonymous_1)
FNDA:0,(anonymous_2)
FNDA:0,(anonymous_3)
FNDA:0,(anonymous_4)
FNDA:0,(anonymous_5)
FNDA:0,(anonymous_6)
FNDA:0,(anonymous_7)
FNDA:0,(anonymous_8)
FNDA:0,(anonymous_9)
FNDA:0,(anonymous_10)
FNDA:0,(anonymous_11)
FNDA:0,(anonymous_12)
FNDA:0,(anonymous_13)
FNDA:0,(anonymous_14)
FNDA:0,(anonymous_15)
FNDA:0,(anonymous_16)
FNDA:0,(anonymous_17)
DA:21,0
DA:33,0
DA:34,0
DA:35,0
DA:36,0
DA:71,0
DA:106,0
DA:107,0
DA:108,0
DA:109,0
DA:120,0
DA:124,0
DA:126,0
DA:128,0
DA:130,0
DA:136,0
DA:138,0
DA:145,0
DA:146,0
DA:147,0
DA:153,0
DA:154,0
DA:155,0
DA:164,0
DA:165,0
DA:166,0
DA:174,0
DA:175,0
DA:176,0
DA:182,0
DA:183,0
DA:184,0
DA:187,0
DA:189,0
DA:190,0
DA:199,0
DA:200,0
DA:201,0
DA:207,0
DA:208,0
DA:209,0
DA:212,0
DA:214,0
DA:215,0
DA:225,0
DA:226,0
DA:235,0
DA:236,0
DA:245,0
DA:246,0
DA:247,0
DA:249,0
DA:258,0
DA:259,0
DA:260,0
DA:262,0
DA:271,0
DA:272,0
DA:281,0
DA:282,0
DA:291,0
DA:292,0
DA:301,0
DA:302,0
DA:312,0
DA:313,0
DA:314,0
DA:318,0
DA:333,0
DA:334,0
DA:335,0
LF:71
LH:0
BRDA:34,0,0,0
BRDA:34,0,1,0
BRDA:36,1,0,0
BRDA:36,1,1,0
BRDA:107,2,0,0
BRDA:107,2,1,0
BRDA:109,3,0,0
BRDA:109,3,1,0
BRDA:124,4,0,0
BRDA:124,4,1,0
BRDA:126,5,0,0
BRDA:126,5,1,0
BRDA:126,5,2,0
BRDA:126,5,3,0
BRDA:131,6,0,0
BRDA:131,6,1,0
BRDA:131,6,2,0
BRDA:146,7,0,0
BRDA:146,7,1,0
BRDA:154,8,0,0
BRDA:154,8,1,0
BRDA:156,9,0,0
BRDA:156,9,1,0
BRDA:165,10,0,0
BRDA:165,10,1,0
BRDA:182,11,0,0
BRDA:182,11,1,0
BRDA:207,12,0,0
BRDA:207,12,1,0
BRDA:246,13,0,0
BRDA:246,13,1,0
BRDA:259,14,0,0
BRDA:259,14,1,0
BRDA:313,15,0,0
BRDA:313,15,1,0
BRF:35
BRH:0
end_of_record
TN:
SF:src/utils/coordinateUtils.ts
FN:18,(anonymous_0)
FN:73,(anonymous_1)
FNF:2
FNH:0
FNDA:0,(anonymous_0)
FNDA:0,(anonymous_1)
DA:18,0
DA:20,0
DA:21,0
DA:22,0
DA:25,0
DA:28,0
DA:30,0
DA:31,0
DA:36,0
DA:37,0
DA:43,0
DA:50,0
DA:51,0
DA:52,0
DA:56,0
DA:57,0
DA:58,0
DA:62,0
DA:73,0
DA:80,0
DA:82,0
DA:83,0
DA:86,0
DA:90,0
DA:91,0
LF:25
LH:0
BRDA:20,0,0,0
BRDA:20,0,1,0
BRDA:28,1,0,0
BRDA:28,1,1,0
BRDA:28,2,0,0
BRDA:28,2,1,0
BRDA:28,2,2,0
BRDA:28,2,3,0
BRDA:36,3,0,0
BRDA:36,3,1,0
BRDA:36,4,0,0
BRDA:36,4,1,0
BRDA:50,5,0,0
BRDA:50,5,1,0
BRDA:50,6,0,0
BRDA:50,6,1,0
BRDA:56,7,0,0
BRDA:56,7,1,0
BRDA:56,8,0,0
BRDA:56,8,1,0
BRF:20
BRH:0
end_of_record
TN:
SF:src/utils/dateUtils.ts
FN:12,(anonymous_0)
FN:38,(anonymous_1)
FN:66,(anonymous_2)
FN:92,(anonymous_3)
FNF:4
FNH:0
FNDA:0,(anonymous_0)
FNDA:0,(anonymous_1)
FNDA:0,(anonymous_2)
FNDA:0,(anonymous_3)
DA:12,0
DA:21,0
DA:23,0
DA:24,0
DA:25,0
DA:27,0
DA:28,0
DA:38,0
DA:42,0
DA:44,0
DA:45,0
DA:46,0
DA:48,0
DA:54,0
DA:55,0
DA:66,0
DA:76,0
DA:79,0
DA:80,0
DA:84,0
DA:92,0
DA:95,0
DA:98,0
DA:102,0
DA:105,0
DA:107,0
DA:116,0
DA:117,0
DA:120,0
DA:121,0
DA:122,0
DA:123,0
DA:125,0
DA:126,0
DA:130,0
DA:131,0
DA:132,0
DA:136,0
DA:137,0
DA:138,0
DA:142,0
DA:143,0
LF:42
LH:0
BRDA:14,0,0,0
BRDA:21,1,0,0
BRDA:21,1,1,0
BRDA:24,2,0,0
BRDA:24,2,1,0
BRDA:28,3,0,0
BRDA:28,3,1,0
BRDA:42,4,0,0
BRDA:42,4,1,0
BRDA:42,5,0,0
BRDA:42,5,1,0
BRDA:45,6,0,0
BRDA:45,6,1,0
BRDA:46,7,0,0
BRDA:46,7,1,0
BRDA:49,8,0,0
BRDA:49,8,1,0
BRDA:49,8,2,0
BRDA:69,9,0,0
BRDA:76,10,0,0
BRDA:76,10,1,0
BRDA:79,11,0,0
BRDA:79,11,1,0
BRDA:79,12,0,0
BRDA:79,12,1,0
BRDA:95,13,0,0
BRDA:95,13,1,0
BRDA:98,14,0,0
BRDA:98,14,1,0
BRDA:98,15,0,0
BRDA:98,15,1,0
BRDA:105,16,0,0
BRDA:105,16,1,0
BRDA:121,17,0,0
BRDA:121,17,1,0
BRDA:130,18,0,0
BRDA:130,18,1,0
BRDA:130,19,0,0
BRDA:130,19,1,0
BRDA:136,20,0,0
BRDA:136,20,1,0
BRDA:136,21,0,0
BRDA:136,21,1,0
BRDA:142,22,0,0
BRDA:142,22,1,0
BRF:45
BRH:0
end_of_record
TN:
SF:src/utils/errorUtils.ts
FN:39,useErrorHandler
FN:42,(anonymous_1)
FN:46,(anonymous_2)
FN:78,useApiCall
FN:91,(anonymous_4)
FN:110,(anonymous_5)
FN:131,showErrorAlert
FN:179,createSafeApiCall
FN:187,(anonymous_8)
FN:233,handleFormSubmission
FN:290,validateFormData
FN:298,(anonymous_11)
FN:336,handleFileUpload
FN:397,retryOperation
FN:451,(anonymous_14)
FNF:15
FNH:0
FNDA:0,useErrorHandler
FNDA:0,(anonymous_1)
FNDA:0,(anonymous_2)
FNDA:0,useApiCall
FNDA:0,(anonymous_4)
FNDA:0,(anonymous_5)
FNDA:0,showErrorAlert
FNDA:0,createSafeApiCall
FNDA:0,(anonymous_8)
FNDA:0,handleFormSubmission
FNDA:0,validateFormData
FNDA:0,(anonymous_11)
FNDA:0,handleFileUpload
FNDA:0,retryOperation
FNDA:0,(anonymous_14)
DA:40,0
DA:42,0
DA:43,0
DA:46,0
DA:47,0
DA:48,0
DA:49,0
DA:50,0
DA:53,0
DA:87,0
DA:88,0
DA:89,0
DA:91,0
DA:92,0
DA:93,0
DA:94,0
DA:95,0
DA:96,0
DA:97,0
DA:98,0
DA:100,0
DA:101,0
DA:102,0
DA:103,0
DA:104,0
DA:106,0
DA:110,0
DA:111,0
DA:112,0
DA:116,0
DA:139,0
DA:148,0
DA:150,0
DA:156,0
DA:187,0
DA:188,0
DA:189,0
DA:190,0
DA:192,0
DA:198,0
DA:200,0
DA:201,0
DA:204,0
DA:205,0
DA:208,0
DA:242,0
DA:243,0
DA:245,0
DA:246,0
DA:249,0
DA:250,0
DA:253,0
DA:255,0
DA:260,0
DA:261,0
DA:263,0
DA:264,0
DA:267,0
DA:296,0
DA:298,0
DA:299,0
DA:300,0
DA:302,0
DA:303,0
DA:304,0
DA:305,0
DA:310,0
DA:345,0
DA:346,0
DA:348,0
DA:349,0
DA:352,0
DA:354,0
DA:360,0
DA:362,0
DA:366,0
DA:368,0
DA:369,0
DA:372,0
DA:408,0
DA:409,0
DA:410,0
DA:411,0
DA:413,0
DA:414,0
DA:416,0
DA:417,0
DA:418,0
DA:419,0
DA:421,0
DA:423,0
DA:424,0
DA:430,0
DA:431,0
DA:434,0
DA:441,0
DA:442,0
DA:443,0
DA:446,0
DA:447,0
DA:451,0
DA:454,0
DA:459,0
DA:467,0
DA:468,0
LF:105
LH:0
BRDA:80,0,0,0
BRDA:111,1,0,0
BRDA:111,1,1,0
BRDA:133,2,0,0
BRDA:139,3,0,0
BRDA:139,3,1,0
BRDA:139,4,0,0
BRDA:139,4,1,0
BRDA:139,4,2,0
BRDA:151,5,0,0
BRDA:151,5,1,0
BRDA:181,6,0,0
BRDA:200,7,0,0
BRDA:200,7,1,0
BRDA:204,8,0,0
BRDA:204,8,1,0
BRDA:235,9,0,0
BRDA:245,10,0,0
BRDA:245,10,1,0
BRDA:249,11,0,0
BRDA:249,11,1,0
BRDA:263,12,0,0
BRDA:263,12,1,0
BRDA:302,13,0,0
BRDA:302,13,1,0
BRDA:304,14,0,0
BRDA:304,14,1,0
BRDA:338,15,0,0
BRDA:348,16,0,0
BRDA:348,16,1,0
BRDA:357,17,0,0
BRDA:357,17,1,0
BRDA:362,18,0,0
BRDA:362,18,1,0
BRDA:368,19,0,0
BRDA:368,19,1,0
BRDA:399,20,0,0
BRDA:408,21,0,0
BRDA:408,21,1,0
BRDA:409,22,0,0
BRDA:409,22,1,0
BRDA:410,23,0,0
BRDA:410,23,1,0
BRDA:411,24,0,0
BRDA:411,24,1,0
BRDA:423,25,0,0
BRDA:423,25,1,0
BRDA:441,26,0,0
BRDA:441,26,1,0
BRDA:446,27,0,0
BRDA:446,27,1,0
BRF:51
BRH:0
end_of_record
TN:
SF:src/utils/formatters.ts
FN:11,(anonymous_0)
FN:40,(anonymous_1)
FN:68,(anonymous_2)
FN:111,(anonymous_3)
FNF:4
FNH:0
FNDA:0,(anonymous_0)
FNDA:0,(anonymous_1)
FNDA:0,(anonymous_2)
FNDA:0,(anonymous_3)
DA:11,0
DA:12,0
DA:13,0
DA:16,0
DA:17,0
DA:20,0
DA:21,0
DA:25,0
DA:30,0
DA:31,0
DA:40,0
DA:42,0
DA:48,0
DA:52,0
DA:55,0
DA:56,0
DA:60,0
DA:68,0
DA:69,0
DA:70,0
DA:73,0
DA:78,0
DA:80,0
DA:81,0
DA:82,0
DA:83,0
DA:86,0
DA:90,0
DA:91,0
DA:95,0
DA:101,0
DA:102,0
DA:111,0
DA:113,0
DA:119,0
DA:123,0
DA:126,0
DA:127,0
DA:131,0
LF:39
LH:0
BRDA:12,0,0,0
BRDA:12,0,1,0
BRDA:20,1,0,0
BRDA:20,1,1,0
BRDA:42,2,0,0
BRDA:42,2,1,0
BRDA:43,3,0,0
BRDA:43,3,1,0
BRDA:43,3,2,0
BRDA:43,3,3,0
BRDA:43,3,4,0
BRDA:52,4,0,0
BRDA:52,4,1,0
BRDA:55,5,0,0
BRDA:55,5,1,0
BRDA:55,6,0,0
BRDA:55,6,1,0
BRDA:60,7,0,0
BRDA:60,7,1,0
BRDA:69,8,0,0
BRDA:69,8,1,0
BRDA:78,9,0,0
BRDA:78,9,1,0
BRDA:78,10,0,0
BRDA:78,10,1,0
BRDA:90,11,0,0
BRDA:90,11,1,0
BRDA:113,12,0,0
BRDA:113,12,1,0
BRDA:114,13,0,0
BRDA:114,13,1,0
BRDA:114,13,2,0
BRDA:114,13,3,0
BRDA:114,13,4,0
BRDA:123,14,0,0
BRDA:123,14,1,0
BRDA:126,15,0,0
BRDA:126,15,1,0
BRDA:126,16,0,0
BRDA:126,16,1,0
BRDA:131,17,0,0
BRDA:131,17,1,0
BRF:42
BRH:0
end_of_record
TN:
SF:src/utils/helpers.ts
FN:13,(anonymous_0)
FN:19,(anonymous_1)
FN:26,(anonymous_2)
FNF:3
FNH:0
FNDA:0,(anonymous_0)
FNDA:0,(anonymous_1)
FNDA:0,(anonymous_2)
DA:13,0
DA:17,0
DA:19,0
DA:20,0
DA:21,0
DA:26,0
DA:27,0
DA:28,0
LF:8
LH:0
BRDA:20,0,0,0
BRDA:20,0,1,0
BRF:2
BRH:0
end_of_record
TN:
SF:src/utils/polyfills.ts
FNF:0
FNH:0
LF:0
LH:0
BRF:0
BRH:0
end_of_record
TN:
SF:src/utils/toastUtils.ts
FN:24,(anonymous_0)
FN:45,(anonymous_1)
FN:66,(anonymous_2)
FN:87,(anonymous_3)
FN:110,(anonymous_4)
FN:123,(anonymous_5)
FN:138,(anonymous_6)
FN:157,(anonymous_7)
FNF:8
FNH:0
FNDA:0,(anonymous_0)
FNDA:0,(anonymous_1)
FNDA:0,(anonymous_2)
FNDA:0,(anonymous_3)
FNDA:0,(anonymous_4)
FNDA:0,(anonymous_5)
FNDA:0,(anonymous_6)
FNDA:0,(anonymous_7)
DA:11,0
DA:24,0
DA:29,0
DA:45,0
DA:50,0
DA:66,0
DA:71,0
DA:87,0
DA:92,0
DA:110,0
DA:111,0
DA:123,0
DA:124,0
DA:138,0
DA:139,0
DA:140,0
DA:146,0
DA:157,0
DA:158,0
LF:19
LH:0
BRDA:27,0,0,0
BRDA:48,1,0,0
BRDA:69,2,0,0
BRDA:90,3,0,0
BRDA:125,4,0,0
BRDA:125,4,1,0
BRDA:139,5,0,0
BRDA:139,5,1,0
BRF:8
BRH:0
end_of_record
